<?xml version="1.0" encoding="UTF-8"?>
<coverage generated="1674836023717" clover="3.2.0">
  <project timestamp="1674836023717" name="All files">
    <metrics statements="3416" coveredstatements="3298" conditionals="1411" coveredconditionals="1265" methods="384" coveredmethods="371" elements="5211" coveredelements="4934" complexity="0" loc="3416" ncloc="3416" packages="60" files="140" classes="140"/>
    <package name="constants">
      <metrics statements="114" coveredstatements="114" conditionals="68" coveredconditionals="68" methods="17" coveredmethods="17"/>
      <file name="achievementInfo.ts" path="/Users/dannymiller/code/pathology/constants/achievementInfo.ts">
        <metrics statements="3" coveredstatements="3" conditionals="0" coveredconditionals="0" methods="0" coveredmethods="0"/>
        <line num="1" count="21" type="stmt"/>
        <line num="6" count="21" type="stmt"/>
        <line num="27" count="21" type="stmt"/>
      </file>
      <file name="achievementType.ts" path="/Users/dannymiller/code/pathology/constants/achievementType.ts">
        <metrics statements="8" coveredstatements="8" conditionals="2" coveredconditionals="2" methods="1" coveredmethods="1"/>
        <line num="1" count="73" type="cond" truecount="2" falsecount="0"/>
        <line num="2" count="73" type="stmt"/>
        <line num="3" count="73" type="stmt"/>
        <line num="4" count="73" type="stmt"/>
        <line num="5" count="73" type="stmt"/>
        <line num="6" count="73" type="stmt"/>
        <line num="7" count="73" type="stmt"/>
        <line num="10" count="73" type="stmt"/>
      </file>
      <file name="dimensions.ts" path="/Users/dannymiller/code/pathology/constants/dimensions.ts">
        <metrics statements="12" coveredstatements="12" conditionals="0" coveredconditionals="0" methods="0" coveredmethods="0"/>
        <line num="1" count="73" type="stmt"/>
        <line num="2" count="73" type="stmt"/>
        <line num="3" count="73" type="stmt"/>
        <line num="4" count="73" type="stmt"/>
        <line num="5" count="73" type="stmt"/>
        <line num="6" count="73" type="stmt"/>
        <line num="7" count="73" type="stmt"/>
        <line num="8" count="73" type="stmt"/>
        <line num="9" count="73" type="stmt"/>
        <line num="10" count="73" type="stmt"/>
        <line num="11" count="73" type="stmt"/>
        <line num="12" count="73" type="stmt"/>
      </file>
      <file name="discord.ts" path="/Users/dannymiller/code/pathology/constants/discord.ts">
        <metrics statements="4" coveredstatements="4" conditionals="0" coveredconditionals="0" methods="0" coveredmethods="0"/>
        <line num="1" count="12" type="stmt"/>
        <line num="3" count="12" type="stmt"/>
        <line num="5" count="12" type="stmt"/>
        <line num="7" count="12" type="stmt"/>
      </file>
      <file name="emailDigest.ts" path="/Users/dannymiller/code/pathology/constants/emailDigest.ts">
        <metrics statements="10" coveredstatements="10" conditionals="4" coveredconditionals="4" methods="2" coveredmethods="2"/>
        <line num="1" count="73" type="cond" truecount="2" falsecount="0"/>
        <line num="2" count="73" type="stmt"/>
        <line num="3" count="73" type="stmt"/>
        <line num="4" count="73" type="stmt"/>
        <line num="5" count="73" type="stmt"/>
        <line num="6" count="73" type="stmt"/>
        <line num="9" count="73" type="cond" truecount="2" falsecount="0"/>
        <line num="10" count="73" type="stmt"/>
        <line num="11" count="73" type="stmt"/>
        <line num="12" count="73" type="stmt"/>
      </file>
      <file name="graphType.ts" path="/Users/dannymiller/code/pathology/constants/graphType.ts">
        <metrics statements="3" coveredstatements="3" conditionals="2" coveredconditionals="2" methods="1" coveredmethods="1"/>
        <line num="1" count="73" type="cond" truecount="2" falsecount="0"/>
        <line num="2" count="73" type="stmt"/>
        <line num="5" count="73" type="stmt"/>
      </file>
      <file name="levelDataType.ts" path="/Users/dannymiller/code/pathology/constants/levelDataType.ts">
        <metrics statements="33" coveredstatements="33" conditionals="52" coveredconditionals="52" methods="9" coveredmethods="9"/>
        <line num="1" count="23" type="stmt"/>
        <line num="3" count="23" type="stmt"/>
        <line num="4" count="23" type="stmt"/>
        <line num="5" count="23" type="stmt"/>
        <line num="6" count="23" type="stmt"/>
        <line num="7" count="23" type="stmt"/>
        <line num="9" count="23" type="stmt"/>
        <line num="10" count="23" type="stmt"/>
        <line num="11" count="23" type="stmt"/>
        <line num="12" count="23" type="stmt"/>
        <line num="13" count="23" type="stmt"/>
        <line num="14" count="23" type="stmt"/>
        <line num="15" count="23" type="stmt"/>
        <line num="16" count="23" type="stmt"/>
        <line num="17" count="23" type="stmt"/>
        <line num="19" count="23" type="stmt"/>
        <line num="20" count="23" type="stmt"/>
        <line num="21" count="23" type="stmt"/>
        <line num="22" count="23" type="stmt"/>
        <line num="23" count="23" type="stmt"/>
        <line num="24" count="23" type="stmt"/>
        <line num="27" count="282" type="cond" truecount="2" falsecount="0"/>
        <line num="32" count="272" type="cond" truecount="14" falsecount="0"/>
        <line num="49" count="31" type="cond" truecount="8" falsecount="0"/>
        <line num="60" count="30" type="cond" truecount="8" falsecount="0"/>
        <line num="71" count="34" type="cond" truecount="8" falsecount="0"/>
        <line num="82" count="39" type="cond" truecount="8" falsecount="0"/>
        <line num="94" count="1" type="cond" truecount="3" falsecount="0"/>
        <line num="101" count="2" type="stmt"/>
        <line num="103" count="2" type="stmt"/>
        <line num="104" count="2" type="cond" truecount="1" falsecount="0"/>
        <line num="105" count="1" type="stmt"/>
        <line num="111" count="3" type="stmt"/>
      </file>
      <file name="notificationType.ts" path="/Users/dannymiller/code/pathology/constants/notificationType.ts">
        <metrics statements="9" coveredstatements="9" conditionals="2" coveredconditionals="2" methods="1" coveredmethods="1"/>
        <line num="1" count="73" type="cond" truecount="2" falsecount="0"/>
        <line num="2" count="73" type="stmt"/>
        <line num="3" count="73" type="stmt"/>
        <line num="4" count="73" type="stmt"/>
        <line num="5" count="73" type="stmt"/>
        <line num="6" count="73" type="stmt"/>
        <line num="7" count="73" type="stmt"/>
        <line num="8" count="73" type="stmt"/>
        <line num="11" count="73" type="stmt"/>
      </file>
      <file name="role.ts" path="/Users/dannymiller/code/pathology/constants/role.ts">
        <metrics statements="5" coveredstatements="5" conditionals="2" coveredconditionals="2" methods="1" coveredmethods="1"/>
        <line num="1" count="73" type="cond" truecount="2" falsecount="0"/>
        <line num="2" count="73" type="stmt"/>
        <line num="3" count="73" type="stmt"/>
        <line num="4" count="73" type="stmt"/>
        <line num="7" count="73" type="stmt"/>
      </file>
      <file name="testId.ts" path="/Users/dannymiller/code/pathology/constants/testId.ts">
        <metrics statements="18" coveredstatements="18" conditionals="2" coveredconditionals="2" methods="1" coveredmethods="1"/>
        <line num="1" count="73" type="cond" truecount="2" falsecount="0"/>
        <line num="2" count="73" type="stmt"/>
        <line num="3" count="73" type="stmt"/>
        <line num="4" count="73" type="stmt"/>
        <line num="5" count="73" type="stmt"/>
        <line num="6" count="73" type="stmt"/>
        <line num="7" count="73" type="stmt"/>
        <line num="8" count="73" type="stmt"/>
        <line num="9" count="73" type="stmt"/>
        <line num="10" count="73" type="stmt"/>
        <line num="11" count="73" type="stmt"/>
        <line num="12" count="73" type="stmt"/>
        <line num="13" count="73" type="stmt"/>
        <line num="14" count="73" type="stmt"/>
        <line num="15" count="73" type="stmt"/>
        <line num="16" count="73" type="stmt"/>
        <line num="17" count="73" type="stmt"/>
        <line num="20" count="73" type="stmt"/>
      </file>
      <file name="theme.ts" path="/Users/dannymiller/code/pathology/constants/theme.ts">
        <metrics statements="2" coveredstatements="2" conditionals="0" coveredconditionals="0" methods="0" coveredmethods="0"/>
        <line num="1" count="73" type="stmt"/>
        <line num="9" count="73" type="stmt"/>
      </file>
      <file name="timeRange.ts" path="/Users/dannymiller/code/pathology/constants/timeRange.ts">
        <metrics statements="7" coveredstatements="7" conditionals="2" coveredconditionals="2" methods="1" coveredmethods="1"/>
        <line num="1" count="5" type="cond" truecount="2" falsecount="0"/>
        <line num="2" count="5" type="stmt"/>
        <line num="3" count="5" type="stmt"/>
        <line num="4" count="5" type="stmt"/>
        <line num="5" count="5" type="stmt"/>
        <line num="6" count="5" type="stmt"/>
        <line num="9" count="5" type="stmt"/>
      </file>
    </package>
    <package name="helpers">
      <metrics statements="424" coveredstatements="406" conditionals="248" coveredconditionals="210" methods="90" coveredmethods="83"/>
      <file name="apiWrapper.ts" path="/Users/dannymiller/code/pathology/helpers/apiWrapper.ts">
        <metrics statements="74" coveredstatements="74" conditionals="53" coveredconditionals="53" methods="19" coveredmethods="19"/>
        <line num="1" count="74" type="stmt"/>
        <line num="4" count="74" type="stmt"/>
        <line num="17" count="74" type="cond" truecount="1" falsecount="0"/>
        <line num="18" count="248" type="stmt"/>
        <line num="19" count="278" type="cond" truecount="3" falsecount="0"/>
        <line num="20" count="9" type="stmt"/>
        <line num="23" count="269" type="cond" truecount="2" falsecount="0"/>
        <line num="24" count="200" type="stmt"/>
        <line num="26" count="69" type="stmt"/>
        <line num="31" count="74" type="stmt"/>
        <line num="32" count="164" type="stmt"/>
        <line num="33" count="44" type="cond" truecount="1" falsecount="0"/>
        <line num="34" count="1" type="stmt"/>
        <line num="37" count="43" type="stmt"/>
        <line num="41" count="74" type="cond" truecount="1" falsecount="0"/>
        <line num="42" count="8" type="stmt"/>
        <line num="43" count="43" type="cond" truecount="3" falsecount="0"/>
        <line num="44" count="1" type="stmt"/>
        <line num="47" count="42" type="stmt"/>
        <line num="51" count="74" type="cond" truecount="1" falsecount="0"/>
        <line num="52" count="12" type="stmt"/>
        <line num="53" count="44" type="cond" truecount="3" falsecount="0"/>
        <line num="54" count="9" type="stmt"/>
        <line num="57" count="35" type="cond" truecount="1" falsecount="0"/>
        <line num="58" count="6" type="stmt"/>
        <line num="61" count="29" type="cond" truecount="3" falsecount="0"/>
        <line num="62" count="1" type="stmt"/>
        <line num="65" count="28" type="cond" truecount="3" falsecount="0"/>
        <line num="66" count="2" type="stmt"/>
        <line num="69" count="26" type="cond" truecount="3" falsecount="0"/>
        <line num="70" count="2" type="stmt"/>
        <line num="73" count="24" type="stmt"/>
        <line num="77" count="74" type="cond" truecount="1" falsecount="0"/>
        <line num="78" count="77" type="stmt"/>
        <line num="79" count="247" type="cond" truecount="3" falsecount="0"/>
        <line num="80" count="1" type="stmt"/>
        <line num="83" count="246" type="stmt"/>
        <line num="87" count="74" type="cond" truecount="1" falsecount="0"/>
        <line num="88" count="10" type="stmt"/>
        <line num="89" count="23" type="cond" truecount="3" falsecount="0"/>
        <line num="90" count="2" type="stmt"/>
        <line num="93" count="44" type="cond" truecount="2" falsecount="0"/>
        <line num="97" count="74" type="cond" truecount="1" falsecount="0"/>
        <line num="98" count="4" type="stmt"/>
        <line num="99" count="15" type="cond" truecount="3" falsecount="0"/>
        <line num="100" count="1" type="stmt"/>
        <line num="104" count="14" type="cond" truecount="4" falsecount="0"/>
        <line num="108" count="74" type="stmt"/>
        <line num="109" count="512" type="stmt"/>
        <line num="111" count="512" type="cond" truecount="1" falsecount="0"/>
        <line num="112" count="26" type="stmt"/>
        <line num="114" count="26" type="stmt"/>
        <line num="120" count="486" type="stmt"/>
        <line num="122" count="486" type="cond" truecount="1" falsecount="0"/>
        <line num="123" count="224" type="cond" truecount="1" falsecount="0"/>
        <line num="124" count="10" type="stmt"/>
        <line num="130" count="214" type="stmt"/>
        <line num="131" count="472" type="stmt"/>
        <line num="133" count="472" type="cond" truecount="1" falsecount="0"/>
        <line num="134" count="25" type="stmt"/>
        <line num="139" count="476" type="cond" truecount="1" falsecount="0"/>
        <line num="140" count="200" type="stmt"/>
        <line num="141" count="204" type="cond" truecount="2" falsecount="0"/>
        <line num="143" count="204" type="cond" truecount="1" falsecount="0"/>
        <line num="144" count="13" type="stmt"/>
        <line num="149" count="476" type="cond" truecount="1" falsecount="0"/>
        <line num="150" count="28" type="stmt"/>
        <line num="156" count="448" type="stmt"/>
        <line num="159" count="74" type="stmt"/>
        <line num="160" count="210" type="stmt"/>
        <line num="161" count="210" type="stmt"/>
        <line num="163" count="210" type="cond" truecount="1" falsecount="0"/>
        <line num="164" count="32" type="stmt"/>
        <line num="166" count="32" type="stmt"/>
      </file>
      <file name="dataTableCustomStyles.ts" path="/Users/dannymiller/code/pathology/helpers/dataTableCustomStyles.ts">
        <metrics statements="1" coveredstatements="1" conditionals="0" coveredconditionals="0" methods="0" coveredmethods="0"/>
        <line num="4" count="5" type="stmt"/>
      </file>
      <file name="enrich.ts" path="/Users/dannymiller/code/pathology/helpers/enrich.ts">
        <metrics statements="92" coveredstatements="91" conditionals="46" coveredconditionals="43" methods="18" coveredmethods="18"/>
        <line num="2" count="73" type="stmt"/>
        <line num="9" count="73" type="stmt"/>
        <line num="11" count="73" type="stmt"/>
        <line num="12" count="2" type="stmt"/>
        <line num="13" count="2" type="stmt"/>
        <line num="15" count="2" type="stmt"/>
        <line num="17" count="2" type="stmt"/>
        <line num="18" count="2" type="stmt"/>
        <line num="20" count="2" type="stmt"/>
        <line num="21" count="2" type="stmt"/>
        <line num="24" count="2" type="cond" truecount="1" falsecount="0"/>
        <line num="25" count="1" type="stmt"/>
        <line num="28" count="2" type="stmt"/>
        <line num="31" count="73" type="stmt"/>
        <line num="32" count="6" type="stmt"/>
        <line num="34" count="6" type="stmt"/>
        <line num="36" count="6" type="cond" truecount="1" falsecount="0"/>
        <line num="37" count="5" type="stmt"/>
        <line num="38" count="4" type="stmt"/>
        <line num="40" count="4" type="stmt"/>
        <line num="41" count="6" type="stmt"/>
        <line num="43" count="5" type="cond" truecount="3" falsecount="0"/>
        <line num="44" count="5" type="stmt"/>
        <line num="48" count="4" type="stmt"/>
        <line num="51" count="6" type="stmt"/>
        <line num="54" count="73" type="stmt"/>
        <line num="55" count="3" type="stmt"/>
        <line num="58" count="3" type="stmt"/>
        <line num="59" count="51" type="cond" truecount="1" falsecount="0"/>
        <line num="60" count="51" type="cond" truecount="1" falsecount="0"/>
        <line num="61" count="2" type="stmt"/>
        <line num="65" count="51" type="stmt"/>
        <line num="68" count="3" type="stmt"/>
        <line num="70" count="3" type="stmt"/>
        <line num="76" count="3" type="stmt"/>
        <line num="77" count="51" type="stmt"/>
        <line num="79" count="51" type="cond" truecount="1" falsecount="0"/>
        <line num="80" count="51" type="cond" truecount="1" falsecount="0"/>
        <line num="81" count="2" type="stmt"/>
        <line num="83" count="2" type="cond" truecount="1" falsecount="0"/>
        <line num="84" count="2" type="stmt"/>
        <line num="90" count="51" type="stmt"/>
        <line num="92" count="51" type="stmt"/>
        <line num="94" count="51" type="stmt"/>
        <line num="96" count="51" type="stmt"/>
        <line num="97" count="408" type="cond" truecount="3" falsecount="0"/>
        <line num="98" count="16" type="stmt"/>
        <line num="102" count="51" type="stmt"/>
        <line num="111" count="51" type="stmt"/>
        <line num="113" count="51" type="stmt"/>
        <line num="115" count="51" type="stmt"/>
        <line num="117" count="51" type="stmt"/>
        <line num="118" count="255" type="cond" truecount="3" falsecount="0"/>
        <line num="119" count="102" type="stmt"/>
        <line num="123" count="51" type="stmt"/>
        <line num="125" count="51" type="cond" truecount="1" falsecount="0"/>
        <line num="126" count="51" type="stmt"/>
        <line num="129" count="51" type="stmt"/>
        <line num="132" count="3" type="stmt"/>
        <line num="135" count="73" type="stmt"/>
        <line num="136" count="8" type="stmt"/>
        <line num="138" count="8" type="stmt"/>
        <line num="322" count="8" type="stmt"/>
        <line num="323" count="8" type="cond" truecount="3" falsecount="0"/>
        <line num="324" count="8" type="stmt"/>
        <line num="327" count="8" type="cond" truecount="1" falsecount="2"/>
        <line num="328" count="0" type="stmt"/>
        <line num="332" count="8" type="stmt"/>
        <line num="334" count="8" type="stmt"/>
        <line num="344" count="73" type="cond" truecount="2" falsecount="0"/>
        <line num="345" count="129" type="cond" truecount="1" falsecount="0"/>
        <line num="346" count="36" type="stmt"/>
        <line num="349" count="93" type="cond" truecount="1" falsecount="0"/>
        <line num="350" count="92" type="stmt"/>
        <line num="353" count="93" type="stmt"/>
        <line num="381" count="93" type="cond" truecount="2" falsecount="0"/>
        <line num="382" count="92" type="stmt"/>
        <line num="390" count="92" type="stmt"/>
        <line num="394" count="1" type="stmt"/>
        <line num="405" count="93" type="stmt"/>
        <line num="410" count="93" type="stmt"/>
        <line num="413" count="73" type="stmt"/>
        <line num="414" count="29" type="cond" truecount="1" falsecount="0"/>
        <line num="415" count="4" type="stmt"/>
        <line num="418" count="76" type="stmt"/>
        <line num="421" count="25" type="stmt"/>
        <line num="422" count="76" type="stmt"/>
        <line num="423" count="76" type="stmt"/>
        <line num="425" count="76" type="cond" truecount="4" falsecount="0"/>
        <line num="426" count="76" type="cond" truecount="4" falsecount="0"/>
        <line num="427" count="76" type="cond" truecount="4" falsecount="0"/>
        <line num="429" count="76" type="stmt"/>
      </file>
      <file name="filterSelectOptions.ts" path="/Users/dannymiller/code/pathology/helpers/filterSelectOptions.ts">
        <metrics statements="16" coveredstatements="15" conditionals="36" coveredconditionals="25" methods="6" coveredmethods="5"/>
        <line num="3" count="7" type="cond" truecount="2" falsecount="0"/>
        <line num="4" count="7" type="stmt"/>
        <line num="5" count="7" type="stmt"/>
        <line num="6" count="7" type="stmt"/>
        <line num="7" count="7" type="stmt"/>
        <line num="8" count="7" type="stmt"/>
        <line num="11" count="7" type="stmt"/>
        <line num="16" count="4" type="cond" truecount="2" falsecount="0"/>
        <line num="17" count="5" type="cond" truecount="8" falsecount="0"/>
        <line num="18" count="3" type="cond" truecount="1" falsecount="1"/>
        <line num="19" count="0" type="cond" truecount="0" falsecount="10"/>
        <line num="20" count="3" type="cond" truecount="1" falsecount="0"/>
        <line num="21" count="5" type="cond" truecount="6" falsecount="0"/>
        <line num="24" count="4" type="cond" truecount="1" falsecount="0"/>
        <line num="25" count="5" type="cond" truecount="4" falsecount="0"/>
        <line num="28" count="4" type="stmt"/>
      </file>
      <file name="generateLevelCanvas.ts" path="/Users/dannymiller/code/pathology/helpers/generateLevelCanvas.ts">
        <metrics statements="2" coveredstatements="2" conditionals="0" coveredconditionals="0" methods="0" coveredmethods="0"/>
        <line num="2" count="10" type="stmt"/>
        <line num="6" count="10" type="stmt"/>
      </file>
      <file name="generateSlug.ts" path="/Users/dannymiller/code/pathology/helpers/generateSlug.ts">
        <metrics statements="31" coveredstatements="31" conditionals="6" coveredconditionals="6" methods="5" coveredmethods="5"/>
        <line num="4" count="73" type="stmt"/>
        <line num="7" count="261" type="stmt"/>
        <line num="11" count="421" type="stmt"/>
        <line num="15" count="674" type="stmt"/>
        <line num="21" count="674" type="cond" truecount="2" falsecount="0"/>
        <line num="24" count="73" type="stmt"/>
        <line num="25" count="250" type="stmt"/>
        <line num="26" count="250" type="stmt"/>
        <line num="27" count="250" type="stmt"/>
        <line num="29" count="250" type="stmt"/>
        <line num="30" count="421" type="stmt"/>
        <line num="32" count="421" type="cond" truecount="1" falsecount="0"/>
        <line num="33" count="248" type="stmt"/>
        <line num="36" count="173" type="cond" truecount="1" falsecount="0"/>
        <line num="37" count="1" type="stmt"/>
        <line num="40" count="172" type="stmt"/>
        <line num="41" count="172" type="stmt"/>
        <line num="44" count="1" type="stmt"/>
        <line num="47" count="73" type="stmt"/>
        <line num="48" count="87" type="stmt"/>
        <line num="49" count="87" type="stmt"/>
        <line num="50" count="87" type="stmt"/>
        <line num="52" count="87" type="stmt"/>
        <line num="53" count="261" type="stmt"/>
        <line num="55" count="261" type="cond" truecount="1" falsecount="0"/>
        <line num="56" count="84" type="stmt"/>
        <line num="59" count="177" type="cond" truecount="1" falsecount="0"/>
        <line num="60" count="2" type="stmt"/>
        <line num="63" count="175" type="stmt"/>
        <line num="64" count="175" type="stmt"/>
        <line num="67" count="1" type="stmt"/>
      </file>
      <file name="getDifficultyEstimate.ts" path="/Users/dannymiller/code/pathology/helpers/getDifficultyEstimate.ts">
        <metrics statements="9" coveredstatements="9" conditionals="6" coveredconditionals="6" methods="1" coveredmethods="1"/>
        <line num="3" count="73" type="stmt"/>
        <line num="4" count="85" type="cond" truecount="4" falsecount="0"/>
        <line num="5" count="80" type="stmt"/>
        <line num="9" count="5" type="cond" truecount="2" falsecount="0"/>
        <line num="16" count="5" type="stmt"/>
        <line num="17" count="5" type="stmt"/>
        <line num="18" count="5" type="stmt"/>
        <line num="19" count="5" type="stmt"/>
        <line num="21" count="5" type="stmt"/>
      </file>
      <file name="getFormattedDate.ts" path="/Users/dannymiller/code/pathology/helpers/getFormattedDate.ts">
        <metrics statements="5" coveredstatements="5" conditionals="0" coveredconditionals="0" methods="1" coveredmethods="1"/>
        <line num="1" count="22" type="stmt"/>
        <line num="3" count="22" type="stmt"/>
        <line num="4" count="1" type="stmt"/>
        <line num="6" count="1" type="stmt"/>
        <line num="8" count="1" type="stmt"/>
      </file>
      <file name="getPngDataClient.ts" path="/Users/dannymiller/code/pathology/helpers/getPngDataClient.ts">
        <metrics statements="3" coveredstatements="3" conditionals="0" coveredconditionals="0" methods="0" coveredmethods="0"/>
        <line num="1" count="9" type="stmt"/>
        <line num="3" count="9" type="stmt"/>
        <line num="6" count="9" type="stmt"/>
      </file>
      <file name="getPngDataServer.ts" path="/Users/dannymiller/code/pathology/helpers/getPngDataServer.ts">
        <metrics statements="16" coveredstatements="16" conditionals="0" coveredconditionals="0" methods="6" coveredmethods="5"/>
        <line num="1" count="1" type="stmt"/>
        <line num="3" count="1" type="stmt"/>
        <line num="4" count="1" type="stmt"/>
        <line num="6" count="1" type="stmt"/>
        <line num="8" count="1" type="stmt"/>
        <line num="9" count="1" type="stmt"/>
        <line num="11" count="1" type="stmt"/>
        <line num="13" count="1" type="stmt"/>
        <line num="14" count="1" type="stmt"/>
        <line num="15" count="1" type="stmt"/>
        <line num="17" count="1" type="stmt"/>
        <line num="18" count="5" type="stmt"/>
        <line num="19" count="1" type="stmt"/>
        <line num="20" count="1" type="stmt"/>
        <line num="21" count="1" type="stmt"/>
        <line num="22" count="1" type="stmt"/>
      </file>
      <file name="getProfileSlug.ts" path="/Users/dannymiller/code/pathology/helpers/getProfileSlug.ts">
        <metrics statements="2" coveredstatements="2" conditionals="0" coveredconditionals="0" methods="1" coveredmethods="1"/>
        <line num="3" count="73" type="stmt"/>
        <line num="4" count="6" type="stmt"/>
      </file>
      <file name="getReviewsByUserId.ts" path="/Users/dannymiller/code/pathology/helpers/getReviewsByUserId.ts">
        <metrics statements="25" coveredstatements="25" conditionals="3" coveredconditionals="3" methods="6" coveredmethods="6"/>
        <line num="1" count="1" type="stmt"/>
        <line num="4" count="1" type="stmt"/>
        <line num="5" count="1" type="stmt"/>
        <line num="6" count="1" type="stmt"/>
        <line num="8" count="1" type="cond" truecount="2" falsecount="0"/>
        <line num="9" count="2" type="stmt"/>
        <line num="11" count="2" type="stmt"/>
        <line num="12" count="2" type="stmt"/>
        <line num="14" count="1" type="stmt"/>
        <line num="15" count="1" type="stmt"/>
        <line num="17" count="1" type="stmt"/>
        <line num="18" count="1" type="stmt"/>
        <line num="19" count="1" type="stmt"/>
        <line num="21" count="1" type="cond" truecount="1" falsecount="0"/>
        <line num="22" count="1" type="stmt"/>
        <line num="25" count="1" type="stmt"/>
        <line num="28" count="1" type="stmt"/>
        <line num="30" count="1" type="stmt"/>
        <line num="34" count="1" type="stmt"/>
        <line num="35" count="9" type="stmt"/>
        <line num="37" count="9" type="stmt"/>
        <line num="38" count="9" type="stmt"/>
        <line num="40" count="8" type="stmt"/>
        <line num="42" count="1" type="stmt"/>
        <line num="44" count="1" type="stmt"/>
      </file>
      <file name="getReviewsForUserId.ts" path="/Users/dannymiller/code/pathology/helpers/getReviewsForUserId.ts">
        <metrics statements="25" coveredstatements="25" conditionals="18" coveredconditionals="14" methods="4" coveredmethods="4"/>
        <line num="1" count="1" type="stmt"/>
        <line num="2" count="1" type="stmt"/>
        <line num="3" count="1" type="stmt"/>
        <line num="7" count="1" type="stmt"/>
        <line num="8" count="1" type="stmt"/>
        <line num="9" count="1" type="stmt"/>
        <line num="11" count="1" type="cond" truecount="2" falsecount="0"/>
        <line num="12" count="3" type="stmt"/>
        <line num="14" count="3" type="stmt"/>
        <line num="15" count="3" type="stmt"/>
        <line num="17" count="3" type="stmt"/>
        <line num="101" count="2" type="stmt"/>
        <line num="102" count="2" type="stmt"/>
        <line num="104" count="2" type="stmt"/>
        <line num="107" count="1" type="stmt"/>
        <line num="109" count="1" type="stmt"/>
        <line num="113" count="1" type="stmt"/>
        <line num="114" count="9" type="stmt"/>
        <line num="116" count="9" type="stmt"/>
        <line num="117" count="9" type="stmt"/>
        <line num="118" count="8" type="stmt"/>
        <line num="119" count="16" type="stmt"/>
        <line num="122" count="8" type="stmt"/>
        <line num="124" count="1" type="stmt"/>
        <line num="126" count="1" type="stmt"/>
      </file>
      <file name="getSWRKey.ts" path="/Users/dannymiller/code/pathology/helpers/getSWRKey.ts">
        <metrics statements="3" coveredstatements="3" conditionals="0" coveredconditionals="0" methods="1" coveredmethods="1"/>
        <line num="1" count="3" type="stmt"/>
        <line num="3" count="3" type="stmt"/>
        <line num="4" count="1" type="stmt"/>
      </file>
      <file name="getTs.ts" path="/Users/dannymiller/code/pathology/helpers/getTs.ts">
        <metrics statements="2" coveredstatements="2" conditionals="0" coveredconditionals="0" methods="1" coveredmethods="1"/>
        <line num="1" count="73" type="stmt"/>
        <line num="3" count="903" type="stmt"/>
      </file>
      <file name="getUsersFromIds.ts" path="/Users/dannymiller/code/pathology/helpers/getUsersFromIds.ts">
        <metrics statements="7" coveredstatements="4" conditionals="0" coveredconditionals="0" methods="2" coveredmethods="0"/>
        <line num="2" count="73" type="stmt"/>
        <line num="4" count="73" type="stmt"/>
        <line num="5" count="73" type="stmt"/>
        <line num="7" count="73" type="stmt"/>
        <line num="8" count="0" type="stmt"/>
        <line num="40" count="0" type="stmt"/>
        <line num="42" count="0" type="stmt"/>
      </file>
      <file name="isOnline.ts" path="/Users/dannymiller/code/pathology/helpers/isOnline.ts">
        <metrics statements="5" coveredstatements="5" conditionals="4" coveredconditionals="4" methods="1" coveredmethods="1"/>
        <line num="2" count="73" type="stmt"/>
        <line num="4" count="73" type="stmt"/>
        <line num="6" count="3" type="stmt"/>
        <line num="7" count="3" type="cond" truecount="4" falsecount="0"/>
        <line num="9" count="3" type="stmt"/>
      </file>
      <file name="isTheme.ts" path="/Users/dannymiller/code/pathology/helpers/isTheme.ts">
        <metrics statements="2" coveredstatements="1" conditionals="2" coveredconditionals="0" methods="1" coveredmethods="0"/>
        <line num="1" count="21" type="stmt"/>
        <line num="2" count="0" type="cond" truecount="0" falsecount="2"/>
      </file>
      <file name="multiplayerHelperFunctions.ts" path="/Users/dannymiller/code/pathology/helpers/multiplayerHelperFunctions.ts">
        <metrics statements="4" coveredstatements="4" conditionals="2" coveredconditionals="1" methods="1" coveredmethods="1"/>
        <line num="1" count="73" type="stmt"/>
        <line num="5" count="73" type="stmt"/>
        <line num="7" count="73" type="stmt"/>
        <line num="8" count="2" type="cond" truecount="1" falsecount="1"/>
      </file>
      <file name="naturalSort.ts" path="/Users/dannymiller/code/pathology/helpers/naturalSort.ts">
        <metrics statements="3" coveredstatements="3" conditionals="0" coveredconditionals="0" methods="2" coveredmethods="2"/>
        <line num="5" count="22" type="stmt"/>
        <line num="6" count="1" type="stmt"/>
        <line num="7" count="5" type="stmt"/>
      </file>
      <file name="notificationHelper.ts" path="/Users/dannymiller/code/pathology/helpers/notificationHelper.ts">
        <metrics statements="33" coveredstatements="30" conditionals="4" coveredconditionals="4" methods="9" coveredmethods="8"/>
        <line num="4" count="15" type="stmt"/>
        <line num="5" count="15" type="stmt"/>
        <line num="6" count="15" type="stmt"/>
        <line num="8" count="15" type="stmt"/>
        <line num="9" count="1" type="stmt"/>
        <line num="30" count="15" type="stmt"/>
        <line num="31" count="4" type="stmt"/>
        <line num="50" count="15" type="stmt"/>
        <line num="51" count="65" type="stmt"/>
        <line num="71" count="15" type="stmt"/>
        <line num="72" count="0" type="stmt"/>
        <line num="84" count="0" type="stmt"/>
        <line num="104" count="0" type="stmt"/>
        <line num="107" count="15" type="stmt"/>
        <line num="108" count="3" type="stmt"/>
        <line num="117" count="2" type="stmt"/>
        <line num="118" count="1" type="stmt"/>
        <line num="129" count="2" type="stmt"/>
        <line num="132" count="15" type="stmt"/>
        <line num="133" count="12" type="stmt"/>
        <line num="134" count="13" type="stmt"/>
        <line num="145" count="12" type="stmt"/>
        <line num="148" count="15" type="stmt"/>
        <line num="149" count="13" type="stmt"/>
        <line num="151" count="13" type="cond" truecount="1" falsecount="0"/>
        <line num="152" count="3" type="stmt"/>
        <line num="155" count="13" type="cond" truecount="1" falsecount="0"/>
        <line num="156" count="11" type="stmt"/>
        <line num="159" count="13" type="cond" truecount="1" falsecount="0"/>
        <line num="160" count="6" type="stmt"/>
        <line num="163" count="13" type="cond" truecount="1" falsecount="0"/>
        <line num="164" count="6" type="stmt"/>
        <line num="167" count="13" type="stmt"/>
      </file>
      <file name="redirectToHome.ts" path="/Users/dannymiller/code/pathology/helpers/redirectToHome.ts">
        <metrics statements="7" coveredstatements="7" conditionals="11" coveredconditionals="11" methods="1" coveredmethods="1"/>
        <line num="2" count="4" type="stmt"/>
        <line num="5" count="4" type="stmt"/>
        <line num="6" count="8" type="cond" truecount="8" falsecount="0"/>
        <line num="7" count="8" type="cond" truecount="2" falsecount="0"/>
        <line num="9" count="8" type="cond" truecount="1" falsecount="0"/>
        <line num="10" count="4" type="stmt"/>
        <line num="18" count="4" type="stmt"/>
      </file>
      <file name="redirectToLogin.ts" path="/Users/dannymiller/code/pathology/helpers/redirectToLogin.ts">
        <metrics statements="7" coveredstatements="7" conditionals="11" coveredconditionals="11" methods="1" coveredmethods="1"/>
        <line num="2" count="3" type="stmt"/>
        <line num="5" count="3" type="stmt"/>
        <line num="6" count="6" type="cond" truecount="8" falsecount="0"/>
        <line num="7" count="6" type="cond" truecount="2" falsecount="0"/>
        <line num="9" count="6" type="cond" truecount="1" falsecount="0"/>
        <line num="10" count="3" type="stmt"/>
        <line num="18" count="3" type="stmt"/>
      </file>
      <file name="revalidateLevel.ts" path="/Users/dannymiller/code/pathology/helpers/revalidateLevel.ts">
        <metrics statements="3" coveredstatements="3" conditionals="0" coveredconditionals="0" methods="1" coveredmethods="1"/>
        <line num="2" count="12" type="stmt"/>
        <line num="4" count="12" type="stmt"/>
        <line num="5" count="41" type="stmt"/>
      </file>
      <file name="sortByRating.ts" path="/Users/dannymiller/code/pathology/helpers/sortByRating.ts">
        <metrics statements="12" coveredstatements="3" conditionals="16" coveredconditionals="0" methods="1" coveredmethods="0"/>
        <line num="1" count="73" type="stmt"/>
        <line num="4" count="73" type="stmt"/>
        <line num="6" count="73" type="stmt"/>
        <line num="7" count="0" type="stmt"/>
        <line num="8" count="0" type="stmt"/>
        <line num="10" count="0" type="cond" truecount="0" falsecount="1"/>
        <line num="12" count="0" type="cond" truecount="0" falsecount="1"/>
        <line num="13" count="0" type="cond" truecount="0" falsecount="2"/>
        <line num="17" count="0" type="stmt"/>
        <line num="20" count="0" type="cond" truecount="0" falsecount="6"/>
        <line num="21" count="0" type="cond" truecount="0" falsecount="6"/>
        <line num="23" count="0" type="stmt"/>
      </file>
      <file name="validateSolution.ts" path="/Users/dannymiller/code/pathology/helpers/validateSolution.ts">
        <metrics statements="35" coveredstatements="35" conditionals="30" coveredconditionals="29" methods="1" coveredmethods="1"/>
        <line num="1" count="7" type="stmt"/>
        <line num="3" count="7" type="stmt"/>
        <line num="5" count="7" type="stmt"/>
        <line num="6" count="34" type="stmt"/>
        <line num="7" count="34" type="stmt"/>
        <line num="8" count="34" type="stmt"/>
        <line num="9" count="34" type="stmt"/>
        <line num="10" count="34" type="stmt"/>
        <line num="12" count="34" type="stmt"/>
        <line num="13" count="34" type="stmt"/>
        <line num="16" count="34" type="stmt"/>
        <line num="17" count="274" type="stmt"/>
        <line num="19" count="274" type="cond" truecount="1" falsecount="0"/>
        <line num="20" count="1" type="stmt"/>
        <line num="24" count="273" type="stmt"/>
        <line num="26" count="273" type="cond" truecount="5" falsecount="0"/>
        <line num="27" count="1" type="stmt"/>
        <line num="30" count="272" type="stmt"/>
        <line num="31" count="272" type="stmt"/>
        <line num="34" count="272" type="cond" truecount="3" falsecount="0"/>
        <line num="36" count="2" type="stmt"/>
        <line num="40" count="270" type="cond" truecount="1" falsecount="0"/>
        <line num="42" count="14" type="cond" truecount="8" falsecount="1"/>
        <line num="46" count="1" type="stmt"/>
        <line num="50" count="13" type="stmt"/>
        <line num="52" count="13" type="cond" truecount="5" falsecount="0"/>
        <line num="53" count="1" type="stmt"/>
        <line num="56" count="12" type="stmt"/>
        <line num="58" count="12" type="cond" truecount="4" falsecount="0"/>
        <line num="60" count="1" type="stmt"/>
        <line num="61" count="11" type="cond" truecount="2" falsecount="0"/>
        <line num="62" count="8" type="stmt"/>
        <line num="64" count="3" type="stmt"/>
        <line num="68" count="11" type="stmt"/>
        <line num="72" count="27" type="stmt"/>
      </file>
    </package>
    <package name="lib">
      <metrics statements="196" coveredstatements="186" conditionals="57" coveredconditionals="48" methods="25" coveredmethods="25"/>
      <file name="appSocketToClient.ts" path="/Users/dannymiller/code/pathology/lib/appSocketToClient.ts">
        <metrics statements="34" coveredstatements="24" conditionals="6" coveredconditionals="0" methods="6" coveredmethods="6"/>
        <line num="1" count="73" type="stmt"/>
        <line num="4" count="73" type="stmt"/>
        <line num="5" count="73" type="stmt"/>
        <line num="7" count="73" type="stmt"/>
        <line num="8" count="71" type="cond" truecount="0" falsecount="1"/>
        <line num="9" count="0" type="stmt"/>
        <line num="11" count="0" type="stmt"/>
        <line num="14" count="71" type="stmt"/>
        <line num="15" count="71" type="stmt"/>
        <line num="17" count="71" type="stmt"/>
        <line num="19" count="71" type="stmt"/>
        <line num="22" count="73" type="stmt"/>
        <line num="23" count="6" type="cond" truecount="0" falsecount="1"/>
        <line num="24" count="0" type="stmt"/>
        <line num="26" count="0" type="stmt"/>
        <line num="29" count="6" type="stmt"/>
        <line num="32" count="73" type="stmt"/>
        <line num="33" count="16" type="cond" truecount="0" falsecount="1"/>
        <line num="34" count="0" type="stmt"/>
        <line num="36" count="0" type="stmt"/>
        <line num="39" count="16" type="stmt"/>
        <line num="42" count="73" type="stmt"/>
        <line num="43" count="11" type="cond" truecount="0" falsecount="1"/>
        <line num="44" count="0" type="stmt"/>
        <line num="46" count="0" type="stmt"/>
        <line num="49" count="11" type="stmt"/>
        <line num="52" count="73" type="stmt"/>
        <line num="53" count="4" type="cond" truecount="0" falsecount="1"/>
        <line num="54" count="0" type="stmt"/>
        <line num="57" count="4" type="stmt"/>
        <line num="60" count="73" type="stmt"/>
        <line num="61" count="4" type="cond" truecount="0" falsecount="1"/>
        <line num="62" count="0" type="stmt"/>
        <line num="65" count="4" type="stmt"/>
      </file>
      <file name="cleanUser.ts" path="/Users/dannymiller/code/pathology/lib/cleanUser.ts">
        <metrics statements="3" coveredstatements="3" conditionals="5" coveredconditionals="4" methods="1" coveredmethods="1"/>
        <line num="3" count="74" type="stmt"/>
        <line num="4" count="884" type="cond" truecount="4" falsecount="1"/>
        <line num="5" count="2" type="stmt"/>
      </file>
      <file name="clearTokenCookie.ts" path="/Users/dannymiller/code/pathology/lib/clearTokenCookie.ts">
        <metrics statements="4" coveredstatements="4" conditionals="0" coveredconditionals="0" methods="1" coveredmethods="1"/>
        <line num="1" count="6" type="stmt"/>
        <line num="2" count="6" type="stmt"/>
        <line num="4" count="6" type="stmt"/>
        <line num="5" count="3" type="stmt"/>
      </file>
      <file name="cookieOptions.ts" path="/Users/dannymiller/code/pathology/lib/cookieOptions.ts">
        <metrics statements="3" coveredstatements="3" conditionals="11" coveredconditionals="11" methods="1" coveredmethods="1"/>
        <line num="2" count="73" type="stmt"/>
        <line num="5" count="73" type="cond" truecount="1" falsecount="0"/>
        <line num="6" count="312" type="stmt"/>
      </file>
      <file name="dbConnect.ts" path="/Users/dannymiller/code/pathology/lib/dbConnect.ts">
        <metrics statements="32" coveredstatements="32" conditionals="11" coveredconditionals="11" methods="3" coveredmethods="3"/>
        <line num="1" count="73" type="stmt"/>
        <line num="2" count="73" type="stmt"/>
        <line num="3" count="73" type="stmt"/>
        <line num="4" count="73" type="stmt"/>
        <line num="5" count="73" type="stmt"/>
        <line num="6" count="73" type="stmt"/>
        <line num="13" count="73" type="stmt"/>
        <line num="15" count="73" type="cond" truecount="1" falsecount="0"/>
        <line num="16" count="73" type="stmt"/>
        <line num="23" count="73" type="stmt"/>
        <line num="24" count="1137" type="cond" truecount="1" falsecount="0"/>
        <line num="30" count="1066" type="stmt"/>
        <line num="33" count="71" type="cond" truecount="1" falsecount="0"/>
        <line num="34" count="71" type="stmt"/>
        <line num="41" count="71" type="stmt"/>
        <line num="44" count="71" type="cond" truecount="3" falsecount="0"/>
        <line num="46" count="71" type="stmt"/>
        <line num="48" count="71" type="stmt"/>
        <line num="53" count="71" type="stmt"/>
        <line num="54" count="71" type="stmt"/>
        <line num="55" count="71" type="stmt"/>
        <line num="59" count="71" type="stmt"/>
        <line num="66" count="71" type="cond" truecount="3" falsecount="0"/>
        <line num="67" count="71" type="stmt"/>
        <line num="70" count="71" type="stmt"/>
        <line num="72" count="71" type="stmt"/>
        <line num="75" count="73" type="stmt"/>
        <line num="76" count="71" type="cond" truecount="1" falsecount="0"/>
        <line num="77" count="71" type="stmt"/>
        <line num="80" count="71" type="cond" truecount="1" falsecount="0"/>
        <line num="81" count="71" type="stmt"/>
        <line num="84" count="71" type="stmt"/>
      </file>
      <file name="decodeResetPasswordToken.ts" path="/Users/dannymiller/code/pathology/lib/decodeResetPasswordToken.ts">
        <metrics statements="4" coveredstatements="4" conditionals="0" coveredconditionals="0" methods="1" coveredmethods="1"/>
        <line num="1" count="1" type="stmt"/>
        <line num="4" count="1" type="stmt"/>
        <line num="5" count="4" type="stmt"/>
        <line num="7" count="2" type="stmt"/>
      </file>
      <file name="getResetPasswordToken.ts" path="/Users/dannymiller/code/pathology/lib/getResetPasswordToken.ts">
        <metrics statements="3" coveredstatements="3" conditionals="0" coveredconditionals="0" methods="1" coveredmethods="1"/>
        <line num="1" count="4" type="stmt"/>
        <line num="4" count="4" type="stmt"/>
        <line num="5" count="8" type="stmt"/>
      </file>
      <file name="getTokenCookie.ts" path="/Users/dannymiller/code/pathology/lib/getTokenCookie.ts">
        <metrics statements="9" coveredstatements="9" conditionals="1" coveredconditionals="1" methods="2" coveredmethods="2"/>
        <line num="1" count="73" type="stmt"/>
        <line num="2" count="73" type="stmt"/>
        <line num="3" count="73" type="stmt"/>
        <line num="5" count="73" type="stmt"/>
        <line num="6" count="307" type="stmt"/>
        <line num="13" count="73" type="stmt"/>
        <line num="14" count="682" type="cond" truecount="1" falsecount="0"/>
        <line num="15" count="1" type="stmt"/>
        <line num="18" count="681" type="stmt"/>
      </file>
      <file name="initializeLocalDb.ts" path="/Users/dannymiller/code/pathology/lib/initializeLocalDb.ts">
        <metrics statements="49" coveredstatements="49" conditionals="4" coveredconditionals="4" methods="3" coveredmethods="3"/>
        <line num="1" count="73" type="stmt"/>
        <line num="2" count="73" type="stmt"/>
        <line num="3" count="73" type="stmt"/>
        <line num="4" count="73" type="stmt"/>
        <line num="5" count="73" type="stmt"/>
        <line num="6" count="73" type="stmt"/>
        <line num="9" count="73" type="stmt"/>
        <line num="11" count="73" type="stmt"/>
        <line num="12" count="71" type="stmt"/>
        <line num="15" count="71" type="stmt"/>
        <line num="25" count="71" type="stmt"/>
        <line num="32" count="71" type="stmt"/>
        <line num="41" count="71" type="stmt"/>
        <line num="49" count="71" type="stmt"/>
        <line num="60" count="71" type="stmt"/>
        <line num="72" count="71" type="stmt"/>
        <line num="85" count="71" type="stmt"/>
        <line num="92" count="71" type="stmt"/>
        <line num="103" count="71" type="stmt"/>
        <line num="117" count="71" type="stmt"/>
        <line num="129" count="71" type="stmt"/>
        <line num="136" count="71" type="stmt"/>
        <line num="147" count="71" type="stmt"/>
        <line num="159" count="71" type="stmt"/>
        <line num="166" count="71" type="stmt"/>
        <line num="177" count="71" type="stmt"/>
        <line num="191" count="71" type="stmt"/>
        <line num="201" count="71" type="stmt"/>
        <line num="209" count="71" type="stmt"/>
        <line num="218" count="71" type="stmt"/>
        <line num="229" count="71" type="stmt"/>
        <line num="238" count="71" type="stmt"/>
        <line num="246" count="71" type="stmt"/>
        <line num="254" count="71" type="stmt"/>
        <line num="262" count="71" type="stmt"/>
        <line num="272" count="73" type="cond" truecount="2" falsecount="0"/>
        <line num="273" count="51" type="stmt"/>
        <line num="274" count="51" type="stmt"/>
        <line num="275" count="51" type="stmt"/>
        <line num="276" count="51" type="stmt"/>
        <line num="279" count="50" type="stmt"/>
        <line num="293" count="50" type="cond" truecount="1" falsecount="0"/>
        <line num="294" count="49" type="stmt"/>
        <line num="295" count="605" type="stmt"/>
        <line num="306" count="50" type="stmt"/>
        <line num="309" count="73" type="cond" truecount="1" falsecount="0"/>
        <line num="310" count="23" type="stmt"/>
        <line num="311" count="23" type="stmt"/>
        <line num="319" count="22" type="stmt"/>
      </file>
      <file name="isLocal.ts" path="/Users/dannymiller/code/pathology/lib/isLocal.ts">
        <metrics statements="2" coveredstatements="2" conditionals="0" coveredconditionals="0" methods="1" coveredmethods="1"/>
        <line num="1" count="74" type="stmt"/>
        <line num="2" count="732" type="stmt"/>
      </file>
      <file name="sendPasswordResetEmail.ts" path="/Users/dannymiller/code/pathology/lib/sendPasswordResetEmail.ts">
        <metrics statements="11" coveredstatements="11" conditionals="1" coveredconditionals="1" methods="1" coveredmethods="1"/>
        <line num="2" count="3" type="stmt"/>
        <line num="4" count="3" type="stmt"/>
        <line num="6" count="3" type="stmt"/>
        <line num="7" count="5" type="cond" truecount="1" falsecount="0"/>
        <line num="8" count="1" type="stmt"/>
        <line num="11" count="4" type="stmt"/>
        <line num="12" count="4" type="stmt"/>
        <line num="13" count="4" type="stmt"/>
        <line num="17" count="4" type="stmt"/>
        <line num="27" count="4" type="stmt"/>
        <line num="34" count="4" type="stmt"/>
      </file>
      <file name="withAuth.ts" path="/Users/dannymiller/code/pathology/lib/withAuth.ts">
        <metrics statements="42" coveredstatements="42" conditionals="18" coveredconditionals="16" methods="4" coveredmethods="4"/>
        <line num="1" count="73" type="stmt"/>
        <line num="3" count="73" type="stmt"/>
        <line num="4" count="73" type="stmt"/>
        <line num="5" count="73" type="stmt"/>
        <line num="6" count="73" type="stmt"/>
        <line num="8" count="73" type="stmt"/>
        <line num="9" count="73" type="stmt"/>
        <line num="10" count="73" type="stmt"/>
        <line num="17" count="73" type="stmt"/>
        <line num="21" count="399" type="cond" truecount="1" falsecount="0"/>
        <line num="22" count="1" type="stmt"/>
        <line num="25" count="398" type="cond" truecount="1" falsecount="0"/>
        <line num="26" count="1" type="stmt"/>
        <line num="29" count="397" type="stmt"/>
        <line num="30" count="397" type="stmt"/>
        <line num="33" count="397" type="stmt"/>
        <line num="36" count="397" type="stmt"/>
        <line num="37" count="397" type="cond" truecount="1" falsecount="1"/>
        <line num="38" count="397" type="cond" truecount="1" falsecount="1"/>
        <line num="44" count="397" type="stmt"/>
        <line num="55" count="397" type="cond" truecount="1" falsecount="0"/>
        <line num="56" count="1" type="stmt"/>
        <line num="59" count="396" type="stmt"/>
        <line num="62" count="73" type="stmt"/>
        <line num="66" count="204" type="stmt"/>
        <line num="69" count="306" type="stmt"/>
        <line num="70" count="306" type="cond" truecount="4" falsecount="0"/>
        <line num="72" count="306" type="cond" truecount="1" falsecount="0"/>
        <line num="73" count="3" type="stmt"/>
        <line num="78" count="303" type="stmt"/>
        <line num="79" count="303" type="stmt"/>
        <line num="81" count="303" type="cond" truecount="1" falsecount="0"/>
        <line num="82" count="1" type="stmt"/>
        <line num="87" count="302" type="stmt"/>
        <line num="92" count="302" type="stmt"/>
        <line num="93" count="302" type="stmt"/>
        <line num="94" count="302" type="stmt"/>
        <line num="95" count="302" type="stmt"/>
        <line num="97" count="302" type="cond" truecount="1" falsecount="0"/>
        <line num="98" count="32" type="stmt"/>
        <line num="110" count="1" type="stmt"/>
        <line num="112" count="1" type="stmt"/>
      </file>
    </package>
    <package name="models">
      <metrics statements="126" coveredstatements="126" conditionals="101" coveredconditionals="101" methods="23" coveredmethods="23"/>
      <file name="CommentEnums.ts" path="/Users/dannymiller/code/pathology/models/CommentEnums.ts">
        <metrics statements="1" coveredstatements="1" conditionals="0" coveredconditionals="0" methods="0" coveredmethods="0"/>
        <line num="1" count="2" type="stmt"/>
      </file>
      <file name="MultiplayerEnums.ts" path="/Users/dannymiller/code/pathology/models/MultiplayerEnums.ts">
        <metrics statements="22" coveredstatements="22" conditionals="6" coveredconditionals="6" methods="3" coveredmethods="3"/>
        <line num="6" count="73" type="cond" truecount="2" falsecount="0"/>
        <line num="7" count="73" type="stmt"/>
        <line num="8" count="73" type="stmt"/>
        <line num="9" count="73" type="stmt"/>
        <line num="10" count="73" type="stmt"/>
        <line num="16" count="73" type="cond" truecount="2" falsecount="0"/>
        <line num="17" count="73" type="stmt"/>
        <line num="18" count="73" type="stmt"/>
        <line num="19" count="73" type="stmt"/>
        <line num="20" count="73" type="stmt"/>
        <line num="23" count="73" type="stmt"/>
        <line num="59" count="73" type="cond" truecount="2" falsecount="0"/>
        <line num="60" count="73" type="stmt"/>
        <line num="61" count="73" type="stmt"/>
        <line num="62" count="73" type="stmt"/>
        <line num="63" count="73" type="stmt"/>
        <line num="64" count="73" type="stmt"/>
        <line num="65" count="73" type="stmt"/>
        <line num="66" count="73" type="stmt"/>
        <line num="67" count="73" type="stmt"/>
        <line num="68" count="73" type="stmt"/>
        <line num="69" count="73" type="stmt"/>
      </file>
      <file name="blockState.ts" path="/Users/dannymiller/code/pathology/models/blockState.ts">
        <metrics statements="20" coveredstatements="20" conditionals="17" coveredconditionals="17" methods="4" coveredmethods="4"/>
        <line num="1" count="3" type="stmt"/>
        <line num="2" count="3" type="stmt"/>
        <line num="4" count="3" type="stmt"/>
        <line num="11" count="7" type="stmt"/>
        <line num="12" count="7" type="stmt"/>
        <line num="13" count="7" type="stmt"/>
        <line num="14" count="7" type="stmt"/>
        <line num="18" count="6" type="cond" truecount="1" falsecount="0"/>
        <line num="19" count="1" type="stmt"/>
        <line num="22" count="5" type="cond" truecount="4" falsecount="0"/>
        <line num="23" count="1" type="stmt"/>
        <line num="24" count="4" type="cond" truecount="4" falsecount="0"/>
        <line num="25" count="1" type="stmt"/>
        <line num="26" count="3" type="cond" truecount="4" falsecount="0"/>
        <line num="27" count="1" type="stmt"/>
        <line num="28" count="2" type="cond" truecount="3" falsecount="0"/>
        <line num="29" count="1" type="stmt"/>
        <line num="33" count="1" type="stmt"/>
        <line num="37" count="2" type="stmt"/>
        <line num="47" count="3" type="stmt"/>
      </file>
      <file name="control.ts" path="/Users/dannymiller/code/pathology/models/control.ts">
        <metrics statements="7" coveredstatements="7" conditionals="2" coveredconditionals="2" methods="1" coveredmethods="1"/>
        <line num="1" count="3" type="stmt"/>
        <line num="17" count="2" type="stmt"/>
        <line num="18" count="2" type="stmt"/>
        <line num="19" count="2" type="stmt"/>
        <line num="20" count="2" type="stmt"/>
        <line num="21" count="2" type="stmt"/>
        <line num="22" count="2" type="stmt"/>
      </file>
      <file name="mongoose.ts" path="/Users/dannymiller/code/pathology/models/mongoose.ts">
        <metrics statements="39" coveredstatements="39" conditionals="38" coveredconditionals="38" methods="0" coveredmethods="0"/>
        <line num="1" count="73" type="stmt"/>
        <line num="21" count="73" type="stmt"/>
        <line num="22" count="73" type="stmt"/>
        <line num="23" count="73" type="stmt"/>
        <line num="24" count="73" type="stmt"/>
        <line num="25" count="73" type="stmt"/>
        <line num="26" count="73" type="stmt"/>
        <line num="27" count="73" type="stmt"/>
        <line num="28" count="73" type="stmt"/>
        <line num="29" count="73" type="stmt"/>
        <line num="30" count="73" type="stmt"/>
        <line num="31" count="73" type="stmt"/>
        <line num="32" count="73" type="stmt"/>
        <line num="33" count="73" type="stmt"/>
        <line num="34" count="73" type="stmt"/>
        <line num="35" count="73" type="stmt"/>
        <line num="36" count="73" type="stmt"/>
        <line num="37" count="73" type="stmt"/>
        <line num="38" count="73" type="stmt"/>
        <line num="39" count="73" type="stmt"/>
        <line num="43" count="73" type="cond" truecount="2" falsecount="0"/>
        <line num="44" count="73" type="cond" truecount="2" falsecount="0"/>
        <line num="45" count="73" type="cond" truecount="2" falsecount="0"/>
        <line num="46" count="73" type="cond" truecount="2" falsecount="0"/>
        <line num="47" count="73" type="cond" truecount="2" falsecount="0"/>
        <line num="48" count="73" type="cond" truecount="2" falsecount="0"/>
        <line num="49" count="73" type="cond" truecount="2" falsecount="0"/>
        <line num="50" count="73" type="cond" truecount="2" falsecount="0"/>
        <line num="51" count="73" type="cond" truecount="2" falsecount="0"/>
        <line num="52" count="73" type="cond" truecount="2" falsecount="0"/>
        <line num="53" count="73" type="cond" truecount="2" falsecount="0"/>
        <line num="54" count="73" type="cond" truecount="2" falsecount="0"/>
        <line num="55" count="73" type="cond" truecount="2" falsecount="0"/>
        <line num="56" count="73" type="cond" truecount="2" falsecount="0"/>
        <line num="57" count="73" type="cond" truecount="2" falsecount="0"/>
        <line num="58" count="73" type="cond" truecount="2" falsecount="0"/>
        <line num="59" count="73" type="cond" truecount="2" falsecount="0"/>
        <line num="60" count="73" type="cond" truecount="2" falsecount="0"/>
        <line num="61" count="73" type="cond" truecount="2" falsecount="0"/>
      </file>
      <file name="move.ts" path="/Users/dannymiller/code/pathology/models/move.ts">
        <metrics statements="9" coveredstatements="9" conditionals="12" coveredconditionals="12" methods="3" coveredmethods="3"/>
        <line num="1" count="3" type="stmt"/>
        <line num="2" count="3" type="stmt"/>
        <line num="4" count="3" type="stmt"/>
        <line num="11" count="5" type="stmt"/>
        <line num="12" count="5" type="stmt"/>
        <line num="13" count="5" type="cond" truecount="4" falsecount="0"/>
        <line num="14" count="5" type="cond" truecount="4" falsecount="0"/>
        <line num="18" count="2" type="stmt"/>
        <line num="27" count="1" type="stmt"/>
      </file>
      <file name="position.ts" path="/Users/dannymiller/code/pathology/models/position.ts">
        <metrics statements="16" coveredstatements="16" conditionals="18" coveredconditionals="18" methods="5" coveredmethods="5"/>
        <line num="1" count="10" type="stmt"/>
        <line num="6" count="677" type="stmt"/>
        <line num="7" count="677" type="stmt"/>
        <line num="11" count="8" type="stmt"/>
        <line num="18" count="62" type="cond" truecount="2" falsecount="0"/>
        <line num="22" count="286" type="stmt"/>
        <line num="29" count="10" type="stmt"/>
        <line num="30" count="275" type="cond" truecount="4" falsecount="0"/>
        <line num="31" count="13" type="stmt"/>
        <line num="32" count="262" type="cond" truecount="4" falsecount="0"/>
        <line num="33" count="10" type="stmt"/>
        <line num="34" count="252" type="cond" truecount="4" falsecount="0"/>
        <line num="35" count="128" type="stmt"/>
        <line num="36" count="124" type="cond" truecount="4" falsecount="0"/>
        <line num="37" count="122" type="stmt"/>
        <line num="39" count="2" type="stmt"/>
      </file>
      <file name="selectOptionStats.ts" path="/Users/dannymiller/code/pathology/models/selectOptionStats.ts">
        <metrics statements="6" coveredstatements="6" conditionals="6" coveredconditionals="6" methods="4" coveredmethods="4"/>
        <line num="1" count="23" type="stmt"/>
        <line num="9" count="12" type="stmt"/>
        <line num="10" count="12" type="stmt"/>
        <line num="14" count="1" type="stmt"/>
        <line num="21" count="3" type="cond" truecount="2" falsecount="0"/>
        <line num="26" count="2" type="cond" truecount="2" falsecount="0"/>
      </file>
      <file name="squareState.ts" path="/Users/dannymiller/code/pathology/models/squareState.ts">
        <metrics statements="6" coveredstatements="6" conditionals="2" coveredconditionals="2" methods="3" coveredmethods="3"/>
        <line num="1" count="3" type="stmt"/>
        <line num="3" count="3" type="stmt"/>
        <line num="8" count="3" type="stmt"/>
        <line num="9" count="3" type="stmt"/>
        <line num="13" count="1" type="stmt"/>
        <line num="20" count="1" type="stmt"/>
      </file>
    </package>
    <package name="models.schemas">
      <metrics statements="229" coveredstatements="228" conditionals="63" coveredconditionals="58" methods="21" coveredmethods="21"/>
      <file name="achievementSchema.ts" path="/Users/dannymiller/code/pathology/models/schemas/achievementSchema.ts">
        <metrics statements="5" coveredstatements="5" conditionals="0" coveredconditionals="0" methods="0" coveredmethods="0"/>
        <line num="1" count="73" type="stmt"/>
        <line num="2" count="73" type="stmt"/>
        <line num="5" count="73" type="stmt"/>
        <line num="24" count="73" type="stmt"/>
        <line num="26" count="73" type="stmt"/>
      </file>
      <file name="campaignSchema.ts" path="/Users/dannymiller/code/pathology/models/schemas/campaignSchema.ts">
        <metrics statements="4" coveredstatements="4" conditionals="0" coveredconditionals="0" methods="0" coveredmethods="0"/>
        <line num="1" count="73" type="stmt"/>
        <line num="4" count="73" type="stmt"/>
        <line num="35" count="73" type="stmt"/>
        <line num="37" count="73" type="stmt"/>
      </file>
      <file name="collectionSchema.ts" path="/Users/dannymiller/code/pathology/models/schemas/collectionSchema.ts">
        <metrics statements="5" coveredstatements="5" conditionals="0" coveredconditionals="0" methods="0" coveredmethods="0"/>
        <line num="1" count="73" type="stmt"/>
        <line num="4" count="73" type="stmt"/>
        <line num="44" count="73" type="stmt"/>
        <line num="45" count="73" type="stmt"/>
        <line num="47" count="73" type="stmt"/>
      </file>
      <file name="commentSchema.ts" path="/Users/dannymiller/code/pathology/models/schemas/commentSchema.ts">
        <metrics statements="5" coveredstatements="5" conditionals="0" coveredconditionals="0" methods="0" coveredmethods="0"/>
        <line num="1" count="73" type="stmt"/>
        <line num="4" count="73" type="stmt"/>
        <line num="35" count="73" type="stmt"/>
        <line num="36" count="73" type="stmt"/>
        <line num="38" count="73" type="stmt"/>
      </file>
      <file name="emailLogSchema.ts" path="/Users/dannymiller/code/pathology/models/schemas/emailLogSchema.ts">
        <metrics statements="10" coveredstatements="10" conditionals="2" coveredconditionals="2" methods="1" coveredmethods="1"/>
        <line num="1" count="73" type="stmt"/>
        <line num="2" count="73" type="stmt"/>
        <line num="5" count="73" type="cond" truecount="2" falsecount="0"/>
        <line num="6" count="73" type="stmt"/>
        <line num="7" count="73" type="stmt"/>
        <line num="8" count="73" type="stmt"/>
        <line num="11" count="73" type="stmt"/>
        <line num="48" count="73" type="stmt"/>
        <line num="49" count="73" type="stmt"/>
        <line num="51" count="73" type="stmt"/>
      </file>
      <file name="graphSchema.ts" path="/Users/dannymiller/code/pathology/models/schemas/graphSchema.ts">
        <metrics statements="8" coveredstatements="8" conditionals="0" coveredconditionals="0" methods="0" coveredmethods="0"/>
        <line num="1" count="73" type="stmt"/>
        <line num="2" count="73" type="stmt"/>
        <line num="5" count="73" type="stmt"/>
        <line num="36" count="73" type="stmt"/>
        <line num="37" count="73" type="stmt"/>
        <line num="38" count="73" type="stmt"/>
        <line num="39" count="73" type="stmt"/>
        <line num="41" count="73" type="stmt"/>
      </file>
      <file name="imageSchema.ts" path="/Users/dannymiller/code/pathology/models/schemas/imageSchema.ts">
        <metrics statements="4" coveredstatements="4" conditionals="0" coveredconditionals="0" methods="0" coveredmethods="0"/>
        <line num="1" count="73" type="stmt"/>
        <line num="4" count="73" type="stmt"/>
        <line num="26" count="73" type="stmt"/>
        <line num="28" count="73" type="stmt"/>
      </file>
      <file name="keyValueSchema.ts" path="/Users/dannymiller/code/pathology/models/schemas/keyValueSchema.ts">
        <metrics statements="5" coveredstatements="5" conditionals="0" coveredconditionals="0" methods="0" coveredmethods="0"/>
        <line num="1" count="73" type="stmt"/>
        <line num="4" count="73" type="stmt"/>
        <line num="25" count="73" type="stmt"/>
        <line num="27" count="73" type="stmt"/>
        <line num="29" count="73" type="stmt"/>
      </file>
      <file name="levelSchema.ts" path="/Users/dannymiller/code/pathology/models/schemas/levelSchema.ts">
        <metrics statements="55" coveredstatements="55" conditionals="16" coveredconditionals="15" methods="6" coveredmethods="6"/>
        <line num="2" count="73" type="stmt"/>
        <line num="3" count="73" type="stmt"/>
        <line num="5" count="73" type="stmt"/>
        <line num="6" count="73" type="stmt"/>
        <line num="8" count="73" type="stmt"/>
        <line num="11" count="73" type="stmt"/>
        <line num="13" count="73" type="stmt"/>
        <line num="124" count="73" type="stmt"/>
        <line num="125" count="73" type="stmt"/>
        <line num="126" count="73" type="stmt"/>
        <line num="127" count="73" type="stmt"/>
        <line num="128" count="73" type="stmt"/>
        <line num="129" count="73" type="stmt"/>
        <line num="130" count="73" type="stmt"/>
        <line num="131" count="73" type="stmt"/>
        <line num="132" count="73" type="stmt"/>
        <line num="133" count="73" type="stmt"/>
        <line num="134" count="73" type="stmt"/>
        <line num="135" count="73" type="stmt"/>
        <line num="136" count="73" type="stmt"/>
        <line num="137" count="73" type="stmt"/>
        <line num="138" count="73" type="stmt"/>
        <line num="142" count="22" type="stmt"/>
        <line num="146" count="22" type="stmt"/>
        <line num="147" count="22" type="stmt"/>
        <line num="149" count="22" type="stmt"/>
        <line num="150" count="10" type="stmt"/>
        <line num="152" count="10" type="cond" truecount="1" falsecount="0"/>
        <line num="154" count="10" type="stmt"/>
        <line num="156" count="10" type="stmt"/>
        <line num="157" count="10" type="stmt"/>
        <line num="162" count="22" type="stmt"/>
        <line num="163" count="22" type="stmt"/>
        <line num="165" count="22" type="stmt"/>
        <line num="166" count="22" type="cond" truecount="2" falsecount="0"/>
        <line num="167" count="22" type="stmt"/>
        <line num="169" count="22" type="stmt"/>
        <line num="179" count="22" type="stmt"/>
        <line num="196" count="22" type="stmt"/>
        <line num="198" count="22" type="stmt"/>
        <line num="200" count="22" type="stmt"/>
        <line num="206" count="73" type="cond" truecount="1" falsecount="0"/>
        <line num="207" count="22" type="stmt"/>
        <line num="213" count="22" type="stmt"/>
        <line num="233" count="22" type="stmt"/>
        <line num="277" count="22" type="stmt"/>
        <line num="280" count="36" type="cond" truecount="3" falsecount="1"/>
        <line num="283" count="22" type="stmt"/>
        <line num="285" count="22" type="stmt"/>
        <line num="290" count="73" type="stmt"/>
        <line num="291" count="22" type="stmt"/>
        <line num="293" count="22" type="stmt"/>
        <line num="296" count="22" type="stmt"/>
        <line num="301" count="22" type="stmt"/>
        <line num="312" count="73" type="stmt"/>
      </file>
      <file name="multiplayerMatchSchema.ts" path="/Users/dannymiller/code/pathology/models/schemas/multiplayerMatchSchema.ts">
        <metrics statements="48" coveredstatements="48" conditionals="32" coveredconditionals="30" methods="6" coveredmethods="6"/>
        <line num="1" count="73" type="stmt"/>
        <line num="2" count="73" type="stmt"/>
        <line num="6" count="73" type="stmt"/>
        <line num="17" count="73" type="stmt"/>
        <line num="19" count="73" type="stmt"/>
        <line num="20" count="27" type="stmt"/>
        <line num="27" count="73" type="stmt"/>
        <line num="110" count="73" type="stmt"/>
        <line num="114" count="66" type="stmt"/>
        <line num="115" count="66" type="stmt"/>
        <line num="116" count="66" type="cond" truecount="2" falsecount="0"/>
        <line num="119" count="66" type="cond" truecount="2" falsecount="0"/>
        <line num="120" count="66" type="stmt"/>
        <line num="122" count="66" type="stmt"/>
        <line num="123" count="111" type="stmt"/>
        <line num="126" count="66" type="stmt"/>
        <line num="127" count="1" type="stmt"/>
        <line num="132" count="66" type="stmt"/>
        <line num="134" count="66" type="cond" truecount="3" falsecount="0"/>
        <line num="135" count="35" type="stmt"/>
        <line num="136" count="104" type="stmt"/>
        <line num="139" count="35" type="cond" truecount="3" falsecount="1"/>
        <line num="140" count="104" type="stmt"/>
        <line num="141" count="104" type="stmt"/>
        <line num="143" count="35" type="stmt"/>
        <line num="146" count="93" type="cond" truecount="2" falsecount="0"/>
        <line num="148" count="66" type="cond" truecount="1" falsecount="0"/>
        <line num="149" count="38" type="cond" truecount="9" falsecount="1"/>
        <line num="150" count="15" type="stmt"/>
        <line num="151" count="23" type="cond" truecount="5" falsecount="0"/>
        <line num="154" count="15" type="cond" truecount="2" falsecount="0"/>
        <line num="156" count="15" type="stmt"/>
        <line num="158" count="8" type="stmt"/>
        <line num="162" count="66" type="stmt"/>
        <line num="164" count="66" type="cond" truecount="1" falsecount="0"/>
        <line num="165" count="38" type="stmt"/>
        <line num="166" count="38" type="stmt"/>
        <line num="169" count="66" type="stmt"/>
        <line num="172" count="73" type="stmt"/>
        <line num="173" count="67" type="stmt"/>
        <line num="175" count="67" type="stmt"/>
        <line num="178" count="94" type="stmt"/>
        <line num="179" count="40" type="stmt"/>
        <line num="183" count="67" type="stmt"/>
        <line num="186" count="73" type="stmt"/>
        <line num="189" count="73" type="stmt"/>
        <line num="191" count="73" type="stmt"/>
        <line num="193" count="73" type="stmt"/>
      </file>
      <file name="multiplayerProfileSchema.ts" path="/Users/dannymiller/code/pathology/models/schemas/multiplayerProfileSchema.ts">
        <metrics statements="5" coveredstatements="5" conditionals="0" coveredconditionals="0" methods="0" coveredmethods="0"/>
        <line num="1" count="73" type="stmt"/>
        <line num="4" count="73" type="stmt"/>
        <line num="69" count="73" type="stmt"/>
        <line num="71" count="73" type="stmt"/>
        <line num="73" count="73" type="stmt"/>
      </file>
      <file name="notificationSchema.ts" path="/Users/dannymiller/code/pathology/models/schemas/notificationSchema.ts">
        <metrics statements="4" coveredstatements="4" conditionals="0" coveredconditionals="0" methods="0" coveredmethods="0"/>
        <line num="1" count="73" type="stmt"/>
        <line num="2" count="73" type="stmt"/>
        <line num="5" count="73" type="stmt"/>
        <line num="50" count="73" type="stmt"/>
      </file>
      <file name="playAttemptSchema.ts" path="/Users/dannymiller/code/pathology/models/schemas/playAttemptSchema.ts">
        <metrics statements="8" coveredstatements="8" conditionals="2" coveredconditionals="2" methods="1" coveredmethods="1"/>
        <line num="1" count="73" type="stmt"/>
        <line num="5" count="73" type="cond" truecount="2" falsecount="0"/>
        <line num="6" count="73" type="stmt"/>
        <line num="7" count="73" type="stmt"/>
        <line num="8" count="73" type="stmt"/>
        <line num="11" count="73" type="stmt"/>
        <line num="49" count="73" type="stmt"/>
        <line num="51" count="73" type="stmt"/>
      </file>
      <file name="queueMessageSchema.ts" path="/Users/dannymiller/code/pathology/models/schemas/queueMessageSchema.ts">
        <metrics statements="15" coveredstatements="15" conditionals="4" coveredconditionals="4" methods="2" coveredmethods="2"/>
        <line num="1" count="73" type="stmt"/>
        <line num="4" count="73" type="cond" truecount="2" falsecount="0"/>
        <line num="5" count="73" type="stmt"/>
        <line num="6" count="73" type="stmt"/>
        <line num="7" count="73" type="stmt"/>
        <line num="10" count="73" type="cond" truecount="2" falsecount="0"/>
        <line num="11" count="73" type="stmt"/>
        <line num="12" count="73" type="stmt"/>
        <line num="13" count="73" type="stmt"/>
        <line num="14" count="73" type="stmt"/>
        <line num="17" count="73" type="stmt"/>
        <line num="71" count="73" type="stmt"/>
        <line num="73" count="73" type="stmt"/>
        <line num="75" count="73" type="stmt"/>
        <line num="77" count="73" type="stmt"/>
      </file>
      <file name="recordSchema.ts" path="/Users/dannymiller/code/pathology/models/schemas/recordSchema.ts">
        <metrics statements="5" coveredstatements="5" conditionals="0" coveredconditionals="0" methods="0" coveredmethods="0"/>
        <line num="1" count="73" type="stmt"/>
        <line num="4" count="73" type="stmt"/>
        <line num="32" count="73" type="stmt"/>
        <line num="33" count="73" type="stmt"/>
        <line num="35" count="73" type="stmt"/>
      </file>
      <file name="reviewSchema.ts" path="/Users/dannymiller/code/pathology/models/schemas/reviewSchema.ts">
        <metrics statements="7" coveredstatements="7" conditionals="0" coveredconditionals="0" methods="0" coveredmethods="0"/>
        <line num="1" count="73" type="stmt"/>
        <line num="4" count="73" type="stmt"/>
        <line num="36" count="73" type="stmt"/>
        <line num="37" count="73" type="stmt"/>
        <line num="38" count="73" type="stmt"/>
        <line num="39" count="73" type="stmt"/>
        <line num="41" count="73" type="stmt"/>
      </file>
      <file name="statSchema.ts" path="/Users/dannymiller/code/pathology/models/schemas/statSchema.ts">
        <metrics statements="5" coveredstatements="5" conditionals="0" coveredconditionals="0" methods="0" coveredmethods="0"/>
        <line num="1" count="73" type="stmt"/>
        <line num="4" count="73" type="stmt"/>
        <line num="40" count="73" type="stmt"/>
        <line num="41" count="73" type="stmt"/>
        <line num="43" count="73" type="stmt"/>
      </file>
      <file name="userConfigSchema.ts" path="/Users/dannymiller/code/pathology/models/schemas/userConfigSchema.ts">
        <metrics statements="5" coveredstatements="5" conditionals="0" coveredconditionals="0" methods="0" coveredmethods="0"/>
        <line num="1" count="73" type="stmt"/>
        <line num="2" count="73" type="stmt"/>
        <line num="5" count="73" type="stmt"/>
        <line num="45" count="73" type="stmt"/>
        <line num="47" count="73" type="stmt"/>
      </file>
      <file name="userSchema.ts" path="/Users/dannymiller/code/pathology/models/schemas/userSchema.ts">
        <metrics statements="26" coveredstatements="25" conditionals="7" coveredconditionals="5" methods="5" coveredmethods="5"/>
        <line num="1" count="73" type="stmt"/>
        <line num="3" count="73" type="stmt"/>
        <line num="4" count="73" type="stmt"/>
        <line num="6" count="73" type="stmt"/>
        <line num="8" count="73" type="stmt"/>
        <line num="16" count="73" type="stmt"/>
        <line num="48" count="291" type="stmt"/>
        <line num="70" count="293" type="stmt"/>
        <line num="99" count="73" type="stmt"/>
        <line num="100" count="73" type="stmt"/>
        <line num="101" count="73" type="stmt"/>
        <line num="102" count="73" type="stmt"/>
        <line num="104" count="73" type="stmt"/>
        <line num="106" count="73" type="stmt"/>
        <line num="108" count="289" type="cond" truecount="3" falsecount="1"/>
        <line num="111" count="289" type="stmt"/>
        <line num="113" count="289" type="stmt"/>
        <line num="116" count="289" type="cond" truecount="1" falsecount="0"/>
        <line num="119" count="289" type="stmt"/>
        <line num="120" count="289" type="stmt"/>
        <line num="125" count="0" type="stmt"/>
        <line num="129" count="73" type="stmt"/>
        <line num="130" count="4" type="stmt"/>
        <line num="134" count="4" type="cond" truecount="1" falsecount="1"/>
        <line num="136" count="4" type="stmt"/>
        <line num="141" count="73" type="stmt"/>
      </file>
    </package>
    <package name="pages">
      <metrics statements="44" coveredstatements="44" conditionals="3" coveredconditionals="3" methods="6" coveredmethods="6"/>
      <file name="index.tsx" path="/Users/dannymiller/code/pathology/pages/index.tsx">
        <metrics statements="14" coveredstatements="14" conditionals="0" coveredconditionals="0" methods="1" coveredmethods="1"/>
        <line num="1" count="1" type="stmt"/>
        <line num="2" count="1" type="stmt"/>
        <line num="3" count="1" type="stmt"/>
        <line num="4" count="1" type="stmt"/>
        <line num="5" count="1" type="stmt"/>
        <line num="6" count="1" type="stmt"/>
        <line num="7" count="1" type="stmt"/>
        <line num="8" count="1" type="stmt"/>
        <line num="9" count="1" type="stmt"/>
        <line num="11" count="1" type="stmt"/>
        <line num="13" count="1" type="stmt"/>
        <line num="14" count="1" type="stmt"/>
        <line num="16" count="1" type="stmt"/>
        <line num="29" count="1" type="stmt"/>
      </file>
      <file name="sitemap.xml.tsx" path="/Users/dannymiller/code/pathology/pages/sitemap.xml.tsx">
        <metrics statements="30" coveredstatements="30" conditionals="3" coveredconditionals="3" methods="5" coveredmethods="5"/>
        <line num="5" count="1" type="stmt"/>
        <line num="6" count="1" type="stmt"/>
        <line num="7" count="1" type="stmt"/>
        <line num="11" count="1" type="stmt"/>
        <line num="13" count="1" type="stmt"/>
        <line num="16" count="1" type="stmt"/>
        <line num="33" count="4" type="stmt"/>
[...]
        <line num="42" count="1" type="stmt"/>
      </file>
    </package>
    <package name="pages.multiplayer">
      <metrics statements="21" coveredstatements="21" conditionals="11" coveredconditionals="11" methods="1" coveredmethods="1"/>
      <file name="index.tsx" path="/Users/dannymiller/code/pathology/pages/multiplayer/index.tsx">
        <metrics statements="21" coveredstatements="21" conditionals="11" coveredconditionals="11" methods="1" coveredmethods="1"/>
        <line num="2" count="1" type="stmt"/>
        <line num="4" count="1" type="stmt"/>
        <line num="5" count="1" type="stmt"/>
        <line num="6" count="1" type="stmt"/>
        <line num="7" count="1" type="stmt"/>
        <line num="8" count="1" type="stmt"/>
        <line num="9" count="1" type="stmt"/>
        <line num="10" count="1" type="stmt"/>
        <line num="11" count="1" type="stmt"/>
        <line num="12" count="1" type="stmt"/>
        <line num="13" count="1" type="stmt"/>
        <line num="14" count="1" type="stmt"/>
        <line num="15" count="1" type="stmt"/>
        <line num="18" count="1" type="stmt"/>
        <line num="20" count="1" type="stmt"/>
        <line num="21" count="2" type="cond" truecount="8" falsecount="0"/>
        <line num="22" count="2" type="cond" truecount="2" falsecount="0"/>
        <line num="24" count="2" type="cond" truecount="1" falsecount="0"/>
        <line num="26" count="1" type="stmt"/>
        <line num="34" count="1" type="stmt"/>
        <line num="40" count="1" type="stmt"/>
      </file>
    </package>
    <package name="pages.notifications">
      <metrics statements="27" coveredstatements="27" conditionals="18" coveredconditionals="18" methods="1" coveredmethods="1"/>
      <file name="index.tsx" path="/Users/dannymiller/code/pathology/pages/notifications/index.tsx">
        <metrics statements="27" coveredstatements="27" conditionals="18" coveredconditionals="18" methods="1" coveredmethods="1"/>
        <line num="3" count="1" type="stmt"/>
        <line num="5" count="1" type="stmt"/>
        <line num="6" count="1" type="stmt"/>
        <line num="7" count="1" type="stmt"/>
        <line num="8" count="1" type="stmt"/>
        <line num="9" count="1" type="stmt"/>
        <line num="10" count="1" type="stmt"/>
        <line num="11" count="1" type="stmt"/>
        <line num="12" count="1" type="stmt"/>
        <line num="14" count="1" type="stmt"/>
        <line num="16" count="1" type="stmt"/>
        <line num="28" count="1" type="stmt"/>
        <line num="33" count="1" type="stmt"/>
        <line num="34" count="4" type="stmt"/>
        <line num="36" count="4" type="cond" truecount="8" falsecount="0"/>
        <line num="37" count="4" type="cond" truecount="2" falsecount="0"/>
        <line num="39" count="4" type="cond" truecount="1" falsecount="0"/>
        <line num="40" count="1" type="stmt"/>
        <line num="48" count="3" type="stmt"/>
        <line num="49" count="3" type="stmt"/>
        <line num="54" count="3" type="stmt"/>
        <line num="56" count="3" type="cond" truecount="1" falsecount="0"/>
        <line num="57" count="2" type="stmt"/>
        <line num="60" count="3" type="stmt"/>
        <line num="64" count="3" type="stmt"/>
        <line num="66" count="3" type="stmt"/>
        <line num="82" count="1" type="stmt"/>
      </file>
    </package>
    <package name="pages.play">
      <metrics statements="51" coveredstatements="51" conditionals="16" coveredconditionals="16" methods="2" coveredmethods="2"/>
      <file name="index.tsx" path="/Users/dannymiller/code/pathology/pages/play/index.tsx">
        <metrics statements="51" coveredstatements="51" conditionals="16" coveredconditionals="16" methods="2" coveredmethods="2"/>
        <line num="4" count="1" type="stmt"/>
        <line num="5" count="1" type="stmt"/>
        <line num="6" count="1" type="stmt"/>
        <line num="7" count="1" type="stmt"/>
        <line num="8" count="1" type="stmt"/>
        <line num="9" count="1" type="stmt"/>
        <line num="10" count="1" type="stmt"/>
        <line num="11" count="1" type="stmt"/>
        <line num="12" count="1" type="stmt"/>
        <line num="13" count="1" type="stmt"/>
        <line num="14" count="1" type="stmt"/>
        <line num="18" count="1" type="stmt"/>
        <line num="19" count="1" type="stmt"/>
        <line num="20" count="1" type="stmt"/>
        <line num="22" count="1" type="stmt"/>
        <line num="24" count="1" type="stmt"/>
        <line num="25" count="3" type="stmt"/>
        <line num="27" count="3" type="cond" truecount="8" falsecount="0"/>
        <line num="28" count="3" type="cond" truecount="2" falsecount="0"/>
        <line num="30" count="3" type="cond" truecount="1" falsecount="0"/>
        <line num="31" count="1" type="stmt"/>
        <line num="39" count="2" type="stmt"/>
        <line num="105" count="2" type="cond" truecount="3" falsecount="0"/>
        <line num="106" count="1" type="stmt"/>
        <line num="108" count="1" type="stmt"/>
        <line num="113" count="1" type="stmt"/>
        <line num="115" count="1" type="stmt"/>
        <line num="117" count="1" type="stmt"/>
        <line num="118" count="1" type="stmt"/>
        <line num="120" count="1" type="stmt"/>
        <line num="121" count="1" type="stmt"/>
        <line num="125" count="1" type="stmt"/>
        <line num="127" count="1" type="cond" truecount="1" falsecount="0"/>
        <line num="128" count="1" type="stmt"/>
        <line num="129" count="1" type="stmt"/>
        <line num="133" count="1" type="stmt"/>
        <line num="134" count="1" type="stmt"/>
        <line num="136" count="1" type="stmt"/>
        <line num="137" count="2" type="stmt"/>
        <line num="140" count="2" type="cond" truecount="1" falsecount="0"/>
        <line num="141" count="1" type="stmt"/>
        <line num="144" count="1" type="stmt"/>
        <line num="145" count="1" type="stmt"/>
        <line num="148" count="1" type="stmt"/>
        <line num="150" count="1" type="stmt"/>
        <line num="152" count="1" type="stmt"/>
        <line num="153" count="1" type="stmt"/>
        <line num="154" count="1" type="stmt"/>
        <line num="155" count="1" type="stmt"/>
        <line num="158" count="1" type="stmt"/>
        <line num="179" count="1" type="stmt"/>
      </file>
    </package>
    <package name="pages.profile.[name].[[...tab]]">
      <metrics statements="92" coveredstatements="92" conditionals="51" coveredconditionals="50" methods="6" coveredmethods="6"/>
      <file name="index.tsx" path="/Users/dannymiller/code/pathology/pages/profile/[name]/[[...tab]]/index.tsx">
        <metrics statements="92" coveredstatements="92" conditionals="51" coveredconditionals="50" methods="6" coveredmethods="6"/>
        <line num="1" count="1" type="stmt"/>
        <line num="2" count="1" type="stmt"/>
        <line num="4" count="1" type="stmt"/>
        <line num="5" count="1" type="stmt"/>
        <line num="6" count="1" type="stmt"/>
        <line num="8" count="1" type="stmt"/>
        <line num="9" count="1" type="stmt"/>
        <line num="10" count="1" type="stmt"/>
        <line num="11" count="1" type="stmt"/>
        <line num="12" count="1" type="stmt"/>
        <line num="13" count="1" type="stmt"/>
        <line num="14" count="1" type="stmt"/>
        <line num="15" count="1" type="stmt"/>
        <line num="16" count="1" type="stmt"/>
        <line num="17" count="1" type="stmt"/>
        <line num="18" count="1" type="stmt"/>
        <line num="19" count="1" type="stmt"/>
        <line num="20" count="1" type="stmt"/>
        <line num="21" count="1" type="stmt"/>
        <line num="22" count="1" type="stmt"/>
        <line num="23" count="1" type="stmt"/>
        <line num="24" count="1" type="stmt"/>
        <line num="25" count="1" type="stmt"/>
        <line num="26" count="1" type="stmt"/>
        <line num="27" count="1" type="stmt"/>
        <line num="28" count="1" type="stmt"/>
        <line num="29" count="1" type="stmt"/>
        <line num="30" count="1" type="stmt"/>
        <line num="31" count="1" type="stmt"/>
        <line num="32" count="1" type="stmt"/>
        <line num="33" count="1" type="stmt"/>
        <line num="34" count="1" type="stmt"/>
        <line num="40" count="1" type="stmt"/>
        <line num="41" count="1" type="stmt"/>
        <line num="43" count="1" type="stmt"/>
        <line num="44" count="1" type="stmt"/>
        <line num="45" count="1" type="stmt"/>
        <line num="47" count="1" type="stmt"/>
        <line num="49" count="1" type="cond" truecount="2" falsecount="0"/>
        <line num="50" count="1" type="stmt"/>
        <line num="51" count="1" type="stmt"/>
        <line num="52" count="1" type="stmt"/>
        <line num="53" count="1" type="stmt"/>
        <line num="54" count="1" type="stmt"/>
        <line num="55" count="1" type="stmt"/>
        <line num="64" count="3" type="stmt"/>
        <line num="65" count="33" type="stmt"/>
        <line num="67" count="3" type="stmt"/>
        <line num="119" count="3" type="stmt"/>
        <line num="121" count="3" type="stmt"/>
        <line num="122" count="3" type="stmt"/>
        <line num="125" count="3" type="stmt"/>
        <line num="128" count="1" type="stmt"/>
        <line num="129" count="11" type="cond" truecount="1" falsecount="0"/>
        <line num="130" count="1" type="stmt"/>
        <line num="133" count="10" type="stmt"/>
        <line num="134" count="10" type="cond" truecount="8" falsecount="0"/>
        <line num="135" count="10" type="cond" truecount="2" falsecount="0"/>
        <line num="136" count="10" type="cond" truecount="6" falsecount="0"/>
        <line num="138" count="10" type="cond" truecount="3" falsecount="0"/>
        <line num="139" count="1" type="stmt"/>
        <line num="144" count="9" type="cond" truecount="2" falsecount="0"/>
        <line num="146" count="9" type="stmt"/>
        <line num="148" count="9" type="stmt"/>
        <line num="150" count="9" type="cond" truecount="1" falsecount="0"/>
        <line num="151" count="1" type="stmt"/>
        <line num="156" count="8" type="stmt"/>
        <line num="158" count="8" type="stmt"/>
        <line num="171" count="8" type="stmt"/>
        <line num="184" count="8" type="stmt"/>
        <line num="202" count="8" type="cond" truecount="1" falsecount="0"/>
        <line num="203" count="3" type="cond" truecount="3" falsecount="0"/>
        <line num="204" count="1" type="stmt"/>
        <line num="217" count="1" type="stmt"/>
        <line num="221" count="8" type="cond" truecount="1" falsecount="0"/>
        <line num="222" count="1" type="stmt"/>
        <line num="229" count="2" type="stmt"/>
        <line num="231" count="1" type="stmt"/>
        <line num="234" count="8" type="cond" truecount="1" falsecount="0"/>
        <line num="235" count="2" type="stmt"/>
        <line num="241" count="2" type="cond" truecount="3" falsecount="0"/>
        <line num="242" count="2" type="stmt"/>
        <line num="243" count="2" type="stmt"/>
        <line num="247" count="2" type="stmt"/>
        <line num="249" count="2" type="cond" truecount="4" falsecount="0"/>
        <line num="256" count="2" type="cond" truecount="1" falsecount="0"/>
        <line num="257" count="1" type="stmt"/>
        <line num="260" count="1" type="stmt"/>
        <line num="261" count="1" type="stmt"/>
        <line num="262" count="1" type="stmt"/>
        <line num="265" count="7" type="stmt"/>
        <line num="294" count="1" type="stmt"/>
      </file>
    </package>
    <package name="pages.reset-password.[userId]">
      <metrics statements="8" coveredstatements="8" conditionals="0" coveredconditionals="0" methods="1" coveredmethods="1"/>
      <file name="[token].tsx" path="/Users/dannymiller/code/pathology/pages/reset-password/[userId]/[token].tsx">
        <metrics statements="8" coveredstatements="8" conditionals="0" coveredconditionals="0" methods="1" coveredmethods="1"/>
        <line num="2" count="1" type="stmt"/>
        <line num="3" count="1" type="stmt"/>
        <line num="4" count="1" type="stmt"/>
        <line num="5" count="1" type="stmt"/>
        <line num="6" count="1" type="stmt"/>
        <line num="8" count="1" type="stmt"/>
        <line num="9" count="2" type="stmt"/>
        <line num="13" count="1" type="stmt"/>
      </file>
    </package>
    <package name="pages.search">
      <metrics statements="41" coveredstatements="41" conditionals="20" coveredconditionals="20" methods="2" coveredmethods="2"/>
      <file name="index.tsx" path="/Users/dannymiller/code/pathology/pages/search/index.tsx">
        <metrics statements="41" coveredstatements="41" conditionals="20" coveredconditionals="20" methods="2" coveredmethods="2"/>
        <line num="1" count="5" type="stmt"/>
        <line num="2" count="5" type="stmt"/>
        <line num="3" count="5" type="stmt"/>
        <line num="5" count="5" type="stmt"/>
        <line num="6" count="5" type="stmt"/>
        <line num="7" count="5" type="stmt"/>
        <line num="9" count="5" type="stmt"/>
        <line num="10" count="5" type="stmt"/>
        <line num="11" count="5" type="stmt"/>
        <line num="12" count="5" type="stmt"/>
        <line num="13" count="5" type="stmt"/>
        <line num="14" count="5" type="stmt"/>
        <line num="15" count="5" type="stmt"/>
        <line num="16" count="5" type="stmt"/>
        <line num="17" count="5" type="stmt"/>
        <line num="18" count="5" type="stmt"/>
        <line num="19" count="5" type="stmt"/>
        <line num="20" count="5" type="stmt"/>
        <line num="21" count="5" type="stmt"/>
        <line num="22" count="5" type="stmt"/>
        <line num="23" count="5" type="stmt"/>
        <line num="26" count="5" type="stmt"/>
        <line num="28" count="5" type="cond" truecount="2" falsecount="0"/>
        <line num="29" count="5" type="stmt"/>
        <line num="30" count="5" type="stmt"/>
        <line num="31" count="5" type="stmt"/>
        <line num="32" count="5" type="stmt"/>
        <line num="53" count="5" type="stmt"/>
        <line num="68" count="5" type="stmt"/>
        <line num="69" count="4" type="stmt"/>
        <line num="71" count="4" type="cond" truecount="8" falsecount="0"/>
        <line num="72" count="4" type="cond" truecount="2" falsecount="0"/>
        <line num="73" count="4" type="stmt"/>
        <line num="75" count="4" type="cond" truecount="3" falsecount="0"/>
        <line num="76" count="1" type="stmt"/>
        <line num="77" count="1" type="stmt"/>
        <line num="81" count="4" type="cond" truecount="4" falsecount="0"/>
        <line num="83" count="4" type="cond" truecount="1" falsecount="0"/>
        <line num="84" count="1" type="stmt"/>
        <line num="87" count="3" type="stmt"/>
        <line num="105" count="5" type="stmt"/>
      </file>
    </package>
    <package name="pages.settings">
      <metrics statements="7" coveredstatements="7" conditionals="0" coveredconditionals="0" methods="1" coveredmethods="1"/>
      <file name="index.tsx" path="/Users/dannymiller/code/pathology/pages/settings/index.tsx">
        <metrics statements="7" coveredstatements="7" conditionals="0" coveredconditionals="0" methods="1" coveredmethods="1"/>
        <line num="2" count="1" type="stmt"/>
        <line num="3" count="1" type="stmt"/>
        <line num="4" count="1" type="stmt"/>
        <line num="5" count="1" type="stmt"/>
        <line num="7" count="1" type="stmt"/>
        <line num="8" count="2" type="stmt"/>
        <line num="12" count="1" type="stmt"/>
      </file>
    </package>
    <package name="pages.signup">
      <metrics statements="8" coveredstatements="8" conditionals="0" coveredconditionals="0" methods="1" coveredmethods="1"/>
      <file name="index.tsx" path="/Users/dannymiller/code/pathology/pages/signup/index.tsx">
        <metrics statements="8" coveredstatements="8" conditionals="0" coveredconditionals="0" methods="1" coveredmethods="1"/>
        <line num="2" count="1" type="stmt"/>
        <line num="3" count="1" type="stmt"/>
        <line num="4" count="1" type="stmt"/>
        <line num="5" count="1" type="stmt"/>
        <line num="6" count="1" type="stmt"/>
        <line num="8" count="1" type="stmt"/>
        <line num="9" count="2" type="stmt"/>
        <line num="13" count="1" type="stmt"/>
      </file>
    </package>
    <package name="pages.statistics">
      <metrics statements="58" coveredstatements="51" conditionals="31" coveredconditionals="20" methods="3" coveredmethods="3"/>
      <file name="index.tsx" path="/Users/dannymiller/code/pathology/pages/statistics/index.tsx">
        <metrics statements="58" coveredstatements="51" conditionals="31" coveredconditionals="20" methods="3" coveredmethods="3"/>
        <line num="1" count="1" type="stmt"/>
        <line num="3" count="1" type="stmt"/>
        <line num="4" count="1" type="stmt"/>
        <line num="6" count="1" type="stmt"/>
        <line num="7" count="1" type="stmt"/>
        <line num="8" count="1" type="stmt"/>
        <line num="9" count="1" type="stmt"/>
        <line num="10" count="1" type="stmt"/>
        <line num="11" count="1" type="stmt"/>
        <line num="12" count="1" type="stmt"/>
        <line num="13" count="1" type="stmt"/>
        <line num="14" count="1" type="stmt"/>
        <line num="15" count="1" type="stmt"/>
        <line num="16" count="1" type="stmt"/>
        <line num="17" count="1" type="stmt"/>
        <line num="18" count="1" type="stmt"/>
        <line num="19" count="1" type="stmt"/>
        <line num="22" count="1" type="stmt"/>
        <line num="23" count="1" type="stmt"/>
        <line num="24" count="1" type="stmt"/>
        <line num="26" count="1" type="stmt"/>
        <line num="48" count="1" type="stmt"/>
        <line num="57" count="1" type="stmt"/>
        <line num="58" count="2" type="stmt"/>
        <line num="60" count="2" type="stmt"/>
        <line num="62" count="2" type="cond" truecount="1" falsecount="2"/>
        <line num="63" count="0" type="stmt"/>
        <line num="64" count="0" type="stmt"/>
        <line num="68" count="2" type="stmt"/>
        <line num="71" count="2" type="stmt"/>
        <line num="73" count="2" type="cond" truecount="1" falsecount="2"/>
        <line num="74" count="0" type="stmt"/>
        <line num="80" count="2" type="cond" truecount="1" falsecount="0"/>
        <line num="81" count="2" type="stmt"/>
        <line num="84" count="2" type="cond" truecount="0" falsecount="1"/>
        <line num="85" count="0" type="stmt"/>
        <line num="86" count="0" type="stmt"/>
        <line num="89" count="2" type="cond" truecount="1" falsecount="1"/>
        <line num="91" count="2" type="cond" truecount="4" falsecount="1"/>
        <line num="94" count="0" type="stmt"/>
        <line num="96" count="0" type="stmt"/>
        <line num="100" count="2" type="cond" truecount="1" falsecount="0"/>
        <line num="101" count="2" type="stmt"/>
        <line num="104" count="2" type="stmt"/>
        <line num="105" count="2" type="stmt"/>
        <line num="107" count="2" type="cond" truecount="1" falsecount="0"/>
        <line num="108" count="2" type="stmt"/>
        <line num="111" count="2" type="stmt"/>
        <line num="112" count="2" type="stmt"/>
        <line num="253" count="4" type="stmt"/>
        <line num="266" count="2" type="cond" truecount="7" falsecount="3"/>
        <line num="267" count="1" type="cond" truecount="3" falsecount="1"/>
        <line num="269" count="1" type="stmt"/>
        <line num="270" count="3" type="stmt"/>
        <line num="273" count="1" type="stmt"/>
        <line num="281" count="1" type="stmt"/>
        <line num="283" count="1" type="stmt"/>
        <line num="294" count="1" type="stmt"/>
      </file>
    </package>
  </project>
</coverage>
