{"/Users/dannymiller/code/pathology/constants/achievementInfo.ts": {"path":"/Users/dannymiller/code/pathology/constants/achievementInfo.ts","statementMap":{"0":{"start":{"line":1,"column":0},"end":{"line":1,"column":48}},"1":{"start":{"line":6,"column":5},"end":{"line":25,"column":2}},"2":{"start":{"line":27,"column":0},"end":{"line":27,"column":31}}},"fnMap":{},"branchMap":{},"s":{"0":21,"1":21,"2":21},"f":{},"b":{}}
,"/Users/dannymiller/code/pathology/constants/achievementType.ts": {"path":"/Users/dannymiller/code/pathology/constants/achievementType.ts","statementMap":{"0":{"start":{"line":1,"column":0},"end":{"line":1,"column":null}},"1":{"start":{"line":2,"column":2},"end":{"line":2,"column":null}},"2":{"start":{"line":3,"column":2},"end":{"line":3,"column":null}},"3":{"start":{"line":4,"column":2},"end":{"line":4,"column":null}},"4":{"start":{"line":5,"column":2},"end":{"line":5,"column":null}},"5":{"start":{"line":6,"column":2},"end":{"line":6,"column":null}},"6":{"start":{"line":7,"column":2},"end":{"line":7,"column":null}},"7":{"start":{"line":10,"column":0},"end":{"line":10,"column":31}}},"fnMap":{"0":{"name":"(anonymous_0)","decl":{"start":{"line":1,"column":0},"end":{"line":1,"column":5}},"loc":{"start":{"line":1,"column":20},"end":{"line":8,"column":1}}}},"branchMap":{"0":{"loc":{"start":{"line":1,"column":5},"end":{"line":1,"column":null}},"type":"binary-expr","locations":[{"start":{"line":1,"column":5},"end":{"line":1,"column":20}},{"start":{"line":1,"column":5},"end":{"line":1,"column":null}}]}},"s":{"0":73,"1":73,"2":73,"3":73,"4":73,"5":73,"6":73,"7":73},"f":{"0":73},"b":{"0":[73,73]}}
,"/Users/dannymiller/code/pathology/constants/dimensions.ts": {"path":"/Users/dannymiller/code/pathology/constants/dimensions.ts","statementMap":{"0":{"start":{"line":1,"column":0},"end":{"line":1,"column":21}},"1":{"start":{"line":2,"column":18},"end":{"line":2,"column":31}},"2":{"start":{"line":3,"column":18},"end":{"line":3,"column":34}},"3":{"start":{"line":4,"column":18},"end":{"line":4,"column":40}},"4":{"start":{"line":5,"column":18},"end":{"line":5,"column":39}},"5":{"start":{"line":6,"column":18},"end":{"line":6,"column":42}},"6":{"start":{"line":7,"column":18},"end":{"line":7,"column":42}},"7":{"start":{"line":8,"column":18},"end":{"line":8,"column":34}},"8":{"start":{"line":9,"column":18},"end":{"line":9,"column":37}},"9":{"start":{"line":10,"column":18},"end":{"line":10,"column":43}},"10":{"start":{"line":11,"column":18},"end":{"line":11,"column":42}},"11":{"start":{"line":12,"column":18},"end":{"line":12,"column":36}}},"fnMap":{},"branchMap":{},"s":{"0":73,"1":73,"2":73,"3":73,"4":73,"5":73,"6":73,"7":73,"8":73,"9":73,"10":73,"11":73},"f":{},"b":{}}
,"/Users/dannymiller/code/pathology/constants/discord.ts": {"path":"/Users/dannymiller/code/pathology/constants/discord.ts","statementMap":{"0":{"start":{"line":1,"column":0},"end":{"line":1,"column":21}},"1":{"start":{"line":3,"column":18},"end":{"line":3,"column":52}},"2":{"start":{"line":5,"column":18},"end":{"line":5,"column":50}},"3":{"start":{"line":7,"column":18},"end":{"line":7,"column":50}}},"fnMap":{},"branchMap":{},"s":{"0":12,"1":12,"2":12,"3":12},"f":{},"b":{}}
,"/Users/dannymiller/code/pathology/constants/emailDigest.ts": {"path":"/Users/dannymiller/code/pathology/constants/emailDigest.ts","statementMap":{"0":{"start":{"line":1,"column":0},"end":{"line":1,"column":null}},"1":{"start":{"line":2,"column":2},"end":{"line":2,"column":null}},"2":{"start":{"line":3,"column":2},"end":{"line":3,"column":null}},"3":{"start":{"line":4,"column":2},"end":{"line":4,"column":null}},"4":{"start":{"line":5,"column":2},"end":{"line":5,"column":null}},"5":{"start":{"line":6,"column":2},"end":{"line":6,"column":null}},"6":{"start":{"line":9,"column":0},"end":{"line":9,"column":null}},"7":{"start":{"line":10,"column":2},"end":{"line":10,"column":null}},"8":{"start":{"line":11,"column":2},"end":{"line":11,"column":null}},"9":{"start":{"line":12,"column":2},"end":{"line":12,"column":null}}},"fnMap":{"0":{"name":"(anonymous_0)","decl":{"start":{"line":1,"column":0},"end":{"line":1,"column":12}},"loc":{"start":{"line":1,"column":21},"end":{"line":7,"column":1}}},"1":{"name":"(anonymous_1)","decl":{"start":{"line":9,"column":0},"end":{"line":9,"column":12}},"loc":{"start":{"line":9,"column":35},"end":{"line":13,"column":1}}}},"branchMap":{"0":{"loc":{"start":{"line":1,"column":12},"end":{"line":1,"column":null}},"type":"binary-expr","locations":[{"start":{"line":1,"column":12},"end":{"line":1,"column":21}},{"start":{"line":1,"column":12},"end":{"line":1,"column":null}}]},"1":{"loc":{"start":{"line":9,"column":12},"end":{"line":9,"column":null}},"type":"binary-expr","locations":[{"start":{"line":9,"column":12},"end":{"line":9,"column":35}},{"start":{"line":9,"column":12},"end":{"line":9,"column":null}}]}},"s":{"0":73,"1":73,"2":73,"3":73,"4":73,"5":73,"6":73,"7":73,"8":73,"9":73},"f":{"0":73,"1":73},"b":{"0":[73,73],"1":[73,73]}}
,"/Users/dannymiller/code/pathology/constants/graphType.ts": {"path":"/Users/dannymiller/code/pathology/constants/graphType.ts","statementMap":{"0":{"start":{"line":1,"column":0},"end":{"line":1,"column":null}},"1":{"start":{"line":2,"column":2},"end":{"line":2,"column":null}},"2":{"start":{"line":5,"column":0},"end":{"line":5,"column":25}}},"fnMap":{"0":{"name":"(anonymous_0)","decl":{"start":{"line":1,"column":0},"end":{"line":1,"column":5}},"loc":{"start":{"line":1,"column":14},"end":{"line":3,"column":1}}}},"branchMap":{"0":{"loc":{"start":{"line":1,"column":5},"end":{"line":1,"column":null}},"type":"binary-expr","locations":[{"start":{"line":1,"column":5},"end":{"line":1,"column":14}},{"start":{"line":1,"column":5},"end":{"line":1,"column":null}}]}},"s":{"0":73,"1":73,"2":73},"f":{"0":73},"b":{"0":[73,73]}}
,"/Users/dannymiller/code/pathology/constants/levelDataType.ts": {"path":"/Users/dannymiller/code/pathology/constants/levelDataType.ts","statementMap":{"0":{"start":{"line":27,"column":4},"end":{"line":28,"column":44}},"1":{"start":{"line":32,"column":4},"end":{"line":45,"column":45}},"2":{"start":{"line":49,"column":4},"end":{"line":56,"column":48}},"3":{"start":{"line":60,"column":4},"end":{"line":67,"column":45}},"4":{"start":{"line":71,"column":4},"end":{"line":78,"column":48}},"5":{"start":{"line":82,"column":4},"end":{"line":89,"column":45}},"6":{"start":{"line":94,"column":4},"end":{"line":96,"column":43}},"7":{"start":{"line":101,"column":34},"end":{"line":101,"column":58}},"8":{"start":{"line":103,"column":4},"end":{"line":107,"column":null}},"9":{"start":{"line":103,"column":17},"end":{"line":103,"column":18}},"10":{"start":{"line":104,"column":6},"end":{"line":106,"column":null}},"11":{"start":{"line":105,"column":8},"end":{"line":105,"column":23}},"12":{"start":{"line":111,"column":4},"end":{"line":132,"column":6}},"13":{"start":{"line":1,"column":0},"end":{"line":1,"column":21}},"14":{"start":{"line":3,"column":18},"end":{"line":3,"column":32}},"15":{"start":{"line":4,"column":18},"end":{"line":4,"column":29}},"16":{"start":{"line":5,"column":18},"end":{"line":5,"column":30}},"17":{"start":{"line":6,"column":18},"end":{"line":6,"column":28}},"18":{"start":{"line":7,"column":18},"end":{"line":7,"column":30}},"19":{"start":{"line":9,"column":18},"end":{"line":9,"column":29}},"20":{"start":{"line":10,"column":18},"end":{"line":10,"column":29}},"21":{"start":{"line":11,"column":18},"end":{"line":11,"column":27}},"22":{"start":{"line":12,"column":18},"end":{"line":12,"column":30}},"23":{"start":{"line":13,"column":18},"end":{"line":13,"column":29}},"24":{"start":{"line":14,"column":18},"end":{"line":14,"column":31}},"25":{"start":{"line":15,"column":18},"end":{"line":15,"column":32}},"26":{"start":{"line":16,"column":18},"end":{"line":16,"column":34}},"27":{"start":{"line":17,"column":18},"end":{"line":17,"column":33}},"28":{"start":{"line":19,"column":18},"end":{"line":19,"column":32}},"29":{"start":{"line":20,"column":18},"end":{"line":20,"column":30}},"30":{"start":{"line":21,"column":18},"end":{"line":21,"column":33}},"31":{"start":{"line":22,"column":18},"end":{"line":22,"column":32}},"32":{"start":{"line":23,"column":18},"end":{"line":23,"column":34}},"33":{"start":{"line":24,"column":18},"end":{"line":24,"column":31}}},"fnMap":{"0":{"name":"(anonymous_0)","decl":{"start":{"line":26,"column":2},"end":{"line":26,"column":8}},"loc":{"start":{"line":26,"column":45},"end":{"line":29,"column":3}}},"1":{"name":"(anonymous_1)","decl":{"start":{"line":31,"column":2},"end":{"line":31,"column":8}},"loc":{"start":{"line":31,"column":55},"end":{"line":46,"column":3}}},"2":{"name":"(anonymous_2)","decl":{"start":{"line":48,"column":2},"end":{"line":48,"column":8}},"loc":{"start":{"line":48,"column":49},"end":{"line":57,"column":3}}},"3":{"name":"(anonymous_3)","decl":{"start":{"line":59,"column":2},"end":{"line":59,"column":8}},"loc":{"start":{"line":59,"column":47},"end":{"line":68,"column":3}}},"4":{"name":"(anonymous_4)","decl":{"start":{"line":70,"column":2},"end":{"line":70,"column":8}},"loc":{"start":{"line":70,"column":50},"end":{"line":79,"column":3}}},"5":{"name":"(anonymous_5)","decl":{"start":{"line":81,"column":2},"end":{"line":81,"column":8}},"loc":{"start":{"line":81,"column":49},"end":{"line":90,"column":3}}},"6":{"name":"(anonymous_6)","decl":{"start":{"line":93,"column":2},"end":{"line":93,"column":8}},"loc":{"start":{"line":93,"column":46},"end":{"line":97,"column":3}}},"7":{"name":"(anonymous_7)","decl":{"start":{"line":100,"column":2},"end":{"line":100,"column":8}},"loc":{"start":{"line":100,"column":45},"end":{"line":108,"column":3}}},"8":{"name":"(anonymous_8)","decl":{"start":{"line":110,"column":2},"end":{"line":110,"column":8}},"loc":{"start":{"line":110,"column":17},"end":{"line":133,"column":3}}}},"branchMap":{"0":{"loc":{"start":{"line":27,"column":11},"end":{"line":28,"column":43}},"type":"binary-expr","locations":[{"start":{"line":27,"column":11},"end":{"line":27,"column":48}},{"start":{"line":28,"column":6},"end":{"line":28,"column":43}}]},"1":{"loc":{"start":{"line":32,"column":11},"end":{"line":45,"column":44}},"type":"binary-expr","locations":[{"start":{"line":32,"column":11},"end":{"line":32,"column":47}},{"start":{"line":33,"column":6},"end":{"line":33,"column":40}},{"start":{"line":34,"column":6},"end":{"line":34,"column":43}},{"start":{"line":35,"column":6},"end":{"line":35,"column":42}},{"start":{"line":36,"column":6},"end":{"line":36,"column":44}},{"start":{"line":37,"column":6},"end":{"line":37,"column":45}},{"start":{"line":38,"column":6},"end":{"line":38,"column":47}},{"start":{"line":39,"column":6},"end":{"line":39,"column":46}},{"start":{"line":40,"column":6},"end":{"line":40,"column":45}},{"start":{"line":41,"column":6},"end":{"line":41,"column":43}},{"start":{"line":42,"column":6},"end":{"line":42,"column":46}},{"start":{"line":43,"column":6},"end":{"line":43,"column":45}},{"start":{"line":44,"column":6},"end":{"line":44,"column":47}},{"start":{"line":45,"column":6},"end":{"line":45,"column":44}}]},"2":{"loc":{"start":{"line":49,"column":11},"end":{"line":56,"column":47}},"type":"binary-expr","locations":[{"start":{"line":49,"column":11},"end":{"line":49,"column":48}},{"start":{"line":50,"column":6},"end":{"line":50,"column":42}},{"start":{"line":51,"column":6},"end":{"line":51,"column":44}},{"start":{"line":52,"column":6},"end":{"line":52,"column":46}},{"start":{"line":53,"column":6},"end":{"line":53,"column":43}},{"start":{"line":54,"column":6},"end":{"line":54,"column":46}},{"start":{"line":55,"column":6},"end":{"line":55,"column":45}},{"start":{"line":56,"column":6},"end":{"line":56,"column":47}}]},"3":{"loc":{"start":{"line":60,"column":11},"end":{"line":67,"column":44}},"type":"binary-expr","locations":[{"start":{"line":60,"column":11},"end":{"line":60,"column":48}},{"start":{"line":61,"column":6},"end":{"line":61,"column":40}},{"start":{"line":62,"column":6},"end":{"line":62,"column":44}},{"start":{"line":63,"column":6},"end":{"line":63,"column":45}},{"start":{"line":64,"column":6},"end":{"line":64,"column":45}},{"start":{"line":65,"column":6},"end":{"line":65,"column":46}},{"start":{"line":66,"column":6},"end":{"line":66,"column":45}},{"start":{"line":67,"column":6},"end":{"line":67,"column":44}}]},"4":{"loc":{"start":{"line":71,"column":11},"end":{"line":78,"column":47}},"type":"binary-expr","locations":[{"start":{"line":71,"column":11},"end":{"line":71,"column":48}},{"start":{"line":72,"column":6},"end":{"line":72,"column":43}},{"start":{"line":73,"column":6},"end":{"line":73,"column":45}},{"start":{"line":74,"column":6},"end":{"line":74,"column":47}},{"start":{"line":75,"column":6},"end":{"line":75,"column":45}},{"start":{"line":76,"column":6},"end":{"line":76,"column":43}},{"start":{"line":77,"column":6},"end":{"line":77,"column":45}},{"start":{"line":78,"column":6},"end":{"line":78,"column":47}}]},"5":{"loc":{"start":{"line":82,"column":11},"end":{"line":89,"column":44}},"type":"binary-expr","locations":[{"start":{"line":82,"column":11},"end":{"line":82,"column":48}},{"start":{"line":83,"column":6},"end":{"line":83,"column":42}},{"start":{"line":84,"column":6},"end":{"line":84,"column":46}},{"start":{"line":85,"column":6},"end":{"line":85,"column":47}},{"start":{"line":86,"column":6},"end":{"line":86,"column":45}},{"start":{"line":87,"column":6},"end":{"line":87,"column":43}},{"start":{"line":88,"column":6},"end":{"line":88,"column":46}},{"start":{"line":89,"column":6},"end":{"line":89,"column":44}}]},"6":{"loc":{"start":{"line":94,"column":11},"end":{"line":96,"column":42}},"type":"binary-expr","locations":[{"start":{"line":94,"column":11},"end":{"line":94,"column":47}},{"start":{"line":95,"column":6},"end":{"line":95,"column":43}},{"start":{"line":96,"column":6},"end":{"line":96,"column":42}}]},"7":{"loc":{"start":{"line":104,"column":6},"end":{"line":106,"column":null}},"type":"if","locations":[{"start":{"line":104,"column":6},"end":{"line":106,"column":null}}]}},"s":{"0":282,"1":272,"2":31,"3":30,"4":34,"5":39,"6":1,"7":2,"8":2,"9":2,"10":2,"11":1,"12":3,"13":23,"14":23,"15":23,"16":23,"17":23,"18":23,"19":23,"20":23,"21":23,"22":23,"23":23,"24":23,"25":23,"26":23,"27":23,"28":23,"29":23,"30":23,"31":23,"32":23,"33":23},"f":{"0":282,"1":272,"2":31,"3":30,"4":34,"5":39,"6":1,"7":2,"8":3},"b":{"0":[282,272],"1":[272,272,272,271,271,271,267,267,267,267,267,267,267,267],"2":[31,29,28,27,26,26,26,26],"3":[30,29,28,27,25,24,24,24],"4":[34,33,32,26,25,24,24,24],"5":[39,30,29,28,27,26,26,26],"6":[1,1,1],"7":[1]}}
,"/Users/dannymiller/code/pathology/constants/notificationType.ts": {"path":"/Users/dannymiller/code/pathology/constants/notificationType.ts","statementMap":{"0":{"start":{"line":1,"column":0},"end":{"line":1,"column":null}},"1":{"start":{"line":2,"column":2},"end":{"line":2,"column":null}},"2":{"start":{"line":3,"column":2},"end":{"line":3,"column":null}},"3":{"start":{"line":4,"column":2},"end":{"line":4,"column":null}},"4":{"start":{"line":5,"column":2},"end":{"line":5,"column":null}},"5":{"start":{"line":6,"column":2},"end":{"line":6,"column":null}},"6":{"start":{"line":7,"column":2},"end":{"line":7,"column":null}},"7":{"start":{"line":8,"column":2},"end":{"line":8,"column":null}},"8":{"start":{"line":11,"column":0},"end":{"line":11,"column":32}}},"fnMap":{"0":{"name":"(anonymous_0)","decl":{"start":{"line":1,"column":0},"end":{"line":1,"column":5}},"loc":{"start":{"line":1,"column":21},"end":{"line":9,"column":1}}}},"branchMap":{"0":{"loc":{"start":{"line":1,"column":5},"end":{"line":1,"column":null}},"type":"binary-expr","locations":[{"start":{"line":1,"column":5},"end":{"line":1,"column":21}},{"start":{"line":1,"column":5},"end":{"line":1,"column":null}}]}},"s":{"0":73,"1":73,"2":73,"3":73,"4":73,"5":73,"6":73,"7":73,"8":73},"f":{"0":73},"b":{"0":[73,73]}}
,"/Users/dannymiller/code/pathology/constants/role.ts": {"path":"/Users/dannymiller/code/pathology/constants/role.ts","statementMap":{"0":{"start":{"line":1,"column":0},"end":{"line":1,"column":null}},"1":{"start":{"line":2,"column":2},"end":{"line":2,"column":null}},"2":{"start":{"line":3,"column":2},"end":{"line":3,"column":null}},"3":{"start":{"line":4,"column":2},"end":{"line":4,"column":null}},"4":{"start":{"line":7,"column":0},"end":{"line":7,"column":20}}},"fnMap":{"0":{"name":"(anonymous_0)","decl":{"start":{"line":1,"column":0},"end":{"line":1,"column":5}},"loc":{"start":{"line":1,"column":9},"end":{"line":5,"column":1}}}},"branchMap":{"0":{"loc":{"start":{"line":1,"column":5},"end":{"line":1,"column":null}},"type":"binary-expr","locations":[{"start":{"line":1,"column":5},"end":{"line":1,"column":9}},{"start":{"line":1,"column":5},"end":{"line":1,"column":null}}]}},"s":{"0":73,"1":73,"2":73,"3":73,"4":73},"f":{"0":73},"b":{"0":[73,73]}}
,"/Users/dannymiller/code/pathology/constants/testId.ts": {"path":"/Users/dannymiller/code/pathology/constants/testId.ts","statementMap":{"0":{"start":{"line":1,"column":0},"end":{"line":1,"column":null}},"1":{"start":{"line":2,"column":2},"end":{"line":2,"column":null}},"2":{"start":{"line":3,"column":2},"end":{"line":3,"column":null}},"3":{"start":{"line":4,"column":2},"end":{"line":4,"column":null}},"4":{"start":{"line":5,"column":2},"end":{"line":5,"column":null}},"5":{"start":{"line":6,"column":2},"end":{"line":6,"column":null}},"6":{"start":{"line":7,"column":2},"end":{"line":7,"column":null}},"7":{"start":{"line":8,"column":2},"end":{"line":8,"column":null}},"8":{"start":{"line":9,"column":2},"end":{"line":9,"column":null}},"9":{"start":{"line":10,"column":2},"end":{"line":10,"column":null}},"10":{"start":{"line":11,"column":2},"end":{"line":11,"column":null}},"11":{"start":{"line":12,"column":2},"end":{"line":12,"column":null}},"12":{"start":{"line":13,"column":2},"end":{"line":13,"column":null}},"13":{"start":{"line":14,"column":2},"end":{"line":14,"column":null}},"14":{"start":{"line":15,"column":2},"end":{"line":15,"column":null}},"15":{"start":{"line":16,"column":2},"end":{"line":16,"column":null}},"16":{"start":{"line":17,"column":2},"end":{"line":17,"column":null}},"17":{"start":{"line":20,"column":0},"end":{"line":20,"column":22}}},"fnMap":{"0":{"name":"(anonymous_0)","decl":{"start":{"line":1,"column":0},"end":{"line":1,"column":5}},"loc":{"start":{"line":1,"column":11},"end":{"line":18,"column":1}}}},"branchMap":{"0":{"loc":{"start":{"line":1,"column":5},"end":{"line":1,"column":null}},"type":"binary-expr","locations":[{"start":{"line":1,"column":5},"end":{"line":1,"column":11}},{"start":{"line":1,"column":5},"end":{"line":1,"column":null}}]}},"s":{"0":73,"1":73,"2":73,"3":73,"4":73,"5":73,"6":73,"7":73,"8":73,"9":73,"10":73,"11":73,"12":73,"13":73,"14":73,"15":73,"16":73,"17":73},"f":{"0":73},"b":{"0":[73,73]}}
,"/Users/dannymiller/code/pathology/constants/theme.ts": {"path":"/Users/dannymiller/code/pathology/constants/theme.ts","statementMap":{"0":{"start":{"line":1,"column":41},"end":{"line":7,"column":2}},"1":{"start":{"line":9,"column":0},"end":{"line":9,"column":21}}},"fnMap":{},"branchMap":{},"s":{"0":73,"1":73},"f":{},"b":{}}
,"/Users/dannymiller/code/pathology/constants/timeRange.ts": {"path":"/Users/dannymiller/code/pathology/constants/timeRange.ts","statementMap":{"0":{"start":{"line":1,"column":0},"end":{"line":1,"column":null}},"1":{"start":{"line":2,"column":2},"end":{"line":2,"column":null}},"2":{"start":{"line":3,"column":2},"end":{"line":3,"column":null}},"3":{"start":{"line":4,"column":2},"end":{"line":4,"column":null}},"4":{"start":{"line":5,"column":2},"end":{"line":5,"column":null}},"5":{"start":{"line":6,"column":2},"end":{"line":6,"column":null}},"6":{"start":{"line":9,"column":0},"end":{"line":9,"column":25}}},"fnMap":{"0":{"name":"(anonymous_0)","decl":{"start":{"line":1,"column":0},"end":{"line":1,"column":5}},"loc":{"start":{"line":1,"column":14},"end":{"line":7,"column":1}}}},"branchMap":{"0":{"loc":{"start":{"line":1,"column":5},"end":{"line":1,"column":null}},"type":"binary-expr","locations":[{"start":{"line":1,"column":5},"end":{"line":1,"column":14}},{"start":{"line":1,"column":5},"end":{"line":1,"column":null}}]}},"s":{"0":5,"1":5,"2":5,"3":5,"4":5,"5":5,"6":5},"f":{"0":5},"b":{"0":[5,5]}}
,"/Users/dannymiller/code/pathology/helpers/apiWrapper.ts": {"path":"/Users/dannymiller/code/pathology/helpers/apiWrapper.ts","statementMap":{"0":{"start":{"line":1,"column":0},"end":{"line":1,"column":32}},"1":{"start":{"line":4,"column":0},"end":{"line":4,"column":34}},"2":{"start":{"line":18,"column":2},"end":{"line":28,"column":4}},"3":{"start":{"line":19,"column":4},"end":{"line":21,"column":null}},"4":{"start":{"line":20,"column":6},"end":{"line":20,"column":19}},"5":{"start":{"line":23,"column":4},"end":{"line":27,"column":null}},"6":{"start":{"line":24,"column":6},"end":{"line":24,"column":35}},"7":{"start":{"line":26,"column":6},"end":{"line":26,"column":18}},"8":{"start":{"line":17,"column":0},"end":{"line":17,"column":16}},"9":{"start":{"line":32,"column":2},"end":{"line":38,"column":4}},"10":{"start":{"line":33,"column":4},"end":{"line":35,"column":null}},"11":{"start":{"line":34,"column":6},"end":{"line":34,"column":19}},"12":{"start":{"line":37,"column":4},"end":{"line":37,"column":44}},"13":{"start":{"line":31,"column":0},"end":{"line":31,"column":16}},"14":{"start":{"line":42,"column":2},"end":{"line":48,"column":4}},"15":{"start":{"line":43,"column":4},"end":{"line":45,"column":null}},"16":{"start":{"line":44,"column":6},"end":{"line":44,"column":18}},"17":{"start":{"line":47,"column":4},"end":{"line":47,"column":32}},"18":{"start":{"line":41,"column":0},"end":{"line":41,"column":16}},"19":{"start":{"line":52,"column":2},"end":{"line":74,"column":4}},"20":{"start":{"line":53,"column":4},"end":{"line":55,"column":null}},"21":{"start":{"line":54,"column":6},"end":{"line":54,"column":18}},"22":{"start":{"line":57,"column":4},"end":{"line":59,"column":null}},"23":{"start":{"line":58,"column":6},"end":{"line":58,"column":19}},"24":{"start":{"line":61,"column":4},"end":{"line":63,"column":null}},"25":{"start":{"line":62,"column":6},"end":{"line":62,"column":19}},"26":{"start":{"line":65,"column":4},"end":{"line":67,"column":null}},"27":{"start":{"line":66,"column":6},"end":{"line":66,"column":19}},"28":{"start":{"line":69,"column":4},"end":{"line":71,"column":null}},"29":{"start":{"line":70,"column":6},"end":{"line":70,"column":19}},"30":{"start":{"line":73,"column":4},"end":{"line":73,"column":16}},"31":{"start":{"line":51,"column":0},"end":{"line":51,"column":16}},"32":{"start":{"line":78,"column":2},"end":{"line":84,"column":4}},"33":{"start":{"line":79,"column":4},"end":{"line":81,"column":null}},"34":{"start":{"line":80,"column":6},"end":{"line":80,"column":18}},"35":{"start":{"line":83,"column":4},"end":{"line":83,"column":45}},"36":{"start":{"line":77,"column":0},"end":{"line":77,"column":16}},"37":{"start":{"line":88,"column":2},"end":{"line":94,"column":4}},"38":{"start":{"line":89,"column":4},"end":{"line":91,"column":null}},"39":{"start":{"line":90,"column":6},"end":{"line":90,"column":18}},"40":{"start":{"line":93,"column":4},"end":{"line":93,"column":83}},"41":{"start":{"line":93,"column":52},"end":{"line":93,"column":81}},"42":{"start":{"line":87,"column":0},"end":{"line":87,"column":16}},"43":{"start":{"line":98,"column":2},"end":{"line":105,"column":4}},"44":{"start":{"line":99,"column":4},"end":{"line":101,"column":null}},"45":{"start":{"line":100,"column":6},"end":{"line":100,"column":18}},"46":{"start":{"line":104,"column":4},"end":{"line":104,"column":70}},"47":{"start":{"line":97,"column":0},"end":{"line":97,"column":16}},"48":{"start":{"line":109,"column":19},"end":{"line":109,"column":77}},"49":{"start":{"line":111,"column":2},"end":{"line":118,"column":null}},"50":{"start":{"line":112,"column":4},"end":{"line":112,"column":68}},"51":{"start":{"line":114,"column":4},"end":{"line":117,"column":6}},"52":{"start":{"line":120,"column":18},"end":{"line":120,"column":20}},"53":{"start":{"line":122,"column":2},"end":{"line":137,"column":null}},"54":{"start":{"line":123,"column":4},"end":{"line":128,"column":null}},"55":{"start":{"line":124,"column":6},"end":{"line":127,"column":8}},"56":{"start":{"line":130,"column":4},"end":{"line":136,"column":null}},"57":{"start":{"line":131,"column":18},"end":{"line":131,"column":31}},"58":{"start":{"line":133,"column":6},"end":{"line":135,"column":null}},"59":{"start":{"line":134,"column":8},"end":{"line":134,"column":36}},"60":{"start":{"line":139,"column":2},"end":{"line":147,"column":null}},"61":{"start":{"line":140,"column":4},"end":{"line":146,"column":null}},"62":{"start":{"line":141,"column":18},"end":{"line":141,"column":56}},"63":{"start":{"line":143,"column":6},"end":{"line":145,"column":null}},"64":{"start":{"line":144,"column":8},"end":{"line":144,"column":37}},"65":{"start":{"line":149,"column":2},"end":{"line":154,"column":null}},"66":{"start":{"line":150,"column":4},"end":{"line":153,"column":6}},"67":{"start":{"line":156,"column":2},"end":{"line":156,"column":14}},"68":{"start":{"line":108,"column":0},"end":{"line":108,"column":16}},"69":{"start":{"line":160,"column":2},"end":{"line":175,"column":4}},"70":{"start":{"line":160,"column":79},"end":{"line":175,"column":4}},"71":{"start":{"line":161,"column":21},"end":{"line":161,"column":45}},"72":{"start":{"line":163,"column":4},"end":{"line":167,"column":null}},"73":{"start":{"line":164,"column":6},"end":{"line":164,"column":50}},"74":{"start":{"line":166,"column":6},"end":{"line":166,"column":94}},"75":{"start":{"line":159,"column":0},"end":{"line":159,"column":24}}},"fnMap":{"0":{"name":"ValidType","decl":{"start":{"line":17,"column":16},"end":{"line":17,"column":25}},"loc":{"start":{"line":17,"column":56},"end":{"line":29,"column":1}}},"1":{"name":"(anonymous_8)","decl":{"start":{"line":18,"column":9},"end":{"line":18,"column":10}},"loc":{"start":{"line":18,"column":29},"end":{"line":28,"column":3}}},"2":{"name":"ValidEnum","decl":{"start":{"line":31,"column":16},"end":{"line":31,"column":25}},"loc":{"start":{"line":31,"column":42},"end":{"line":39,"column":1}}},"3":{"name":"(anonymous_10)","decl":{"start":{"line":32,"column":9},"end":{"line":32,"column":10}},"loc":{"start":{"line":32,"column":29},"end":{"line":38,"column":3}}},"4":{"name":"ValidArray","decl":{"start":{"line":41,"column":16},"end":{"line":41,"column":26}},"loc":{"start":{"line":41,"column":43},"end":{"line":49,"column":1}}},"5":{"name":"(anonymous_12)","decl":{"start":{"line":42,"column":9},"end":{"line":42,"column":10}},"loc":{"start":{"line":42,"column":29},"end":{"line":48,"column":3}}},"6":{"name":"ValidNumber","decl":{"start":{"line":51,"column":16},"end":{"line":51,"column":27}},"loc":{"start":{"line":51,"column":99},"end":{"line":75,"column":1}}},"7":{"name":"(anonymous_14)","decl":{"start":{"line":52,"column":9},"end":{"line":52,"column":10}},"loc":{"start":{"line":52,"column":29},"end":{"line":74,"column":3}}},"8":{"name":"ValidObjectId","decl":{"start":{"line":77,"column":16},"end":{"line":77,"column":29}},"loc":{"start":{"line":77,"column":46},"end":{"line":85,"column":1}}},"9":{"name":"(anonymous_16)","decl":{"start":{"line":78,"column":9},"end":{"line":78,"column":10}},"loc":{"start":{"line":78,"column":29},"end":{"line":84,"column":3}}},"10":{"name":"ValidObjectIdArray","decl":{"start":{"line":87,"column":16},"end":{"line":87,"column":34}},"loc":{"start":{"line":87,"column":51},"end":{"line":95,"column":1}}},"11":{"name":"(anonymous_18)","decl":{"start":{"line":88,"column":9},"end":{"line":88,"column":10}},"loc":{"start":{"line":88,"column":29},"end":{"line":94,"column":3}}},"12":{"name":"(anonymous_19)","decl":{"start":{"line":93,"column":47},"end":{"line":93,"column":48}},"loc":{"start":{"line":93,"column":52},"end":{"line":93,"column":81}}},"13":{"name":"ValidObjectIdPNG","decl":{"start":{"line":97,"column":16},"end":{"line":97,"column":32}},"loc":{"start":{"line":97,"column":49},"end":{"line":106,"column":1}}},"14":{"name":"(anonymous_21)","decl":{"start":{"line":98,"column":9},"end":{"line":98,"column":10}},"loc":{"start":{"line":98,"column":29},"end":{"line":105,"column":3}}},"15":{"name":"parseReq","decl":{"start":{"line":108,"column":16},"end":{"line":108,"column":24}},"loc":{"start":{"line":108,"column":94},"end":{"line":157,"column":1}}},"16":{"name":"apiWrapper","decl":{"start":{"line":159,"column":24},"end":{"line":159,"column":34}},"loc":{"start":{"line":159,"column":132},"end":{"line":176,"column":1}}},"17":{"name":"(anonymous_24)","decl":{"start":{"line":160,"column":9},"end":{"line":160,"column":16}},"loc":{"start":{"line":160,"column":79},"end":{"line":175,"column":4}}},"18":{"name":"(anonymous_25)","decl":{"start":{"line":160,"column":79},"end":{"line":160,"column":null}},"loc":{"start":{"line":160,"column":79},"end":{"line":175,"column":3}}}},"branchMap":{"0":{"loc":{"start":{"line":17,"column":40},"end":{"line":17,"column":56}},"type":"default-arg","locations":[{"start":{"line":17,"column":52},"end":{"line":17,"column":56}}]},"1":{"loc":{"start":{"line":19,"column":4},"end":{"line":21,"column":null}},"type":"if","locations":[{"start":{"line":19,"column":4},"end":{"line":21,"column":null}}]},"2":{"loc":{"start":{"line":19,"column":8},"end":{"line":19,"column":40}},"type":"binary-expr","locations":[{"start":{"line":19,"column":8},"end":{"line":19,"column":17}},{"start":{"line":19,"column":21},"end":{"line":19,"column":40}}]},"3":{"loc":{"start":{"line":23,"column":4},"end":{"line":27,"column":null}},"type":"if","locations":[{"start":{"line":23,"column":4},"end":{"line":27,"column":null}},{"start":{"line":25,"column":11},"end":{"line":27,"column":null}}]},"4":{"loc":{"start":{"line":33,"column":4},"end":{"line":35,"column":null}},"type":"if","locations":[{"start":{"line":33,"column":4},"end":{"line":35,"column":null}}]},"5":{"loc":{"start":{"line":41,"column":27},"end":{"line":41,"column":43}},"type":"default-arg","locations":[{"start":{"line":41,"column":39},"end":{"line":41,"column":43}}]},"6":{"loc":{"start":{"line":43,"column":4},"end":{"line":45,"column":null}},"type":"if","locations":[{"start":{"line":43,"column":4},"end":{"line":45,"column":null}}]},"7":{"loc":{"start":{"line":43,"column":8},"end":{"line":43,"column":28}},"type":"binary-expr","locations":[{"start":{"line":43,"column":8},"end":{"line":43,"column":18}},{"start":{"line":43,"column":22},"end":{"line":43,"column":28}}]},"8":{"loc":{"start":{"line":51,"column":28},"end":{"line":51,"column":44}},"type":"default-arg","locations":[{"start":{"line":51,"column":40},"end":{"line":51,"column":44}}]},"9":{"loc":{"start":{"line":53,"column":4},"end":{"line":55,"column":null}},"type":"if","locations":[{"start":{"line":53,"column":4},"end":{"line":55,"column":null}}]},"10":{"loc":{"start":{"line":53,"column":8},"end":{"line":53,"column":28}},"type":"binary-expr","locations":[{"start":{"line":53,"column":8},"end":{"line":53,"column":18}},{"start":{"line":53,"column":22},"end":{"line":53,"column":28}}]},"11":{"loc":{"start":{"line":57,"column":4},"end":{"line":59,"column":null}},"type":"if","locations":[{"start":{"line":57,"column":4},"end":{"line":59,"column":null}}]},"12":{"loc":{"start":{"line":61,"column":4},"end":{"line":63,"column":null}},"type":"if","locations":[{"start":{"line":61,"column":4},"end":{"line":63,"column":null}}]},"13":{"loc":{"start":{"line":61,"column":8},"end":{"line":61,"column":40}},"type":"binary-expr","locations":[{"start":{"line":61,"column":8},"end":{"line":61,"column":25}},{"start":{"line":61,"column":29},"end":{"line":61,"column":40}}]},"14":{"loc":{"start":{"line":65,"column":4},"end":{"line":67,"column":null}},"type":"if","locations":[{"start":{"line":65,"column":4},"end":{"line":67,"column":null}}]},"15":{"loc":{"start":{"line":65,"column":8},"end":{"line":65,"column":40}},"type":"binary-expr","locations":[{"start":{"line":65,"column":8},"end":{"line":65,"column":25}},{"start":{"line":65,"column":29},"end":{"line":65,"column":40}}]},"16":{"loc":{"start":{"line":69,"column":4},"end":{"line":71,"column":null}},"type":"if","locations":[{"start":{"line":69,"column":4},"end":{"line":71,"column":null}}]},"17":{"loc":{"start":{"line":69,"column":8},"end":{"line":69,"column":72}},"type":"binary-expr","locations":[{"start":{"line":69,"column":8},"end":{"line":69,"column":38}},{"start":{"line":69,"column":42},"end":{"line":69,"column":72}}]},"18":{"loc":{"start":{"line":77,"column":30},"end":{"line":77,"column":46}},"type":"default-arg","locations":[{"start":{"line":77,"column":42},"end":{"line":77,"column":46}}]},"19":{"loc":{"start":{"line":79,"column":4},"end":{"line":81,"column":null}},"type":"if","locations":[{"start":{"line":79,"column":4},"end":{"line":81,"column":null}}]},"20":{"loc":{"start":{"line":79,"column":8},"end":{"line":79,"column":28}},"type":"binary-expr","locations":[{"start":{"line":79,"column":8},"end":{"line":79,"column":18}},{"start":{"line":79,"column":22},"end":{"line":79,"column":28}}]},"21":{"loc":{"start":{"line":87,"column":35},"end":{"line":87,"column":51}},"type":"default-arg","locations":[{"start":{"line":87,"column":47},"end":{"line":87,"column":51}}]},"22":{"loc":{"start":{"line":89,"column":4},"end":{"line":91,"column":null}},"type":"if","locations":[{"start":{"line":89,"column":4},"end":{"line":91,"column":null}}]},"23":{"loc":{"start":{"line":89,"column":8},"end":{"line":89,"column":28}},"type":"binary-expr","locations":[{"start":{"line":89,"column":8},"end":{"line":89,"column":18}},{"start":{"line":89,"column":22},"end":{"line":89,"column":28}}]},"24":{"loc":{"start":{"line":93,"column":11},"end":{"line":93,"column":82}},"type":"binary-expr","locations":[{"start":{"line":93,"column":11},"end":{"line":93,"column":31}},{"start":{"line":93,"column":35},"end":{"line":93,"column":82}}]},"25":{"loc":{"start":{"line":97,"column":33},"end":{"line":97,"column":49}},"type":"default-arg","locations":[{"start":{"line":97,"column":45},"end":{"line":97,"column":49}}]},"26":{"loc":{"start":{"line":99,"column":4},"end":{"line":101,"column":null}},"type":"if","locations":[{"start":{"line":99,"column":4},"end":{"line":101,"column":null}}]},"27":{"loc":{"start":{"line":99,"column":8},"end":{"line":99,"column":28}},"type":"binary-expr","locations":[{"start":{"line":99,"column":8},"end":{"line":99,"column":18}},{"start":{"line":99,"column":22},"end":{"line":99,"column":28}}]},"28":{"loc":{"start":{"line":104,"column":29},"end":{"line":104,"column":68}},"type":"cond-expr","locations":[{"start":{"line":104,"column":34},"end":{"line":104,"column":45}},{"start":{"line":104,"column":29},"end":{"line":104,"column":68}}]},"29":{"loc":{"start":{"line":104,"column":29},"end":{"line":104,"column":45}},"type":"binary-expr","locations":[{"start":{"line":104,"column":29},"end":{"line":104,"column":47}},{"start":{"line":104,"column":29},"end":{"line":104,"column":45}}]},"30":{"loc":{"start":{"line":111,"column":2},"end":{"line":118,"column":null}},"type":"if","locations":[{"start":{"line":111,"column":2},"end":{"line":118,"column":null}}]},"31":{"loc":{"start":{"line":122,"column":2},"end":{"line":137,"column":null}},"type":"if","locations":[{"start":{"line":122,"column":2},"end":{"line":137,"column":null}}]},"32":{"loc":{"start":{"line":123,"column":4},"end":{"line":128,"column":null}},"type":"if","locations":[{"start":{"line":123,"column":4},"end":{"line":128,"column":null}}]},"33":{"loc":{"start":{"line":133,"column":6},"end":{"line":135,"column":null}},"type":"if","locations":[{"start":{"line":133,"column":6},"end":{"line":135,"column":null}}]},"34":{"loc":{"start":{"line":139,"column":2},"end":{"line":147,"column":null}},"type":"if","locations":[{"start":{"line":139,"column":2},"end":{"line":147,"column":null}}]},"35":{"loc":{"start":{"line":141,"column":18},"end":{"line":141,"column":56}},"type":"cond-expr","locations":[{"start":{"line":141,"column":30},"end":{"line":141,"column":44}},{"start":{"line":141,"column":47},"end":{"line":141,"column":56}}]},"36":{"loc":{"start":{"line":143,"column":6},"end":{"line":145,"column":null}},"type":"if","locations":[{"start":{"line":143,"column":6},"end":{"line":145,"column":null}}]},"37":{"loc":{"start":{"line":149,"column":2},"end":{"line":154,"column":null}},"type":"if","locations":[{"start":{"line":149,"column":2},"end":{"line":154,"column":null}}]},"38":{"loc":{"start":{"line":163,"column":4},"end":{"line":167,"column":null}},"type":"if","locations":[{"start":{"line":163,"column":4},"end":{"line":167,"column":null}}]}},"s":{"0":74,"1":74,"2":248,"3":278,"4":9,"5":269,"6":200,"7":69,"8":74,"9":164,"10":44,"11":1,"12":43,"13":74,"14":8,"15":43,"16":1,"17":42,"18":74,"19":12,"20":44,"21":9,"22":35,"23":6,"24":29,"25":1,"26":28,"27":2,"28":26,"29":2,"30":24,"31":74,"32":77,"33":247,"34":1,"35":246,"36":74,"37":10,"38":23,"39":2,"40":21,"41":44,"42":74,"43":4,"44":15,"45":1,"46":14,"47":74,"48":512,"49":512,"50":26,"51":26,"52":486,"53":486,"54":224,"55":10,"56":214,"57":472,"58":472,"59":25,"60":476,"61":200,"62":204,"63":204,"64":13,"65":476,"66":28,"67":448,"68":74,"69":56,"70":210,"71":210,"72":210,"73":32,"74":32,"75":74},"f":{"0":248,"1":278,"2":164,"3":44,"4":8,"5":43,"6":12,"7":44,"8":77,"9":247,"10":10,"11":23,"12":44,"13":4,"14":15,"15":512,"16":56,"17":210,"18":210},"b":{"0":[163],"1":[9],"2":[278,148],"3":[200,69],"4":[1],"5":[7],"6":[1],"7":[43,3],"8":[2],"9":[9],"10":[44,14],"11":[6],"12":[1],"13":[29,18],"14":[2],"15":[28,17],"16":[2],"17":[26,14],"18":[56],"19":[1],"20":[247,3],"21":[5],"22":[2],"23":[23,7],"24":[21,20],"25":[1],"26":[1],"27":[15,3],"28":[3,11],"29":[14,14],"30":[26],"31":[224],"32":[10],"33":[25],"34":[200],"35":[199,5],"36":[13],"37":[28],"38":[32]}}
,"/Users/dannymiller/code/pathology/helpers/dataTableCustomStyles.ts": {"path":"/Users/dannymiller/code/pathology/helpers/dataTableCustomStyles.ts","statementMap":{"0":{"start":{"line":4,"column":13},"end":{"line":58,"column":2}}},"fnMap":{},"branchMap":{},"s":{"0":5},"f":{},"b":{}}
,"/Users/dannymiller/code/pathology/helpers/enrich.ts": {"path":"/Users/dannymiller/code/pathology/helpers/enrich.ts","statementMap":{"0":{"start":{"line":2,"column":0},"end":{"line":2,"column":41}},"1":{"start":{"line":9,"column":0},"end":{"line":9,"column":66}},"2":{"start":{"line":12,"column":27},"end":{"line":12,"column":83}},"3":{"start":{"line":13,"column":27},"end":{"line":13,"column":28}},"4":{"start":{"line":15,"column":2},"end":{"line":15,"column":34}},"5":{"start":{"line":17,"column":2},"end":{"line":22,"column":null}},"6":{"start":{"line":17,"column":15},"end":{"line":17,"column":16}},"7":{"start":{"line":18,"column":31},"end":{"line":18,"column":95}},"8":{"start":{"line":20,"column":4},"end":{"line":20,"column":65}},"9":{"start":{"line":21,"column":4},"end":{"line":21,"column":64}},"10":{"start":{"line":24,"column":2},"end":{"line":26,"column":null}},"11":{"start":{"line":25,"column":4},"end":{"line":25,"column":61}},"12":{"start":{"line":28,"column":2},"end":{"line":28,"column":26}},"13":{"start":{"line":11,"column":0},"end":{"line":11,"column":22}},"14":{"start":{"line":32,"column":29},"end":{"line":32,"column":89}},"15":{"start":{"line":34,"column":2},"end":{"line":34,"column":59}},"16":{"start":{"line":36,"column":2},"end":{"line":49,"column":null}},"17":{"start":{"line":37,"column":18},"end":{"line":37,"column":130}},"18":{"start":{"line":37,"column":115},"end":{"line":37,"column":124}},"19":{"start":{"line":38,"column":29},"end":{"line":38,"column":30}},"20":{"start":{"line":40,"column":4},"end":{"line":46,"column":7}},"21":{"start":{"line":41,"column":19},"end":{"line":41,"column":69}},"22":{"start":{"line":41,"column":38},"end":{"line":41,"column":68}},"23":{"start":{"line":43,"column":6},"end":{"line":45,"column":null}},"24":{"start":{"line":44,"column":8},"end":{"line":44,"column":29}},"25":{"start":{"line":48,"column":4},"end":{"line":48,"column":63}},"26":{"start":{"line":51,"column":2},"end":{"line":51,"column":28}},"27":{"start":{"line":31,"column":0},"end":{"line":31,"column":22}},"28":{"start":{"line":55,"column":42},"end":{"line":55,"column":44}},"29":{"start":{"line":58,"column":2},"end":{"line":66,"column":5}},"30":{"start":{"line":59,"column":4},"end":{"line":63,"column":null}},"31":{"start":{"line":60,"column":6},"end":{"line":62,"column":null}},"32":{"start":{"line":61,"column":8},"end":{"line":61,"column":66}},"33":{"start":{"line":65,"column":4},"end":{"line":65,"column":24}},"34":{"start":{"line":68,"column":25},"end":{"line":68,"column":68}},"35":{"start":{"line":70,"column":61},"end":{"line":74,"column":4}},"36":{"start":{"line":76,"column":34},"end":{"line":130,"column":4}},"37":{"start":{"line":77,"column":4},"end":{"line":77,"column":60}},"38":{"start":{"line":79,"column":4},"end":{"line":87,"column":null}},"39":{"start":{"line":80,"column":6},"end":{"line":86,"column":null}},"40":{"start":{"line":81,"column":30},"end":{"line":81,"column":119}},"41":{"start":{"line":81,"column":59},"end":{"line":81,"column":118}},"42":{"start":{"line":83,"column":8},"end":{"line":85,"column":null}},"43":{"start":{"line":84,"column":10},"end":{"line":84,"column":46}},"44":{"start":{"line":90,"column":25},"end":{"line":90,"column":75}},"45":{"start":{"line":92,"column":19},"end":{"line":92,"column":61}},"46":{"start":{"line":94,"column":43},"end":{"line":94,"column":45}},"47":{"start":{"line":96,"column":4},"end":{"line":100,"column":7}},"48":{"start":{"line":97,"column":6},"end":{"line":99,"column":null}},"49":{"start":{"line":98,"column":8},"end":{"line":98,"column":41}},"50":{"start":{"line":102,"column":4},"end":{"line":102,"column":62}},"51":{"start":{"line":111,"column":25},"end":{"line":111,"column":75}},"52":{"start":{"line":113,"column":19},"end":{"line":113,"column":61}},"53":{"start":{"line":115,"column":43},"end":{"line":115,"column":45}},"54":{"start":{"line":117,"column":4},"end":{"line":121,"column":7}},"55":{"start":{"line":118,"column":6},"end":{"line":120,"column":null}},"56":{"start":{"line":119,"column":8},"end":{"line":119,"column":41}},"57":{"start":{"line":123,"column":4},"end":{"line":123,"column":44}},"58":{"start":{"line":125,"column":4},"end":{"line":127,"column":null}},"59":{"start":{"line":126,"column":6},"end":{"line":126,"column":37}},"60":{"start":{"line":129,"column":4},"end":{"line":129,"column":40}},"61":{"start":{"line":132,"column":2},"end":{"line":132,"column":17}},"62":{"start":{"line":54,"column":0},"end":{"line":54,"column":22}},"63":{"start":{"line":136,"column":35},"end":{"line":136,"column":81}},"64":{"start":{"line":138,"column":26},"end":{"line":320,"column":4}},"65":{"start":{"line":322,"column":2},"end":{"line":330,"column":5}},"66":{"start":{"line":323,"column":4},"end":{"line":325,"column":null}},"67":{"start":{"line":324,"column":6},"end":{"line":324,"column":45}},"68":{"start":{"line":327,"column":4},"end":{"line":329,"column":null}},"69":{"start":{"line":328,"column":6},"end":{"line":328,"column":45}},"70":{"start":{"line":332,"column":2},"end":{"line":332,"column":50}},"71":{"start":{"line":334,"column":2},"end":{"line":334,"column":25}},"72":{"start":{"line":135,"column":0},"end":{"line":135,"column":22}},"73":{"start":{"line":345,"column":2},"end":{"line":347,"column":null}},"74":{"start":{"line":346,"column":4},"end":{"line":346,"column":51}},"75":{"start":{"line":349,"column":2},"end":{"line":351,"column":null}},"76":{"start":{"line":350,"column":4},"end":{"line":350,"column":31}},"77":{"start":{"line":353,"column":36},"end":{"line":377,"column":null}},"78":{"start":{"line":381,"column":2},"end":{"line":403,"column":null}},"79":{"start":{"line":382,"column":4},"end":{"line":389,"column":6}},"80":{"start":{"line":390,"column":4},"end":{"line":392,"column":7}},"81":{"start":{"line":394,"column":4},"end":{"line":402,"column":7}},"82":{"start":{"line":405,"column":2},"end":{"line":408,"column":7}},"83":{"start":{"line":410,"column":2},"end":{"line":410,"column":18}},"84":{"start":{"line":344,"column":0},"end":{"line":344,"column":16}},"85":{"start":{"line":414,"column":2},"end":{"line":416,"column":null}},"86":{"start":{"line":415,"column":4},"end":{"line":415,"column":37}},"87":{"start":{"line":418,"column":16},"end":{"line":418,"column":117}},"88":{"start":{"line":418,"column":102},"end":{"line":418,"column":111}},"89":{"start":{"line":421,"column":2},"end":{"line":430,"column":5}},"90":{"start":{"line":422,"column":17},"end":{"line":422,"column":67}},"91":{"start":{"line":422,"column":36},"end":{"line":422,"column":66}},"92":{"start":{"line":423,"column":26},"end":{"line":423,"column":76}},"93":{"start":{"line":425,"column":4},"end":{"line":425,"column":48}},"94":{"start":{"line":426,"column":4},"end":{"line":426,"column":42}},"95":{"start":{"line":427,"column":4},"end":{"line":427,"column":41}},"96":{"start":{"line":429,"column":4},"end":{"line":429,"column":25}},"97":{"start":{"line":413,"column":0},"end":{"line":413,"column":22}}},"fnMap":{"0":{"name":"enrichCampaign","decl":{"start":{"line":11,"column":22},"end":{"line":11,"column":36}},"loc":{"start":{"line":11,"column":77},"end":{"line":29,"column":null}}},"1":{"name":"enrichCollection","decl":{"start":{"line":31,"column":22},"end":{"line":31,"column":38}},"loc":{"start":{"line":31,"column":83},"end":{"line":52,"column":null}}},"2":{"name":"(anonymous_12)","decl":{"start":{"line":37,"column":106},"end":{"line":37,"column":111}},"loc":{"start":{"line":37,"column":115},"end":{"line":37,"column":124}}},"3":{"name":"(anonymous_13)","decl":{"start":{"line":40,"column":30},"end":{"line":40,"column":35}},"loc":{"start":{"line":40,"column":38},"end":{"line":46,"column":5}}},"4":{"name":"(anonymous_14)","decl":{"start":{"line":41,"column":30},"end":{"line":41,"column":34}},"loc":{"start":{"line":41,"column":38},"end":{"line":41,"column":68}}},"5":{"name":"enrichNotifications","decl":{"start":{"line":54,"column":22},"end":{"line":54,"column":41}},"loc":{"start":{"line":54,"column":86},"end":{"line":133,"column":null}}},"6":{"name":"(anonymous_17)","decl":{"start":{"line":58,"column":20},"end":{"line":58,"column":32}},"loc":{"start":{"line":58,"column":35},"end":{"line":66,"column":3}}},"7":{"name":"(anonymous_18)","decl":{"start":{"line":76,"column":52},"end":{"line":76,"column":53}},"loc":{"start":{"line":76,"column":69},"end":{"line":130,"column":3}}},"8":{"name":"(anonymous_19)","decl":{"start":{"line":81,"column":50},"end":{"line":81,"column":55}},"loc":{"start":{"line":81,"column":59},"end":{"line":81,"column":118}}},"9":{"name":"(anonymous_20)","decl":{"start":{"line":96,"column":25},"end":{"line":96,"column":30}},"loc":{"start":{"line":96,"column":33},"end":{"line":100,"column":5}}},"10":{"name":"(anonymous_21)","decl":{"start":{"line":117,"column":25},"end":{"line":117,"column":30}},"loc":{"start":{"line":117,"column":33},"end":{"line":121,"column":5}}},"11":{"name":"enrichReqUser","decl":{"start":{"line":135,"column":22},"end":{"line":135,"column":35}},"loc":{"start":{"line":135,"column":49},"end":{"line":335,"column":null}}},"12":{"name":"(anonymous_24)","decl":{"start":{"line":322,"column":26},"end":{"line":322,"column":38}},"loc":{"start":{"line":322,"column":41},"end":{"line":330,"column":3}}},"13":{"name":"getEnrichLevelsPipelineSteps","decl":{"start":{"line":344,"column":16},"end":{"line":344,"column":44}},"loc":{"start":{"line":344,"column":123},"end":{"line":411,"column":1}}},"14":{"name":"enrichLevels","decl":{"start":{"line":413,"column":22},"end":{"line":413,"column":34}},"loc":{"start":{"line":413,"column":72},"end":{"line":431,"column":null}}},"15":{"name":"(anonymous_28)","decl":{"start":{"line":418,"column":93},"end":{"line":418,"column":98}},"loc":{"start":{"line":418,"column":102},"end":{"line":418,"column":111}}},"16":{"name":"(anonymous_29)","decl":{"start":{"line":421,"column":20},"end":{"line":421,"column":25}},"loc":{"start":{"line":421,"column":28},"end":{"line":430,"column":3}}},"17":{"name":"(anonymous_30)","decl":{"start":{"line":422,"column":28},"end":{"line":422,"column":32}},"loc":{"start":{"line":422,"column":36},"end":{"line":422,"column":66}}}},"branchMap":{"0":{"loc":{"start":{"line":24,"column":2},"end":{"line":26,"column":null}},"type":"if","locations":[{"start":{"line":24,"column":2},"end":{"line":26,"column":null}}]},"1":{"loc":{"start":{"line":36,"column":2},"end":{"line":49,"column":null}},"type":"if","locations":[{"start":{"line":36,"column":2},"end":{"line":49,"column":null}}]},"2":{"loc":{"start":{"line":43,"column":6},"end":{"line":45,"column":null}},"type":"if","locations":[{"start":{"line":43,"column":6},"end":{"line":45,"column":null}}]},"3":{"loc":{"start":{"line":43,"column":10},"end":{"line":43,"column":49}},"type":"binary-expr","locations":[{"start":{"line":43,"column":10},"end":{"line":43,"column":14}},{"start":{"line":43,"column":18},"end":{"line":43,"column":49}}]},"4":{"loc":{"start":{"line":59,"column":4},"end":{"line":63,"column":null}},"type":"if","locations":[{"start":{"line":59,"column":4},"end":{"line":63,"column":null}}]},"5":{"loc":{"start":{"line":60,"column":6},"end":{"line":62,"column":null}},"type":"if","locations":[{"start":{"line":60,"column":6},"end":{"line":62,"column":null}}]},"6":{"loc":{"start":{"line":79,"column":4},"end":{"line":87,"column":null}},"type":"if","locations":[{"start":{"line":79,"column":4},"end":{"line":87,"column":null}}]},"7":{"loc":{"start":{"line":80,"column":6},"end":{"line":86,"column":null}},"type":"if","locations":[{"start":{"line":80,"column":6},"end":{"line":86,"column":null}}]},"8":{"loc":{"start":{"line":83,"column":8},"end":{"line":85,"column":null}},"type":"if","locations":[{"start":{"line":83,"column":8},"end":{"line":85,"column":null}}]},"9":{"loc":{"start":{"line":97,"column":6},"end":{"line":99,"column":null}},"type":"if","locations":[{"start":{"line":97,"column":6},"end":{"line":99,"column":null}}]},"10":{"loc":{"start":{"line":97,"column":10},"end":{"line":97,"column":33}},"type":"binary-expr","locations":[{"start":{"line":97,"column":10},"end":{"line":97,"column":16}},{"start":{"line":97,"column":20},"end":{"line":97,"column":33}}]},"11":{"loc":{"start":{"line":118,"column":6},"end":{"line":120,"column":null}},"type":"if","locations":[{"start":{"line":118,"column":6},"end":{"line":120,"column":null}}]},"12":{"loc":{"start":{"line":118,"column":10},"end":{"line":118,"column":33}},"type":"binary-expr","locations":[{"start":{"line":118,"column":10},"end":{"line":118,"column":16}},{"start":{"line":118,"column":20},"end":{"line":118,"column":33}}]},"13":{"loc":{"start":{"line":125,"column":4},"end":{"line":127,"column":null}},"type":"if","locations":[{"start":{"line":125,"column":4},"end":{"line":127,"column":null}}]},"14":{"loc":{"start":{"line":323,"column":4},"end":{"line":325,"column":null}},"type":"if","locations":[{"start":{"line":323,"column":4},"end":{"line":325,"column":null}}]},"15":{"loc":{"start":{"line":323,"column":8},"end":{"line":323,"column":66}},"type":"binary-expr","locations":[{"start":{"line":323,"column":8},"end":{"line":323,"column":43}},{"start":{"line":323,"column":47},"end":{"line":323,"column":66}}]},"16":{"loc":{"start":{"line":327,"column":4},"end":{"line":329,"column":null}},"type":"if","locations":[{"start":{"line":327,"column":4},"end":{"line":329,"column":null}}]},"17":{"loc":{"start":{"line":327,"column":8},"end":{"line":327,"column":66}},"type":"binary-expr","locations":[{"start":{"line":327,"column":8},"end":{"line":327,"column":43}},{"start":{"line":327,"column":47},"end":{"line":327,"column":66}}]},"18":{"loc":{"start":{"line":344,"column":68},"end":{"line":344,"column":96}},"type":"default-arg","locations":[{"start":{"line":344,"column":83},"end":{"line":344,"column":96}}]},"19":{"loc":{"start":{"line":344,"column":98},"end":{"line":344,"column":123}},"type":"default-arg","locations":[{"start":{"line":344,"column":114},"end":{"line":344,"column":123}}]},"20":{"loc":{"start":{"line":345,"column":2},"end":{"line":347,"column":null}},"type":"if","locations":[{"start":{"line":345,"column":2},"end":{"line":347,"column":null}}]},"21":{"loc":{"start":{"line":349,"column":2},"end":{"line":351,"column":null}},"type":"if","locations":[{"start":{"line":349,"column":2},"end":{"line":351,"column":null}}]},"22":{"loc":{"start":{"line":356,"column":50},"end":{"line":356,"column":62}},"type":"cond-expr","locations":[{"start":{"line":356,"column":57},"end":{"line":356,"column":59}},{"start":{"line":356,"column":50},"end":{"line":356,"column":62}}]},"23":{"loc":{"start":{"line":356,"column":50},"end":{"line":356,"column":59}},"type":"binary-expr","locations":[{"start":{"line":356,"column":50},"end":{"line":356,"column":59}},{"start":{"line":356,"column":50},"end":{"line":356,"column":59}}]},"24":{"loc":{"start":{"line":381,"column":2},"end":{"line":403,"column":null}},"type":"if","locations":[{"start":{"line":381,"column":2},"end":{"line":403,"column":null}},{"start":{"line":393,"column":9},"end":{"line":403,"column":null}}]},"25":{"loc":{"start":{"line":414,"column":2},"end":{"line":416,"column":null}},"type":"if","locations":[{"start":{"line":414,"column":2},"end":{"line":416,"column":null}}]},"26":{"loc":{"start":{"line":425,"column":33},"end":{"line":425,"column":47}},"type":"cond-expr","locations":[{"start":{"line":425,"column":37},"end":{"line":425,"column":39}},{"start":{"line":425,"column":33},"end":{"line":425,"column":47}}]},"27":{"loc":{"start":{"line":425,"column":33},"end":{"line":425,"column":39}},"type":"binary-expr","locations":[{"start":{"line":425,"column":33},"end":{"line":425,"column":39}},{"start":{"line":425,"column":33},"end":{"line":425,"column":39}}]},"28":{"loc":{"start":{"line":426,"column":30},"end":{"line":426,"column":41}},"type":"cond-expr","locations":[{"start":{"line":426,"column":34},"end":{"line":426,"column":36}},{"start":{"line":426,"column":30},"end":{"line":426,"column":41}}]},"29":{"loc":{"start":{"line":426,"column":30},"end":{"line":426,"column":36}},"type":"binary-expr","locations":[{"start":{"line":426,"column":30},"end":{"line":426,"column":36}},{"start":{"line":426,"column":30},"end":{"line":426,"column":36}}]},"30":{"loc":{"start":{"line":427,"column":32},"end":{"line":427,"column":40}},"type":"cond-expr","locations":[{"start":{"line":427,"column":36},"end":{"line":427,"column":38}},{"start":{"line":427,"column":32},"end":{"line":427,"column":40}}]},"31":{"loc":{"start":{"line":427,"column":32},"end":{"line":427,"column":38}},"type":"binary-expr","locations":[{"start":{"line":427,"column":32},"end":{"line":427,"column":38}},{"start":{"line":427,"column":32},"end":{"line":427,"column":38}}]}},"s":{"0":73,"1":73,"2":2,"3":2,"4":2,"5":2,"6":2,"7":2,"8":2,"9":2,"10":2,"11":1,"12":2,"13":73,"14":6,"15":6,"16":6,"17":4,"18":5,"19":4,"20":4,"21":5,"22":6,"23":5,"24":5,"25":4,"26":6,"27":73,"28":3,"29":3,"30":51,"31":51,"32":2,"33":51,"34":3,"35":3,"36":3,"37":51,"38":51,"39":51,"40":2,"41":2,"42":2,"43":2,"44":51,"45":51,"46":51,"47":51,"48":408,"49":16,"50":51,"51":51,"52":51,"53":51,"54":51,"55":255,"56":102,"57":51,"58":51,"59":51,"60":51,"61":3,"62":73,"63":8,"64":8,"65":8,"66":8,"67":8,"68":8,"69":0,"70":8,"71":8,"72":73,"73":129,"74":36,"75":93,"76":92,"77":93,"78":93,"79":92,"80":92,"81":1,"82":93,"83":93,"84":73,"85":29,"86":4,"87":25,"88":76,"89":25,"90":76,"91":12,"92":76,"93":76,"94":76,"95":76,"96":76,"97":73},"f":{"0":2,"1":6,"2":5,"3":5,"4":6,"5":3,"6":51,"7":51,"8":2,"9":408,"10":255,"11":8,"12":8,"13":129,"14":29,"15":76,"16":76,"17":12},"b":{"0":[1],"1":[4],"2":[5],"3":[5,5],"4":[51],"5":[2],"6":[51],"7":[2],"8":[2],"9":[16],"10":[408,16],"11":[102],"12":[255,255],"13":[51],"14":[8],"15":[8,8],"16":[0],"17":[8,0],"18":[3],"19":[3],"20":[36],"21":[92],"22":[0,93],"23":[93,93],"24":[92,1],"25":[4],"26":[65,11],"27":[76,76],"28":[65,11],"29":[76,76],"30":[65,11],"31":[76,76]}}
,"/Users/dannymiller/code/pathology/helpers/filterSelectOptions.ts": {"path":"/Users/dannymiller/code/pathology/helpers/filterSelectOptions.ts","statementMap":{"0":{"start":{"line":3,"column":0},"end":{"line":3,"column":null}},"1":{"start":{"line":4,"column":2},"end":{"line":4,"column":null}},"2":{"start":{"line":5,"column":2},"end":{"line":5,"column":null}},"3":{"start":{"line":6,"column":2},"end":{"line":6,"column":null}},"4":{"start":{"line":7,"column":2},"end":{"line":7,"column":null}},"5":{"start":{"line":8,"column":2},"end":{"line":8,"column":null}},"6":{"start":{"line":16,"column":2},"end":{"line":22,"column":null}},"7":{"start":{"line":17,"column":4},"end":{"line":17,"column":104}},"8":{"start":{"line":17,"column":55},"end":{"line":17,"column":103}},"9":{"start":{"line":18,"column":9},"end":{"line":22,"column":null}},"10":{"start":{"line":19,"column":4},"end":{"line":19,"column":120}},"11":{"start":{"line":19,"column":55},"end":{"line":19,"column":119}},"12":{"start":{"line":20,"column":9},"end":{"line":22,"column":null}},"13":{"start":{"line":21,"column":4},"end":{"line":21,"column":129}},"14":{"start":{"line":21,"column":55},"end":{"line":21,"column":128}},"15":{"start":{"line":24,"column":2},"end":{"line":26,"column":null}},"16":{"start":{"line":25,"column":4},"end":{"line":25,"column":118}},"17":{"start":{"line":25,"column":55},"end":{"line":25,"column":117}},"18":{"start":{"line":28,"column":2},"end":{"line":28,"column":17}},"19":{"start":{"line":11,"column":0},"end":{"line":11,"column":24}}},"fnMap":{"0":{"name":"(anonymous_0)","decl":{"start":{"line":3,"column":0},"end":{"line":3,"column":12}},"loc":{"start":{"line":3,"column":30},"end":{"line":9,"column":1}}},"1":{"name":"filterSelectOptions","decl":{"start":{"line":11,"column":24},"end":{"line":11,"column":43}},"loc":{"start":{"line":14,"column":20},"end":{"line":29,"column":1}}},"2":{"name":"(anonymous_2)","decl":{"start":{"line":17,"column":29},"end":{"line":17,"column":30}},"loc":{"start":{"line":17,"column":54},"end":{"line":17,"column":103}}},"3":{"name":"(anonymous_3)","decl":{"start":{"line":19,"column":29},"end":{"line":19,"column":30}},"loc":{"start":{"line":19,"column":54},"end":{"line":19,"column":119}}},"4":{"name":"(anonymous_4)","decl":{"start":{"line":21,"column":29},"end":{"line":21,"column":30}},"loc":{"start":{"line":21,"column":54},"end":{"line":21,"column":128}}},"5":{"name":"(anonymous_5)","decl":{"start":{"line":25,"column":29},"end":{"line":25,"column":30}},"loc":{"start":{"line":25,"column":54},"end":{"line":25,"column":117}}}},"branchMap":{"0":{"loc":{"start":{"line":3,"column":12},"end":{"line":3,"column":null}},"type":"binary-expr","locations":[{"start":{"line":3,"column":12},"end":{"line":3,"column":30}},{"start":{"line":3,"column":12},"end":{"line":3,"column":null}}]},"1":{"loc":{"start":{"line":16,"column":2},"end":{"line":22,"column":null}},"type":"if","locations":[{"start":{"line":16,"column":2},"end":{"line":22,"column":null}},{"start":{"line":18,"column":9},"end":{"line":22,"column":null}}]},"2":{"loc":{"start":{"line":17,"column":55},"end":{"line":17,"column":78}},"type":"cond-expr","locations":[{"start":{"line":17,"column":67},"end":{"line":17,"column":69}},{"start":{"line":17,"column":67},"end":{"line":17,"column":78}}]},"3":{"loc":{"start":{"line":17,"column":55},"end":{"line":17,"column":69}},"type":"binary-expr","locations":[{"start":{"line":17,"column":55},"end":{"line":17,"column":69}},{"start":{"line":17,"column":67},"end":{"line":17,"column":69}}]},"4":{"loc":{"start":{"line":17,"column":83},"end":{"line":17,"column":102}},"type":"cond-expr","locations":[{"start":{"line":17,"column":95},"end":{"line":17,"column":97}},{"start":{"line":17,"column":95},"end":{"line":17,"column":102}}]},"5":{"loc":{"start":{"line":17,"column":83},"end":{"line":17,"column":97}},"type":"binary-expr","locations":[{"start":{"line":17,"column":83},"end":{"line":17,"column":97}},{"start":{"line":17,"column":95},"end":{"line":17,"column":97}}]},"6":{"loc":{"start":{"line":18,"column":9},"end":{"line":22,"column":null}},"type":"if","locations":[{"start":{"line":18,"column":9},"end":{"line":22,"column":null}},{"start":{"line":20,"column":9},"end":{"line":22,"column":null}}]},"7":{"loc":{"start":{"line":19,"column":55},"end":{"line":19,"column":119}},"type":"binary-expr","locations":[{"start":{"line":19,"column":55},"end":{"line":19,"column":67}},{"start":{"line":19,"column":71},"end":{"line":19,"column":119}}]},"8":{"loc":{"start":{"line":19,"column":71},"end":{"line":19,"column":94}},"type":"cond-expr","locations":[{"start":{"line":19,"column":83},"end":{"line":19,"column":85}},{"start":{"line":19,"column":83},"end":{"line":19,"column":94}}]},"9":{"loc":{"start":{"line":19,"column":71},"end":{"line":19,"column":85}},"type":"binary-expr","locations":[{"start":{"line":19,"column":71},"end":{"line":19,"column":85}},{"start":{"line":19,"column":83},"end":{"line":19,"column":85}}]},"10":{"loc":{"start":{"line":19,"column":99},"end":{"line":19,"column":118}},"type":"cond-expr","locations":[{"start":{"line":19,"column":111},"end":{"line":19,"column":113}},{"start":{"line":19,"column":111},"end":{"line":19,"column":118}}]},"11":{"loc":{"start":{"line":19,"column":99},"end":{"line":19,"column":113}},"type":"binary-expr","locations":[{"start":{"line":19,"column":99},"end":{"line":19,"column":113}},{"start":{"line":19,"column":111},"end":{"line":19,"column":113}}]},"12":{"loc":{"start":{"line":20,"column":9},"end":{"line":22,"column":null}},"type":"if","locations":[{"start":{"line":20,"column":9},"end":{"line":22,"column":null}}]},"13":{"loc":{"start":{"line":21,"column":55},"end":{"line":21,"column":127}},"type":"binary-expr","locations":[{"start":{"line":21,"column":55},"end":{"line":21,"column":78}},{"start":{"line":21,"column":82},"end":{"line":21,"column":127}}]},"14":{"loc":{"start":{"line":21,"column":55},"end":{"line":21,"column":78}},"type":"cond-expr","locations":[{"start":{"line":21,"column":67},"end":{"line":21,"column":69}},{"start":{"line":21,"column":67},"end":{"line":21,"column":78}}]},"15":{"loc":{"start":{"line":21,"column":55},"end":{"line":21,"column":69}},"type":"binary-expr","locations":[{"start":{"line":21,"column":55},"end":{"line":21,"column":69}},{"start":{"line":21,"column":67},"end":{"line":21,"column":69}}]},"16":{"loc":{"start":{"line":24,"column":2},"end":{"line":26,"column":null}},"type":"if","locations":[{"start":{"line":24,"column":2},"end":{"line":26,"column":null}}]},"17":{"loc":{"start":{"line":25,"column":55},"end":{"line":25,"column":116}},"type":"cond-expr","locations":[{"start":{"line":25,"column":66},"end":{"line":25,"column":68}},{"start":{"line":25,"column":66},"end":{"line":25,"column":116}}]},"18":{"loc":{"start":{"line":25,"column":55},"end":{"line":25,"column":68}},"type":"binary-expr","locations":[{"start":{"line":25,"column":55},"end":{"line":25,"column":68}},{"start":{"line":25,"column":66},"end":{"line":25,"column":68}}]}},"s":{"0":7,"1":7,"2":7,"3":7,"4":7,"5":7,"6":4,"7":1,"8":5,"9":3,"10":0,"11":0,"12":3,"13":1,"14":5,"15":4,"16":1,"17":5,"18":4,"19":7},"f":{"0":7,"1":4,"2":5,"3":0,"4":5,"5":5},"b":{"0":[7,7],"1":[1,3],"2":[1,4],"3":[5,5],"4":[1,4],"5":[5,5],"6":[0,3],"7":[0,0],"8":[0,0],"9":[0,0],"10":[0,0],"11":[0,0],"12":[1],"13":[5,2],"14":[1,4],"15":[5,5],"16":[1],"17":[1,4],"18":[5,5]}}
,"/Users/dannymiller/code/pathology/helpers/generateLevelCanvas.ts": {"path":"/Users/dannymiller/code/pathology/helpers/generateLevelCanvas.ts","statementMap":{"0":{"start":{"line":2,"column":0},"end":{"line":2,"column":55}},"1":{"start":{"line":6,"column":0},"end":{"line":6,"column":24}}},"fnMap":{},"branchMap":{},"s":{"0":10,"1":10},"f":{},"b":{}}
,"/Users/dannymiller/code/pathology/helpers/generateSlug.ts": {"path":"/Users/dannymiller/code/pathology/helpers/generateSlug.ts","statementMap":{"0":{"start":{"line":4,"column":0},"end":{"line":4,"column":65}},"1":{"start":{"line":7,"column":2},"end":{"line":7,"column":63}},"2":{"start":{"line":11,"column":2},"end":{"line":11,"column":55}},"3":{"start":{"line":15,"column":15},"end":{"line":18,"column":32}},"4":{"start":{"line":21,"column":2},"end":{"line":21,"column":34}},"5":{"start":{"line":25,"column":18},"end":{"line":25,"column":67}},"6":{"start":{"line":26,"column":13},"end":{"line":26,"column":20}},"7":{"start":{"line":27,"column":10},"end":{"line":27,"column":11}},"8":{"start":{"line":29,"column":2},"end":{"line":42,"column":null}},"9":{"start":{"line":30,"column":23},"end":{"line":30,"column":54}},"10":{"start":{"line":32,"column":4},"end":{"line":34,"column":null}},"11":{"start":{"line":33,"column":6},"end":{"line":33,"column":18}},"12":{"start":{"line":36,"column":4},"end":{"line":38,"column":null}},"13":{"start":{"line":37,"column":6},"end":{"line":37,"column":18}},"14":{"start":{"line":40,"column":4},"end":{"line":40,"column":29}},"15":{"start":{"line":41,"column":4},"end":{"line":41,"column":8}},"16":{"start":{"line":44,"column":2},"end":{"line":44,"column":65}},"17":{"start":{"line":24,"column":0},"end":{"line":24,"column":22}},"18":{"start":{"line":48,"column":18},"end":{"line":48,"column":62}},"19":{"start":{"line":49,"column":13},"end":{"line":49,"column":20}},"20":{"start":{"line":50,"column":10},"end":{"line":50,"column":11}},"21":{"start":{"line":52,"column":2},"end":{"line":65,"column":null}},"22":{"start":{"line":53,"column":18},"end":{"line":53,"column":53}},"23":{"start":{"line":55,"column":4},"end":{"line":57,"column":null}},"24":{"start":{"line":56,"column":6},"end":{"line":56,"column":18}},"25":{"start":{"line":59,"column":4},"end":{"line":61,"column":null}},"26":{"start":{"line":60,"column":6},"end":{"line":60,"column":18}},"27":{"start":{"line":63,"column":4},"end":{"line":63,"column":29}},"28":{"start":{"line":64,"column":4},"end":{"line":64,"column":8}},"29":{"start":{"line":67,"column":2},"end":{"line":67,"column":60}},"30":{"start":{"line":47,"column":0},"end":{"line":47,"column":22}}},"fnMap":{"0":{"name":"getLevelBySlug","decl":{"start":{"line":6,"column":15},"end":{"line":6,"column":29}},"loc":{"start":{"line":6,"column":66},"end":{"line":8,"column":null}}},"1":{"name":"getCollectionBySlug","decl":{"start":{"line":10,"column":15},"end":{"line":10,"column":34}},"loc":{"start":{"line":10,"column":47},"end":{"line":12,"column":null}}},"2":{"name":"slugify","decl":{"start":{"line":14,"column":9},"end":{"line":14,"column":16}},"loc":{"start":{"line":14,"column":28},"end":{"line":22,"column":1}}},"3":{"name":"generateCollectionSlug","decl":{"start":{"line":24,"column":22},"end":{"line":24,"column":44}},"loc":{"start":{"line":24,"column":116},"end":{"line":45,"column":null}}},"4":{"name":"generateLevelSlug","decl":{"start":{"line":47,"column":22},"end":{"line":47,"column":39}},"loc":{"start":{"line":47,"column":125},"end":{"line":68,"column":null}}}},"branchMap":{"0":{"loc":{"start":{"line":21,"column":9},"end":{"line":21,"column":33}},"type":"cond-expr","locations":[{"start":{"line":21,"column":23},"end":{"line":21,"column":26}},{"start":{"line":21,"column":29},"end":{"line":21,"column":33}}]},"1":{"loc":{"start":{"line":32,"column":4},"end":{"line":34,"column":null}},"type":"if","locations":[{"start":{"line":32,"column":4},"end":{"line":34,"column":null}}]},"2":{"loc":{"start":{"line":36,"column":4},"end":{"line":38,"column":null}},"type":"if","locations":[{"start":{"line":36,"column":4},"end":{"line":38,"column":null}}]},"3":{"loc":{"start":{"line":55,"column":4},"end":{"line":57,"column":null}},"type":"if","locations":[{"start":{"line":55,"column":4},"end":{"line":57,"column":null}}]},"4":{"loc":{"start":{"line":59,"column":4},"end":{"line":61,"column":null}},"type":"if","locations":[{"start":{"line":59,"column":4},"end":{"line":61,"column":null}}]}},"s":{"0":73,"1":261,"2":421,"3":674,"4":674,"5":250,"6":250,"7":250,"8":250,"9":421,"10":421,"11":248,"12":173,"13":1,"14":172,"15":172,"16":1,"17":73,"18":87,"19":87,"20":87,"21":87,"22":261,"23":261,"24":84,"25":177,"26":2,"27":175,"28":175,"29":1,"30":73},"f":{"0":261,"1":421,"2":674,"3":250,"4":87},"b":{"0":[2,672],"1":[248],"2":[1],"3":[84],"4":[2]}}
,"/Users/dannymiller/code/pathology/helpers/getDifficultyEstimate.ts": {"path":"/Users/dannymiller/code/pathology/helpers/getDifficultyEstimate.ts","statementMap":{"0":{"start":{"line":4,"column":2},"end":{"line":6,"column":null}},"1":{"start":{"line":5,"column":4},"end":{"line":5,"column":14}},"2":{"start":{"line":9,"column":22},"end":{"line":9,"column":112}},"3":{"start":{"line":16,"column":12},"end":{"line":16,"column":14}},"4":{"start":{"line":17,"column":12},"end":{"line":17,"column":15}},"5":{"start":{"line":18,"column":12},"end":{"line":18,"column":15}},"6":{"start":{"line":19,"column":28},"end":{"line":19,"column":81}},"7":{"start":{"line":21,"column":2},"end":{"line":21,"column":80}},"8":{"start":{"line":3,"column":0},"end":{"line":3,"column":24}}},"fnMap":{"0":{"name":"getDifficultyEstimate","decl":{"start":{"line":3,"column":24},"end":{"line":3,"column":45}},"loc":{"start":{"line":3,"column":101},"end":{"line":22,"column":1}}}},"branchMap":{"0":{"loc":{"start":{"line":4,"column":2},"end":{"line":6,"column":null}},"type":"if","locations":[{"start":{"line":4,"column":2},"end":{"line":6,"column":null}}]},"1":{"loc":{"start":{"line":4,"column":6},"end":{"line":4,"column":78}},"type":"binary-expr","locations":[{"start":{"line":4,"column":6},"end":{"line":4,"column":12}},{"start":{"line":4,"column":16},"end":{"line":4,"column":37}},{"start":{"line":4,"column":41},"end":{"line":4,"column":78}}]},"2":{"loc":{"start":{"line":9,"column":22},"end":{"line":9,"column":112}},"type":"cond-expr","locations":[{"start":{"line":9,"column":67},"end":{"line":9,"column":68}},{"start":{"line":9,"column":71},"end":{"line":9,"column":112}}]}},"s":{"0":85,"1":80,"2":5,"3":5,"4":5,"5":5,"6":5,"7":5,"8":73},"f":{"0":85},"b":{"0":[80],"1":[85,85,5],"2":[1,4]}}
,"/Users/dannymiller/code/pathology/helpers/getFormattedDate.ts": {"path":"/Users/dannymiller/code/pathology/helpers/getFormattedDate.ts","statementMap":{"0":{"start":{"line":1,"column":0},"end":{"line":1,"column":28}},"1":{"start":{"line":4,"column":15},"end":{"line":4,"column":34}},"2":{"start":{"line":6,"column":2},"end":{"line":6,"column":42}},"3":{"start":{"line":8,"column":2},"end":{"line":8,"column":32}},"4":{"start":{"line":3,"column":0},"end":{"line":3,"column":24}}},"fnMap":{"0":{"name":"getFormattedDate","decl":{"start":{"line":3,"column":24},"end":{"line":3,"column":40}},"loc":{"start":{"line":3,"column":51},"end":{"line":9,"column":1}}}},"branchMap":{},"s":{"0":22,"1":1,"2":1,"3":1,"4":22},"f":{"0":1},"b":{}}
,"/Users/dannymiller/code/pathology/helpers/getPngDataClient.ts": {"path":"/Users/dannymiller/code/pathology/helpers/getPngDataClient.ts","statementMap":{"0":{"start":{"line":1,"column":0},"end":{"line":1,"column":49}},"1":{"start":{"line":3,"column":0},"end":{"line":3,"column":56}},"2":{"start":{"line":6,"column":0},"end":{"line":6,"column":24}}},"fnMap":{},"branchMap":{},"s":{"0":9,"1":9,"2":9},"f":{},"b":{}}
,"/Users/dannymiller/code/pathology/helpers/getPngDataServer.ts": {"path":"/Users/dannymiller/code/pathology/helpers/getPngDataServer.ts","statementMap":{"0":{"start":{"line":1,"column":0},"end":{"line":1,"column":36}},"1":{"start":{"line":3,"column":0},"end":{"line":3,"column":37}},"2":{"start":{"line":4,"column":0},"end":{"line":4,"column":49}},"3":{"start":{"line":6,"column":0},"end":{"line":6,"column":56}},"4":{"start":{"line":9,"column":15},"end":{"line":9,"column":89}},"5":{"start":{"line":11,"column":2},"end":{"line":11,"column":56}},"6":{"start":{"line":13,"column":17},"end":{"line":13,"column":34}},"7":{"start":{"line":14,"column":31},"end":{"line":14,"column":33}},"8":{"start":{"line":15,"column":24},"end":{"line":15,"column":64}},"9":{"start":{"line":17,"column":2},"end":{"line":24,"column":5}},"10":{"start":{"line":18,"column":4},"end":{"line":18,"column":51}},"11":{"start":{"line":18,"column":31},"end":{"line":18,"column":49}},"12":{"start":{"line":19,"column":4},"end":{"line":19,"column":43}},"13":{"start":{"line":19,"column":30},"end":{"line":19,"column":41}},"14":{"start":{"line":20,"column":4},"end":{"line":23,"column":7}},"15":{"start":{"line":20,"column":32},"end":{"line":23,"column":6}},"16":{"start":{"line":21,"column":6},"end":{"line":21,"column":26}},"17":{"start":{"line":22,"column":6},"end":{"line":22,"column":37}},"18":{"start":{"line":8,"column":0},"end":{"line":8,"column":30}}},"fnMap":{"0":{"name":"getPngDataServer","decl":{"start":{"line":8,"column":30},"end":{"line":8,"column":46}},"loc":{"start":{"line":8,"column":59},"end":{"line":25,"column":null}}},"1":{"name":"(anonymous_16)","decl":{"start":{"line":17,"column":27},"end":{"line":17,"column":28}},"loc":{"start":{"line":17,"column":47},"end":{"line":24,"column":3}}},"2":{"name":"(anonymous_17)","decl":{"start":{"line":18,"column":22},"end":{"line":18,"column":27}},"loc":{"start":{"line":18,"column":31},"end":{"line":18,"column":49}}},"3":{"name":"(anonymous_18)","decl":{"start":{"line":19,"column":23},"end":{"line":19,"column":26}},"loc":{"start":{"line":19,"column":30},"end":{"line":19,"column":41}}},"4":{"name":"(anonymous_19)","decl":{"start":{"line":20,"column":21},"end":{"line":20,"column":30}},"loc":{"start":{"line":20,"column":32},"end":{"line":23,"column":6}}},"5":{"name":"(anonymous_20)","decl":{"start":{"line":20,"column":32},"end":{"line":20,"column":null}},"loc":{"start":{"line":20,"column":32},"end":{"line":23,"column":5}}}},"branchMap":{},"s":{"0":1,"1":1,"2":1,"3":1,"4":1,"5":1,"6":1,"7":1,"8":1,"9":1,"10":1,"11":5,"12":1,"13":0,"14":1,"15":1,"16":1,"17":1,"18":1},"f":{"0":1,"1":1,"2":5,"3":0,"4":1,"5":1},"b":{}}
,"/Users/dannymiller/code/pathology/helpers/getProfileSlug.ts": {"path":"/Users/dannymiller/code/pathology/helpers/getProfileSlug.ts","statementMap":{"0":{"start":{"line":4,"column":2},"end":{"line":4,"column":47}},"1":{"start":{"line":3,"column":0},"end":{"line":3,"column":24}}},"fnMap":{"0":{"name":"getProfileSlug","decl":{"start":{"line":3,"column":24},"end":{"line":3,"column":38}},"loc":{"start":{"line":3,"column":49},"end":{"line":5,"column":1}}}},"branchMap":{},"s":{"0":6,"1":73},"f":{"0":6},"b":{}}
,"/Users/dannymiller/code/pathology/helpers/getReviewsByUserId.ts": {"path":"/Users/dannymiller/code/pathology/helpers/getReviewsByUserId.ts","statementMap":{"0":{"start":{"line":1,"column":0},"end":{"line":1,"column":41}},"1":{"start":{"line":4,"column":0},"end":{"line":4,"column":49}},"2":{"start":{"line":5,"column":0},"end":{"line":5,"column":40}},"3":{"start":{"line":6,"column":0},"end":{"line":6,"column":34}},"4":{"start":{"line":9,"column":2},"end":{"line":9,"column":20}},"5":{"start":{"line":11,"column":2},"end":{"line":31,"column":null}},"6":{"start":{"line":12,"column":20},"end":{"line":13,"column":67}},"7":{"start":{"line":14,"column":19},"end":{"line":14,"column":79}},"8":{"start":{"line":14,"column":41},"end":{"line":14,"column":55}},"9":{"start":{"line":14,"column":73},"end":{"line":14,"column":78}},"10":{"start":{"line":15,"column":27},"end":{"line":15,"column":62}},"11":{"start":{"line":17,"column":4},"end":{"line":26,"column":7}},"12":{"start":{"line":18,"column":24},"end":{"line":18,"column":68}},"13":{"start":{"line":19,"column":28},"end":{"line":19,"column":112}},"14":{"start":{"line":19,"column":57},"end":{"line":19,"column":111}},"15":{"start":{"line":21,"column":6},"end":{"line":23,"column":null}},"16":{"start":{"line":22,"column":8},"end":{"line":22,"column":42}},"17":{"start":{"line":25,"column":6},"end":{"line":25,"column":23}},"18":{"start":{"line":28,"column":4},"end":{"line":28,"column":22}},"19":{"start":{"line":30,"column":4},"end":{"line":30,"column":16}},"20":{"start":{"line":8,"column":0},"end":{"line":8,"column":22}},"21":{"start":{"line":35,"column":2},"end":{"line":35,"column":20}},"22":{"start":{"line":37,"column":2},"end":{"line":45,"column":null}},"23":{"start":{"line":38,"column":20},"end":{"line":38,"column":109}},"24":{"start":{"line":40,"column":4},"end":{"line":40,"column":19}},"25":{"start":{"line":42,"column":4},"end":{"line":42,"column":22}},"26":{"start":{"line":44,"column":4},"end":{"line":44,"column":16}},"27":{"start":{"line":34,"column":0},"end":{"line":34,"column":22}}},"fnMap":{"0":{"name":"getReviewsByUserId","decl":{"start":{"line":8,"column":22},"end":{"line":8,"column":40}},"loc":{"start":{"line":8,"column":122},"end":{"line":32,"column":null}}},"1":{"name":"(anonymous_10)","decl":{"start":{"line":14,"column":31},"end":{"line":14,"column":37}},"loc":{"start":{"line":14,"column":41},"end":{"line":14,"column":55}}},"2":{"name":"(anonymous_11)","decl":{"start":{"line":14,"column":64},"end":{"line":14,"column":69}},"loc":{"start":{"line":14,"column":73},"end":{"line":14,"column":78}}},"3":{"name":"(anonymous_12)","decl":{"start":{"line":17,"column":23},"end":{"line":17,"column":29}},"loc":{"start":{"line":17,"column":32},"end":{"line":26,"column":5}}},"4":{"name":"(anonymous_13)","decl":{"start":{"line":19,"column":48},"end":{"line":19,"column":53}},"loc":{"start":{"line":19,"column":57},"end":{"line":19,"column":111}}},"5":{"name":"getReviewsByUserIdCount","decl":{"start":{"line":34,"column":22},"end":{"line":34,"column":45}},"loc":{"start":{"line":34,"column":79},"end":{"line":46,"column":null}}}},"branchMap":{"0":{"loc":{"start":{"line":8,"column":76},"end":{"line":8,"column":103}},"type":"default-arg","locations":[{"start":{"line":8,"column":99},"end":{"line":8,"column":103}}]},"1":{"loc":{"start":{"line":8,"column":105},"end":{"line":8,"column":122}},"type":"default-arg","locations":[{"start":{"line":8,"column":120},"end":{"line":8,"column":122}}]},"2":{"loc":{"start":{"line":21,"column":6},"end":{"line":23,"column":null}},"type":"if","locations":[{"start":{"line":21,"column":6},"end":{"line":23,"column":null}}]}},"s":{"0":1,"1":1,"2":1,"3":1,"4":2,"5":2,"6":2,"7":1,"8":1,"9":1,"10":1,"11":1,"12":1,"13":1,"14":1,"15":1,"16":1,"17":1,"18":1,"19":1,"20":1,"21":9,"22":9,"23":9,"24":8,"25":1,"26":1,"27":1},"f":{"0":2,"1":1,"2":1,"3":1,"4":1,"5":9},"b":{"0":[1],"1":[1],"2":[1]}}
,"/Users/dannymiller/code/pathology/helpers/getReviewsForUserId.ts": {"path":"/Users/dannymiller/code/pathology/helpers/getReviewsForUserId.ts","statementMap":{"0":{"start":{"line":1,"column":0},"end":{"line":1,"column":62}},"1":{"start":{"line":2,"column":0},"end":{"line":2,"column":41}},"2":{"start":{"line":3,"column":0},"end":{"line":3,"column":41}},"3":{"start":{"line":7,"column":0},"end":{"line":7,"column":61}},"4":{"start":{"line":8,"column":0},"end":{"line":8,"column":56}},"5":{"start":{"line":9,"column":0},"end":{"line":9,"column":34}},"6":{"start":{"line":12,"column":2},"end":{"line":12,"column":20}},"7":{"start":{"line":14,"column":2},"end":{"line":110,"column":null}},"8":{"start":{"line":15,"column":48},"end":{"line":15,"column":85}},"9":{"start":{"line":17,"column":28},"end":{"line":99,"column":53}},"10":{"start":{"line":101,"column":4},"end":{"line":105,"column":7}},"11":{"start":{"line":102,"column":6},"end":{"line":102,"column":31}},"12":{"start":{"line":104,"column":6},"end":{"line":104,"column":20}},"13":{"start":{"line":107,"column":4},"end":{"line":107,"column":22}},"14":{"start":{"line":109,"column":4},"end":{"line":109,"column":16}},"15":{"start":{"line":11,"column":0},"end":{"line":11,"column":22}},"16":{"start":{"line":114,"column":2},"end":{"line":114,"column":20}},"17":{"start":{"line":116,"column":2},"end":{"line":127,"column":null}},"18":{"start":{"line":117,"column":25},"end":{"line":117,"column":118}},"19":{"start":{"line":118,"column":20},"end":{"line":120,"column":23}},"20":{"start":{"line":119,"column":48},"end":{"line":119,"column":57}},"21":{"start":{"line":122,"column":4},"end":{"line":122,"column":19}},"22":{"start":{"line":124,"column":4},"end":{"line":124,"column":22}},"23":{"start":{"line":126,"column":4},"end":{"line":126,"column":16}},"24":{"start":{"line":113,"column":0},"end":{"line":113,"column":22}}},"fnMap":{"0":{"name":"getReviewsForUserId","decl":{"start":{"line":11,"column":22},"end":{"line":11,"column":41}},"loc":{"start":{"line":11,"column":137},"end":{"line":111,"column":null}}},"1":{"name":"(anonymous_10)","decl":{"start":{
[...]
,"/Users/dannymiller/code/pathology/pages/reset-password/[userId]/[token].tsx": {"path":"/Users/dannymiller/code/pathology/pages/reset-password/[userId]/[token].tsx","statementMap":{"0":{"start":{"line":2,"column":0},"end":{"line":2,"column":40}},"1":{"start":{"line":3,"column":0},"end":{"line":3,"column":26}},"2":{"start":{"line":4,"column":0},"end":{"line":4,"column":44}},"3":{"start":{"line":5,"column":0},"end":{"line":5,"column":70}},"4":{"start":{"line":6,"column":0},"end":{"line":6,"column":61}},"5":{"start":{"line":9,"column":2},"end":{"line":9,"column":39}},"6":{"start":{"line":8,"column":0},"end":{"line":8,"column":22}},"7":{"start":{"line":13,"column":0},"end":{"line":13,"column":24}}},"fnMap":{"0":{"name":"getServerSideProps","decl":{"start":{"line":8,"column":22},"end":{"line":8,"column":40}},"loc":{"start":{"line":8,"column":75},"end":{"line":10,"column":null}}}},"branchMap":{},"s":{"0":1,"1":1,"2":1,"3":1,"4":1,"5":2,"6":1,"7":1},"f":{"0":2},"b":{}}
,"/Users/dannymiller/code/pathology/pages/search/index.tsx": {"path":"/Users/dannymiller/code/pathology/pages/search/index.tsx","statementMap":{"0":{"start":{"line":1,"column":0},"end":{"line":1,"column":53}},"1":{"start":{"line":2,"column":0},"end":{"line":2,"column":36}},"2":{"start":{"line":3,"column":0},"end":{"line":3,"column":36}},"3":{"start":{"line":5,"column":0},"end":{"line":5,"column":29}},"4":{"start":{"line":6,"column":0},"end":{"line":6,"column":40}},"5":{"start":{"line":7,"column":0},"end":{"line":7,"column":35}},"6":{"start":{"line":9,"column":0},"end":{"line":9,"column":86}},"7":{"start":{"line":10,"column":0},"end":{"line":10,"column":79}},"8":{"start":{"line":11,"column":0},"end":{"line":11,"column":115}},"9":{"start":{"line":12,"column":0},"end":{"line":12,"column":67}},"10":{"start":{"line":13,"column":0},"end":{"line":13,"column":57}},"11":{"start":{"line":14,"column":0},"end":{"line":14,"column":63}},"12":{"start":{"line":15,"column":0},"end":{"line":15,"column":41}},"13":{"start":{"line":16,"column":0},"end":{"line":16,"column":50}},"14":{"start":{"line":17,"column":0},"end":{"line":17,"column":55}},"15":{"start":{"line":18,"column":0},"end":{"line":18,"column":79}},"16":{"start":{"line":19,"column":0},"end":{"line":19,"column":71}},"17":{"start":{"line":20,"column":0},"end":{"line":20,"column":62}},"18":{"start":{"line":21,"column":0},"end":{"line":21,"column":58}},"19":{"start":{"line":22,"column":0},"end":{"line":22,"column":44}},"20":{"start":{"line":23,"column":0},"end":{"line":23,"column":54}},"21":{"start":{"line":26,"column":0},"end":{"line":26,"column":40}},"22":{"start":{"line":28,"column":0},"end":{"line":28,"column":null}},"23":{"start":{"line":29,"column":2},"end":{"line":29,"column":null}},"24":{"start":{"line":30,"column":2},"end":{"line":30,"column":null}},"25":{"start":{"line":31,"column":2},"end":{"line":31,"column":null}},"26":{"start":{"line":32,"column":2},"end":{"line":32,"column":null}},"27":{"start":{"line":53,"column":21},"end":{"line":66,"column":17}},"28":{"start":{"line":69,"column":2},"end":{"line":69,"column":20}},"29":{"start":{"line":71,"column":16},"end":{"line":71,"column":43}},"30":{"start":{"line":72,"column":18},"end":{"line":72,"column":93}},"31":{"start":{"line":73,"column":19},"end":{"line":73,"column":41}},"32":{"start":{"line":75,"column":2},"end":{"line":79,"column":null}},"33":{"start":{"line":76,"column":4},"end":{"line":78,"column":null}},"34":{"start":{"line":77,"column":6},"end":{"line":77,"column":40}},"35":{"start":{"line":81,"column":16},"end":{"line":81,"column":56}},"36":{"start":{"line":83,"column":2},"end":{"line":85,"column":null}},"37":{"start":{"line":84,"column":4},"end":{"line":84,"column":45}},"38":{"start":{"line":87,"column":2},"end":{"line":94,"column":4}},"39":{"start":{"line":68,"column":0},"end":{"line":68,"column":22}},"40":{"start":{"line":105,"column":0},"end":{"line":105,"column":24}}},"fnMap":{"0":{"name":"(anonymous_14)","decl":{"start":{"line":28,"column":0},"end":{"line":28,"column":12}},"loc":{"start":{"line":28,"column":27},"end":{"line":33,"column":1}}},"1":{"name":"getServerSideProps","decl":{"start":{"line":68,"column":22},"end":{"line":68,"column":40}},"loc":{"start":{"line":68,"column":75},"end":{"line":95,"column":null}}}},"branchMap":{"0":{"loc":{"start":{"line":28,"column":12},"end":{"line":28,"column":null}},"type":"binary-expr","locations":[{"start":{"line":28,"column":12},"end":{"line":28,"column":27}},{"start":{"line":28,"column":12},"end":{"line":28,"column":null}}]},"1":{"loc":{"start":{"line":71,"column":16},"end":{"line":71,"column":43}},"type":"cond-expr","locations":[{"start":{"line":71,"column":36},"end":{"line":71,"column":38}},{"start":{"line":71,"column":36},"end":{"line":71,"column":43}}]},"2":{"loc":{"start":{"line":71,"column":16},"end":{"line":71,"column":38}},"type":"binary-expr","locations":[{"start":{"line":71,"column":16},"end":{"line":71,"column":38}},{"start":{"line":71,"column":36},"end":{"line":71,"column":38}}]},"3":{"loc":{"start":{"line":71,"column":16},"end":{"line":71,"column":36}},"type":"cond-expr","locations":[{"start":{"line":71,"column":27},"end":{"line":71,"column":29}},{"start":{"line":71,"column":27},"end":{"line":71,"column":36}}]},"4":{"loc":{"start":{"line":71,"column":16},"end":{"line":71,"column":29}},"type":"binary-expr","locations":[{"start":{"line":71,"column":16},"end":{"line":71,"column":29}},{"start":{"line":71,"column":27},"end":{"line":71,"column":29}}]},"5":{"loc":{"start":{"line":72,"column":18},"end":{"line":72,"column":93}},"type":"cond-expr","locations":[{"start":{"line":72,"column":26},"end":{"line":72,"column":86}},{"start":{"line":72,"column":89},"end":{"line":72,"column":93}}]},"6":{"loc":{"start":{"line":75,"column":2},"end":{"line":79,"column":null}},"type":"if","locations":[{"start":{"line":75,"column":2},"end":{"line":79,"column":null}}]},"7":{"loc":{"start":{"line":75,"column":6},"end":{"line":75,"column":62}},"type":"binary-expr","locations":[{"start":{"line":75,"column":6},"end":{"line":75,"column":19}},{"start":{"line":75,"column":24},"end":{"line":75,"column":61}}]},"8":{"loc":{"start":{"line":81,"column":43},"end":{"line":81,"column":55}},"type":"cond-expr","locations":[{"start":{"line":81,"column":50},"end":{"line":81,"column":52}},{"start":{"line":81,"column":43},"end":{"line":81,"column":55}}]},"9":{"loc":{"start":{"line":81,"column":43},"end":{"line":81,"column":52}},"type":"binary-expr","locations":[{"start":{"line":81,"column":43},"end":{"line":81,"column":52}},{"start":{"line":81,"column":43},"end":{"line":81,"column":52}}]},"10":{"loc":{"start":{"line":83,"column":2},"end":{"line":85,"column":null}},"type":"if","locations":[{"start":{"line":83,"column":2},"end":{"line":85,"column":null}}]}},"s":{"0":5,"1":5,"2":5,"3":5,"4":5,"5":5,"6":5,"7":5,"8":5,"9":5,"10":5,"11":5,"12":5,"13":5,"14":5,"15":5,"16":5,"17":5,"18":5,"19":5,"20":5,"21":5,"22":5,"23":5,"24":5,"25":5,"26":5,"27":5,"28":4,"29":4,"30":4,"31":4,"32":4,"33":1,"34":1,"35":4,"36":4,"37":1,"38":3,"39":5,"40":5},"f":{"0":5,"1":4},"b":{"0":[5,5],"1":[3,1],"2":[4,4],"3":[3,1],"4":[4,4],"5":[1,3],"6":[1],"7":[4,4],"8":[3,1],"9":[4,1],"10":[1]}}
,"/Users/dannymiller/code/pathology/pages/settings/index.tsx": {"path":"/Users/dannymiller/code/pathology/pages/settings/index.tsx","statementMap":{"0":{"start":{"line":2,"column":0},"end":{"line":2,"column":26}},"1":{"start":{"line":3,"column":0},"end":{"line":3,"column":41}},"2":{"start":{"line":4,"column":0},"end":{"line":4,"column":57}},"3":{"start":{"line":5,"column":0},"end":{"line":5,"column":60}},"4":{"start":{"line":8,"column":2},"end":{"line":8,"column":40}},"5":{"start":{"line":7,"column":0},"end":{"line":7,"column":22}},"6":{"start":{"line":12,"column":0},"end":{"line":12,"column":24}}},"fnMap":{"0":{"name":"getServerSideProps","decl":{"start":{"line":7,"column":22},"end":{"line":7,"column":40}},"loc":{"start":{"line":7,"column":75},"end":{"line":9,"column":null}}}},"branchMap":{},"s":{"0":1,"1":1,"2":1,"3":1,"4":2,"5":1,"6":1},"f":{"0":2},"b":{}}
,"/Users/dannymiller/code/pathology/pages/signup/index.tsx": {"path":"/Users/dannymiller/code/pathology/pages/signup/index.tsx","statementMap":{"0":{"start":{"line":2,"column":0},"end":{"line":2,"column":29}},"1":{"start":{"line":3,"column":0},"end":{"line":3,"column":26}},"2":{"start":{"line":4,"column":0},"end":{"line":4,"column":41}},"3":{"start":{"line":5,"column":0},"end":{"line":5,"column":53}},"4":{"start":{"line":6,"column":0},"end":{"line":6,"column":58}},"5":{"start":{"line":9,"column":2},"end":{"line":9,"column":39}},"6":{"start":{"line":8,"column":0},"end":{"line":8,"column":22}},"7":{"start":{"line":13,"column":0},"end":{"line":13,"column":24}}},"fnMap":{"0":{"name":"getServerSideProps","decl":{"start":{"line":8,"column":22},"end":{"line":8,"column":40}},"loc":{"start":{"line":8,"column":75},"end":{"line":10,"column":null}}}},"branchMap":{},"s":{"0":1,"1":1,"2":1,"3":1,"4":1,"5":2,"6":1,"7":1},"f":{"0":2},"b":{}}
,"/Users/dannymiller/code/pathology/pages/statistics/index.tsx": {"path":"/Users/dannymiller/code/pathology/pages/statistics/index.tsx","statementMap":{"0":{"start":{"line":1,"column":0},"end":{"line":1,"column":32}},"1":{"start":{"line":3,"column":0},"end":{"line":3,"column":40}},"2":{"start":{"line":4,"column":0},"end":{"line":4,"column":35}},"3":{"start":{"line":6,"column":0},"end":{"line":6,"column":76}},"4":{"start":{"line":7,"column":0},"end":{"line":7,"column":79}},"5":{"start":{"line":8,"column":0},"end":{"line":8,"column":59}},"6":{"start":{"line":9,"column":0},"end":{"line":9,"column":76}},"7":{"start":{"line":10,"column":0},"end":{"line":10,"column":41}},"8":{"start":{"line":11,"column":0},"end":{"line":11,"column":52}},"9":{"start":{"line":12,"column":0},"end":{"line":12,"column":50}},"10":{"start":{"line":13,"column":0},"end":{"line":13,"column":55}},"11":{"start":{"line":14,"column":0},"end":{"line":14,"column":79}},"12":{"start":{"line":15,"column":0},"end":{"line":15,"column":62}},"13":{"start":{"line":16,"column":0},"end":{"line":16,"column":48}},"14":{"start":{"line":17,"column":0},"end":{"line":17,"column":46}},"15":{"start":{"line":18,"column":0},"end":{"line":18,"column":42}},"16":{"start":{"line":19,"column":0},"end":{"line":19,"column":44}},"17":{"start":{"line":22,"column":0},"end":{"line":22,"column":50}},"18":{"start":{"line":23,"column":0},"end":{"line":23,"column":69}},"19":{"start":{"line":24,"column":0},"end":{"line":24,"column":43}},"20":{"start":{"line":26,"column":28},"end":{"line":26,"column":30}},"21":{"start":{"line":48,"column":13},"end":{"line":55,"column":21}},"22":{"start":{"line":58,"column":2},"end":{"line":58,"column":20}},"23":{"start":{"line":60,"column":19},"end":{"line":60,"column":42}},"24":{"start":{"line":62,"column":2},"end":{"line":66,"column":null}},"25":{"start":{"line":63,"column":4},"end":{"line":65,"column":null}},"26":{"start":{"line":64,"column":6},"end":{"line":64,"column":40}},"27":{"start":{"line":68,"column":74},"end":{"line":68,"column":85}},"28":{"start":{"line":71,"column":20},"end":{"line":71,"column":48}},"29":{"start":{"line":73,"column":2},"end":{"line":78,"column":null}},"30":{"start":{"line":74,"column":4},"end":{"line":77,"column":6}},"31":{"start":{"line":80,"column":2},"end":{"line":82,"column":null}},"32":{"start":{"line":81,"column":4},"end":{"line":81,"column":40}},"33":{"start":{"line":84,"column":2},"end":{"line":87,"column":null}},"34":{"start":{"line":85,"column":4},"end":{"line":85,"column":44}},"35":{"start":{"line":86,"column":4},"end":{"line":86,"column":72}},"36":{"start":{"line":89,"column":18},"end":{"line":89,"column":56}},"37":{"start":{"line":91,"column":2},"end":{"line":97,"column":null}},"38":{"start":{"line":94,"column":23},"end":{"line":94,"column":55}},"39":{"start":{"line":96,"column":4},"end":{"line":96,"column":45}},"40":{"start":{"line":100,"column":2},"end":{"line":102,"column":null}},"41":{"start":{"line":101,"column":4},"end":{"line":101,"column":30}},"42":{"start":{"line":104,"column":16},"end":{"line":104,"column":35}},"43":{"start":{"line":105,"column":13},"end":{"line":105,"column":14}},"44":{"start":{"line":107,"column":2},"end":{"line":109,"column":null}},"45":{"start":{"line":108,"column":4},"end":{"line":108,"column":52}},"46":{"start":{"line":111,"column":2},"end":{"line":284,"column":null}},"47":{"start":{"line":112,"column":21},"end":{"line":264,"column":6}},"48":{"start":{"line":253,"column":44},"end":{"line":253,"column":74}},"49":{"start":{"line":266,"column":22},"end":{"line":266,"column":59}},"50":{"start":{"line":267,"column":18},"end":{"line":267,"column":54}},"51":{"start":{"line":269,"column":4},"end":{"line":271,"column":7}},"52":{"start":{"line":270,"column":6},"end":{"line":270,"column":36}},"53":{"start":{"line":273,"column":4},"end":{"line":279,"column":6}},"54":{"start":{"line":281,"column":4},"end":{"line":281,"column":20}},"55":{"start":{"line":283,"column":4},"end":{"line":283,"column":44}},"56":{"start":{"line":57,"column":0},"end":{"line":57,"column":22}},"57":{"start":{"line":294,"column":0},"end":{"line":294,"column":24}}},"fnMap":{"0":{"name":"getServerSideProps","decl":{"start":{"line":57,"column":22},"end":{"line":57,"column":40}},"loc":{"start":{"line":57,"column":75},"end":{"line":285,"column":null}}},"1":{"name":"(anonymous_16)","decl":{"start":{"line":253,"column":30},"end":{"line":253,"column":31}},"loc":{"start":{"line":253,"column":44},"end":{"line":253,"column":74}}},"2":{"name":"(anonymous_17)","decl":{"start":{"line":269,"column":18},"end":{"line":269,"column":19}},"loc":{"start":{"line":269,"column":34},"end":{"line":271,"column":5}}}},"branchMap":{"0":{"loc":{"start":{"line":62,"column":2},"end":{"line":66,"column":null}},"type":"if","locations":[{"start":{"line":62,"column":2},"end":{"line":66,"column":null}}]},"1":{"loc":{"start":{"line":62,"column":6},"end":{"line":62,"column":62}},"type":"binary-expr","locations":[{"start":{"line":62,"column":6},"end":{"line":62,"column":19}},{"start":{"line":62,"column":24},"end":{"line":62,"column":61}}]},"2":{"loc":{"start":{"line":73,"column":2},"end":{"line":78,"column":null}},"type":"if","locations":[{"start":{"line":73,"column":2},"end":{"line":78,"column":null}}]},"3":{"loc":{"start":{"line":73,"column":6},"end":{"line":73,"column":33}},"type":"binary-expr","locations":[{"start":{"line":73,"column":6},"end":{"line":73,"column":12}},{"start":{"line":73,"column":16},"end":{"line":73,"column":33}}]},"4":{"loc":{"start":{"line":80,"column":2},"end":{"line":82,"column":null}},"type":"if","locations":[{"start":{"line":80,"column":2},"end":{"line":82,"column":null}}]},"5":{"loc":{"start":{"line":84,"column":2},"end":{"line":87,"column":null}},"type":"if","locations":[{"start":{"line":84,"column":2},"end":{"line":87,"column":null}}]},"6":{"loc":{"start":{"line":89,"column":28},"end":{"line":89,"column":54}},"type":"cond-expr","locations":[{"start":{"line":89,"column":48},"end":{"line":89,"column":49}},{"start":{"line":89,"column":52},"end":{"line":89,"column":54}}]},"7":{"loc":{"start":{"line":91,"column":2},"end":{"line":97,"column":null}},"type":"if","locations":[{"start":{"line":91,"column":2},"end":{"line":97,"column":null}}]},"8":{"loc":{"start":{"line":91,"column":6},"end":{"line":91,"column":135}},"type":"binary-expr","locations":[{"start":{"line":91,"column":6},"end":{"line":91,"column":35}},{"start":{"line":91,"column":39},"end":{"line":91,"column":67}},{"start":{"line":91,"column":71},"end":{"line":91,"column":99}},{"start":{"line":91,"column":103},"end":{"line":91,"column":135}}]},"9":{"loc":{"start":{"line":100,"column":2},"end":{"line":102,"column":null}},"type":"if","locations":[{"start":{"line":100,"column":2},"end":{"line":102,"column":null}}]},"10":{"loc":{"start":{"line":107,"column":2},"end":{"line":109,"column":null}},"type":"if","locations":[{"start":{"line":107,"column":2},"end":{"line":109,"column":null}}]},"11":{"loc":{"start":{"line":266,"column":22},"end":{"line":266,"column":59}},"type":"binary-expr","locations":[{"start":{"line":266,"column":22},"end":{"line":266,"column":54}},{"start":{"line":266,"column":58},"end":{"line":266,"column":59}}]},"12":{"loc":{"start":{"line":266,"column":22},"end":{"line":266,"column":54}},"type":"cond-expr","locations":[{"start":{"line":266,"column":43},"end":{"line":266,"column":45}},{"start":{"line":266,"column":43},"end":{"line":266,"column":54}}]},"13":{"loc":{"start":{"line":266,"column":22},"end":{"line":266,"column":45}},"type":"binary-expr","locations":[{"start":{"line":266,"column":22},"end":{"line":266,"column":45}},{"start":{"line":266,"column":43},"end":{"line":266,"column":45}}]},"14":{"loc":{"start":{"line":266,"column":22},"end":{"line":266,"column":43}},"type":"cond-expr","locations":[{"start":{"line":266,"column":33},"end":{"line":266,"column":35}},{"start":{"line":266,"column":33},"end":{"line":266,"column":43}}]},"15":{"loc":{"start":{"line":266,"column":22},"end":{"line":266,"column":35}},"type":"binary-expr","locations":[{"start":{"line":266,"column":22},"end":{"line":266,"column":35}},{"start":{"line":266,"column":33},"end":{"line":266,"column":35}}]},"16":{"loc":{"start":{"line":267,"column":18},"end":{"line":267,"column":54}},"type":"cond-expr","locations":[{"start":{"line":267,"column":29},"end":{"line":267,"column":31}},{"start":{"line":267,"column":29},"end":{"line":267,"column":54}}]},"17":{"loc":{"start":{"line":267,"column":18},"end":{"line":267,"column":31}},"type":"binary-expr","locations":[{"start":{"line":267,"column":18},"end":{"line":267,"column":31}},{"start":{"line":267,"column":29},"end":{"line":267,"column":31}}]}},"s":{"0":1,"1":1,"2":1,"3":1,"4":1,"5":1,"6":1,"7":1,"8":1,"9":1,"10":1,"11":1,"12":1,"13":1,"14":1,"15":1,"16":1,"17":1,"18":1,"19":1,"20":1,"21":1,"22":2,"23":2,"24":2,"25":0,"26":0,"27":2,"28":2,"29":2,"30":0,"31":2,"32":2,"33":2,"34":0,"35":0,"36":2,"37":2,"38":0,"39":0,"40":2,"41":2,"42":2,"43":2,"44":2,"45":2,"46":2,"47":2,"48":4,"49":2,"50":1,"51":1,"52":3,"53":1,"54":1,"55":1,"56":1,"57":1},"f":{"0":2,"1":4,"2":3},"b":{"0":[0],"1":[2,0],"2":[0],"3":[2,0],"4":[2],"5":[0],"6":[0,2],"7":[0],"8":[2,2,2,2],"9":[2],"10":[2],"11":[2,0],"12":[0,1],"13":[2,1],"14":[0,1],"15":[2,1],"16":[0,1],"17":[1,1]}}
}
