TN:
SF:constants/achievementInfo.ts
FNF:0
FNH:0
DA:1,21
DA:6,21
DA:27,21
LF:3
LH:3
BRF:0
BRH:0
end_of_record
TN:
SF:constants/achievementType.ts
FN:1,(anonymous_0)
FNF:1
FNH:1
FNDA:73,(anonymous_0)
DA:1,73
DA:2,73
DA:3,73
DA:4,73
DA:5,73
DA:6,73
DA:7,73
DA:10,73
LF:8
LH:8
BRDA:1,0,0,73
BRDA:1,0,1,73
BRF:2
BRH:2
end_of_record
TN:
SF:constants/dimensions.ts
FNF:0
FNH:0
DA:1,73
DA:2,73
DA:3,73
DA:4,73
DA:5,73
DA:6,73
DA:7,73
DA:8,73
DA:9,73
DA:10,73
DA:11,73
DA:12,73
LF:12
LH:12
BRF:0
BRH:0
end_of_record
TN:
SF:constants/discord.ts
FNF:0
FNH:0
DA:1,12
DA:3,12
DA:5,12
DA:7,12
LF:4
LH:4
BRF:0
BRH:0
end_of_record
TN:
SF:constants/emailDigest.ts
FN:1,(anonymous_0)
FN:9,(anonymous_1)
FNF:2
FNH:2
FNDA:73,(anonymous_0)
FNDA:73,(anonymous_1)
DA:1,73
DA:2,73
DA:3,73
DA:4,73
DA:5,73
DA:6,73
DA:9,73
DA:10,73
DA:11,73
DA:12,73
LF:10
LH:10
BRDA:1,0,0,73
BRDA:1,0,1,73
BRDA:9,1,0,73
BRDA:9,1,1,73
BRF:4
BRH:4
end_of_record
TN:
SF:constants/graphType.ts
FN:1,(anonymous_0)
FNF:1
FNH:1
FNDA:73,(anonymous_0)
DA:1,73
DA:2,73
DA:5,73
LF:3
LH:3
BRDA:1,0,0,73
BRDA:1,0,1,73
BRF:2
BRH:2
end_of_record
TN:
SF:constants/levelDataType.ts
FN:26,(anonymous_0)
FN:31,(anonymous_1)
FN:48,(anonymous_2)
FN:59,(anonymous_3)
FN:70,(anonymous_4)
FN:81,(anonymous_5)
FN:93,(anonymous_6)
FN:100,(anonymous_7)
FN:110,(anonymous_8)
FNF:9
FNH:9
FNDA:282,(anonymous_0)
FNDA:272,(anonymous_1)
FNDA:31,(anonymous_2)
FNDA:30,(anonymous_3)
FNDA:34,(anonymous_4)
FNDA:39,(anonymous_5)
FNDA:1,(anonymous_6)
FNDA:2,(anonymous_7)
FNDA:3,(anonymous_8)
DA:1,23
DA:3,23
DA:4,23
DA:5,23
DA:6,23
DA:7,23
DA:9,23
DA:10,23
DA:11,23
DA:12,23
DA:13,23
DA:14,23
DA:15,23
DA:16,23
DA:17,23
DA:19,23
DA:20,23
DA:21,23
DA:22,23
DA:23,23
DA:24,23
DA:27,282
DA:32,272
DA:49,31
DA:60,30
DA:71,34
DA:82,39
DA:94,1
DA:101,2
DA:103,2
DA:104,2
DA:105,1
DA:111,3
LF:33
LH:33
BRDA:27,0,0,282
BRDA:27,0,1,272
BRDA:32,1,0,272
BRDA:32,1,1,272
BRDA:32,1,2,272
BRDA:32,1,3,271
BRDA:32,1,4,271
BRDA:32,1,5,271
BRDA:32,1,6,267
BRDA:32,1,7,267
BRDA:32,1,8,267
BRDA:32,1,9,267
BRDA:32,1,10,267
BRDA:32,1,11,267
BRDA:32,1,12,267
BRDA:32,1,13,267
BRDA:49,2,0,31
BRDA:49,2,1,29
BRDA:49,2,2,28
BRDA:49,2,3,27
BRDA:49,2,4,26
BRDA:49,2,5,26
BRDA:49,2,6,26
BRDA:49,2,7,26
BRDA:60,3,0,30
BRDA:60,3,1,29
BRDA:60,3,2,28
BRDA:60,3,3,27
BRDA:60,3,4,25
BRDA:60,3,5,24
BRDA:60,3,6,24
BRDA:60,3,7,24
BRDA:71,4,0,34
BRDA:71,4,1,33
BRDA:71,4,2,32
BRDA:71,4,3,26
BRDA:71,4,4,25
BRDA:71,4,5,24
BRDA:71,4,6,24
BRDA:71,4,7,24
BRDA:82,5,0,39
BRDA:82,5,1,30
BRDA:82,5,2,29
BRDA:82,5,3,28
BRDA:82,5,4,27
BRDA:82,5,5,26
BRDA:82,5,6,26
BRDA:82,5,7,26
BRDA:94,6,0,1
BRDA:94,6,1,1
BRDA:94,6,2,1
BRDA:104,7,0,1
BRF:52
BRH:52
end_of_record
TN:
SF:constants/notificationType.ts
FN:1,(anonymous_0)
FNF:1
FNH:1
FNDA:73,(anonymous_0)
DA:1,73
DA:2,73
DA:3,73
DA:4,73
DA:5,73
DA:6,73
DA:7,73
DA:8,73
DA:11,73
LF:9
LH:9
BRDA:1,0,0,73
BRDA:1,0,1,73
BRF:2
BRH:2
end_of_record
TN:
SF:constants/role.ts
FN:1,(anonymous_0)
FNF:1
FNH:1
FNDA:73,(anonymous_0)
DA:1,73
DA:2,73
DA:3,73
DA:4,73
DA:7,73
LF:5
LH:5
BRDA:1,0,0,73
BRDA:1,0,1,73
BRF:2
BRH:2
end_of_record
TN:
SF:constants/testId.ts
FN:1,(anonymous_0)
FNF:1
FNH:1
FNDA:73,(anonymous_0)
DA:1,73
DA:2,73
DA:3,73
DA:4,73
DA:5,73
DA:6,73
DA:7,73
DA:8,73
DA:9,73
DA:10,73
DA:11,73
DA:12,73
DA:13,73
DA:14,73
DA:15,73
DA:16,73
DA:17,73
DA:20,73
LF:18
LH:18
BRDA:1,0,0,73
BRDA:1,0,1,73
BRF:2
BRH:2
end_of_record
TN:
SF:constants/theme.ts
FNF:0
FNH:0
DA:1,73
DA:9,73
LF:2
LH:2
BRF:0
BRH:0
end_of_record
TN:
SF:constants/timeRange.ts
FN:1,(anonymous_0)
FNF:1
FNH:1
FNDA:5,(anonymous_0)
DA:1,5
DA:2,5
DA:3,5
DA:4,5
DA:5,5
DA:6,5
DA:9,5
LF:7
LH:7
BRDA:1,0,0,5
BRDA:1,0,1,5
BRF:2
BRH:2
end_of_record
TN:
SF:helpers/apiWrapper.ts
FN:17,ValidType
FN:18,(anonymous_8)
FN:31,ValidEnum
FN:32,(anonymous_10)
FN:41,ValidArray
FN:42,(anonymous_12)
FN:51,ValidNumber
FN:52,(anonymous_14)
FN:77,ValidObjectId
FN:78,(anonymous_16)
FN:87,ValidObjectIdArray
FN:88,(anonymous_18)
FN:93,(anonymous_19)
FN:97,ValidObjectIdPNG
FN:98,(anonymous_21)
FN:108,parseReq
FN:159,apiWrapper
FN:160,(anonymous_24)
FN:160,(anonymous_25)
FNF:19
FNH:19
FNDA:248,ValidType
FNDA:278,(anonymous_8)
FNDA:164,ValidEnum
FNDA:44,(anonymous_10)
FNDA:8,ValidArray
FNDA:43,(anonymous_12)
FNDA:12,ValidNumber
FNDA:44,(anonymous_14)
FNDA:77,ValidObjectId
FNDA:247,(anonymous_16)
FNDA:10,ValidObjectIdArray
FNDA:23,(anonymous_18)
FNDA:44,(anonymous_19)
FNDA:4,ValidObjectIdPNG
FNDA:15,(anonymous_21)
FNDA:512,parseReq
FNDA:56,apiWrapper
FNDA:210,(anonymous_24)
FNDA:210,(anonymous_25)
DA:1,74
DA:4,74
DA:17,74
DA:18,248
DA:19,278
DA:20,9
DA:23,269
DA:24,200
DA:26,69
DA:31,74
DA:32,164
DA:33,44
DA:34,1
DA:37,43
DA:41,74
DA:42,8
DA:43,43
DA:44,1
DA:47,42
DA:51,74
DA:52,12
DA:53,44
DA:54,9
DA:57,35
DA:58,6
DA:61,29
DA:62,1
DA:65,28
DA:66,2
DA:69,26
DA:70,2
DA:73,24
DA:77,74
DA:78,77
DA:79,247
DA:80,1
DA:83,246
DA:87,74
DA:88,10
DA:89,23
DA:90,2
DA:93,44
DA:97,74
DA:98,4
DA:99,15
DA:100,1
DA:104,14
DA:108,74
DA:109,512
DA:111,512
DA:112,26
DA:114,26
DA:120,486
DA:122,486
DA:123,224
DA:124,10
DA:130,214
DA:131,472
DA:133,472
DA:134,25
DA:139,476
DA:140,200
DA:141,204
DA:143,204
DA:144,13
DA:149,476
DA:150,28
DA:156,448
DA:159,74
DA:160,210
DA:161,210
DA:163,210
DA:164,32
DA:166,32
LF:74
LH:74
BRDA:17,0,0,163
BRDA:19,1,0,9
BRDA:19,2,0,278
BRDA:19,2,1,148
BRDA:23,3,0,200
BRDA:23,3,1,69
BRDA:33,4,0,1
BRDA:41,5,0,7
BRDA:43,6,0,1
BRDA:43,7,0,43
BRDA:43,7,1,3
BRDA:51,8,0,2
BRDA:53,9,0,9
BRDA:53,10,0,44
BRDA:53,10,1,14
BRDA:57,11,0,6
BRDA:61,12,0,1
BRDA:61,13,0,29
BRDA:61,13,1,18
BRDA:65,14,0,2
BRDA:65,15,0,28
BRDA:65,15,1,17
BRDA:69,16,0,2
BRDA:69,17,0,26
BRDA:69,17,1,14
BRDA:77,18,0,56
BRDA:79,19,0,1
BRDA:79,20,0,247
BRDA:79,20,1,3
BRDA:87,21,0,5
BRDA:89,22,0,2
BRDA:89,23,0,23
BRDA:89,23,1,7
BRDA:93,24,0,21
BRDA:93,24,1,20
BRDA:97,25,0,1
BRDA:99,26,0,1
BRDA:99,27,0,15
BRDA:99,27,1,3
BRDA:104,28,0,3
BRDA:104,28,1,11
BRDA:104,29,0,14
BRDA:104,29,1,14
BRDA:111,30,0,26
BRDA:122,31,0,224
BRDA:123,32,0,10
BRDA:133,33,0,25
BRDA:139,34,0,200
BRDA:141,35,0,199
BRDA:141,35,1,5
BRDA:143,36,0,13
BRDA:149,37,0,28
BRDA:163,38,0,32
BRF:53
BRH:53
end_of_record
TN:
SF:helpers/dataTableCustomStyles.ts
FNF:0
FNH:0
DA:4,5
LF:1
LH:1
BRF:0
BRH:0
end_of_record
TN:
SF:helpers/enrich.ts
FN:11,enrichCampaign
FN:31,enrichCollection
FN:37,(anonymous_12)
FN:40,(anonymous_13)
FN:41,(anonymous_14)
FN:54,enrichNotifications
FN:58,(anonymous_17)
FN:76,(anonymous_18)
FN:81,(anonymous_19)
FN:96,(anonymous_20)
FN:117,(anonymous_21)
FN:135,enrichReqUser
FN:322,(anonymous_24)
FN:344,getEnrichLevelsPipelineSteps
FN:413,enrichLevels
FN:418,(anonymous_28)
FN:421,(anonymous_29)
FN:422,(anonymous_30)
FNF:18
FNH:18
FNDA:2,enrichCampaign
FNDA:6,enrichCollection
FNDA:5,(anonymous_12)
FNDA:5,(anonymous_13)
FNDA:6,(anonymous_14)
FNDA:3,enrichNotifications
FNDA:51,(anonymous_17)
FNDA:51,(anonymous_18)
FNDA:2,(anonymous_19)
FNDA:408,(anonymous_20)
FNDA:255,(anonymous_21)
FNDA:8,enrichReqUser
FNDA:8,(anonymous_24)
FNDA:129,getEnrichLevelsPipelineSteps
FNDA:29,enrichLevels
FNDA:76,(anonymous_28)
FNDA:76,(anonymous_29)
FNDA:12,(anonymous_30)
DA:2,73
DA:9,73
DA:11,73
DA:12,2
DA:13,2
DA:15,2
DA:17,2
DA:18,2
DA:20,2
DA:21,2
DA:24,2
DA:25,1
DA:28,2
DA:31,73
DA:32,6
DA:34,6
DA:36,6
DA:37,5
DA:38,4
DA:40,4
DA:41,6
DA:43,5
DA:44,5
DA:48,4
DA:51,6
DA:54,73
DA:55,3
DA:58,3
DA:59,51
DA:60,51
DA:61,2
DA:65,51
DA:68,3
DA:70,3
DA:76,3
DA:77,51
DA:79,51
DA:80,51
DA:81,2
DA:83,2
DA:84,2
DA:90,51
DA:92,51
DA:94,51
DA:96,51
DA:97,408
DA:98,16
DA:102,51
DA:111,51
DA:113,51
DA:115,51
DA:117,51
DA:118,255
DA:119,102
DA:123,51
DA:125,51
DA:126,51
DA:129,51
DA:132,3
DA:135,73
DA:136,8
DA:138,8
DA:322,8
DA:323,8
DA:324,8
DA:327,8
DA:328,0
DA:332,8
DA:334,8
DA:344,73
DA:345,129
DA:346,36
DA:349,93
DA:350,92
DA:353,93
DA:381,93
DA:382,92
DA:390,92
DA:394,1
DA:405,93
DA:410,93
DA:413,73
DA:414,29
DA:415,4
DA:418,76
DA:421,25
DA:422,76
DA:423,76
DA:425,76
DA:426,76
DA:427,76
DA:429,76
LF:92
LH:91
BRDA:24,0,0,1
BRDA:36,1,0,4
BRDA:43,2,0,5
BRDA:43,3,0,5
BRDA:43,3,1,5
BRDA:59,4,0,51
BRDA:60,5,0,2
BRDA:79,6,0,51
BRDA:80,7,0,2
BRDA:83,8,0,2
BRDA:97,9,0,16
BRDA:97,10,0,408
BRDA:97,10,1,16
BRDA:118,11,0,102
BRDA:118,12,0,255
BRDA:118,12,1,255
BRDA:125,13,0,51
BRDA:323,14,0,8
BRDA:323,15,0,8
BRDA:323,15,1,8
BRDA:327,16,0,0
BRDA:327,17,0,8
BRDA:327,17,1,0
BRDA:344,18,0,3
BRDA:344,19,0,3
BRDA:345,20,0,36
BRDA:349,21,0,92
BRDA:356,22,0,0
BRDA:356,22,1,93
BRDA:356,23,0,93
BRDA:356,23,1,93
BRDA:381,24,0,92
BRDA:381,24,1,1
BRDA:414,25,0,4
BRDA:425,26,0,65
BRDA:425,26,1,11
BRDA:425,27,0,76
BRDA:425,27,1,76
BRDA:426,28,0,65
BRDA:426,28,1,11
BRDA:426,29,0,76
BRDA:426,29,1,76
BRDA:427,30,0,65
BRDA:427,30,1,11
BRDA:427,31,0,76
BRDA:427,31,1,76
BRF:46
BRH:43
end_of_record
TN:
SF:helpers/filterSelectOptions.ts
FN:3,(anonymous_0)
FN:11,filterSelectOptions
FN:17,(anonymous_2)
FN:19,(anonymous_3)
FN:21,(anonymous_4)
FN:25,(anonymous_5)
FNF:6
FNH:5
FNDA:7,(anonymous_0)
FNDA:4,filterSelectOptions
FNDA:5,(anonymous_2)
FNDA:0,(anonymous_3)
FNDA:5,(anonymous_4)
FNDA:5,(anonymous_5)
DA:3,7
DA:4,7
DA:5,7
DA:6,7
DA:7,7
DA:8,7
DA:11,7
DA:16,4
DA:17,5
DA:18,3
DA:19,0
DA:20,3
DA:21,5
DA:24,4
DA:25,5
DA:28,4
LF:16
LH:15
BRDA:3,0,0,7
BRDA:3,0,1,7
BRDA:16,1,0,1
BRDA:16,1,1,3
BRDA:17,2,0,1
BRDA:17,2,1,4
BRDA:17,3,0,5
BRDA:17,3,1,5
BRDA:17,4,0,1
BRDA:17,4,1,4
BRDA:17,5,0,5
BRDA:17,5,1,5
BRDA:18,6,0,0
BRDA:18,6,1,3
BRDA:19,7,0,0
BRDA:19,7,1,0
BRDA:19,8,0,0
BRDA:19,8,1,0
BRDA:19,9,0,0
BRDA:19,9,1,0
BRDA:19,10,0,0
BRDA:19,10,1,0
BRDA:19,11,0,0
BRDA:19,11,1,0
BRDA:20,12,0,1
BRDA:21,13,0,5
BRDA:21,13,1,2
BRDA:21,14,0,1
BRDA:21,14,1,4
BRDA:21,15,0,5
BRDA:21,15,1,5
BRDA:24,16,0,1
BRDA:25,17,0,1
BRDA:25,17,1,4
BRDA:25,18,0,5
BRDA:25,18,1,5
BRF:36
BRH:25
end_of_record
TN:
SF:helpers/generateLevelCanvas.ts
FNF:0
FNH:0
DA:2,10
DA:6,10
LF:2
LH:2
BRF:0
BRH:0
end_of_record
TN:
SF:helpers/generateSlug.ts
FN:6,getLevelBySlug
FN:10,getCollectionBySlug
FN:14,slugify
FN:24,generateCollectionSlug
FN:47,generateLevelSlug
FNF:5
FNH:5
FNDA:261,getLevelBySlug
FNDA:421,getCollectionBySlug
FNDA:674,slugify
FNDA:250,generateCollectionSlug
FNDA:87,generateLevelSlug
DA:4,73
DA:7,261
DA:11,421
DA:15,674
DA:21,674
DA:24,73
DA:25,250
DA:26,250
DA:27,250
DA:29,250
DA:30,421
DA:32,421
DA:33,248
DA:36,173
DA:37,1
DA:40,172
DA:41,172
DA:44,1
DA:47,73
DA:48,87
DA:49,87
DA:50,87
DA:52,87
DA:53,261
DA:55,261
DA:56,84
DA:59,177
DA:60,2
DA:63,175
DA:64,175
DA:67,1
LF:31
LH:31
BRDA:21,0,0,2
BRDA:21,0,1,672
BRDA:32,1,0,248
BRDA:36,2,0,1
BRDA:55,3,0,84
BRDA:59,4,0,2
BRF:6
BRH:6
end_of_record
TN:
SF:helpers/getDifficultyEstimate.ts
FN:3,getDifficultyEstimate
FNF:1
FNH:1
FNDA:85,getDifficultyEstimate
DA:3,73
DA:4,85
DA:5,80
DA:9,5
DA:16,5
DA:17,5
DA:18,5
DA:19,5
DA:21,5
LF:9
LH:9
BRDA:4,0,0,80
BRDA:4,1,0,85
BRDA:4,1,1,85
BRDA:4,1,2,5
BRDA:9,2,0,1
BRDA:9,2,1,4
BRF:6
BRH:6
end_of_record
TN:
SF:helpers/getFormattedDate.ts
FN:3,getFormattedDate
FNF:1
FNH:1
FNDA:1,getFormattedDate
DA:1,22
DA:3,22
DA:4,1
DA:6,1
DA:8,1
LF:5
LH:5
BRF:0
BRH:0
end_of_record
TN:
SF:helpers/getPngDataClient.ts
FNF:0
FNH:0
DA:1,9
DA:3,9
DA:6,9
LF:3
LH:3
BRF:0
BRH:0
end_of_record
TN:
SF:helpers/getPngDataServer.ts
FN:8,getPngDataServer
FN:17,(anonymous_16)
FN:18,(anonymous_17)
FN:19,(anonymous_18)
FN:20,(anonymous_19)
FN:20,(anonymous_20)
FNF:6
FNH:5
FNDA:1,getPngDataServer
FNDA:1,(anonymous_16)
FNDA:5,(anonymous_17)
FNDA:0,(anonymous_18)
FNDA:1,(anonymous_19)
FNDA:1,(anonymous_20)
DA:1,1
DA:3,1
DA:4,1
DA:6,1
DA:8,1
DA:9,1
DA:11,1
DA:13,1
DA:14,1
DA:15,1
DA:17,1
DA:18,5
DA:19,1
DA:20,1
DA:21,1
DA:22,1
LF:16
LH:16
BRF:0
BRH:0
end_of_record
TN:
SF:helpers/getProfileSlug.ts
FN:3,getProfileSlug
FNF:1
FNH:1
FNDA:6,getProfileSlug
DA:3,73
DA:4,6
LF:2
LH:2
BRF:0
BRH:0
end_of_record
TN:
SF:helpers/getReviewsByUserId.ts
FN:8,getReviewsByUserId
FN:14,(anonymous_10)
FN:14,(anonymous_11)
FN:17,(anonymous_12)
FN:19,(anonymous_13)
FN:34,getReviewsByUserIdCount
FNF:6
FNH:6
FNDA:2,getReviewsByUserId
FNDA:1,(anonymous_10)
FNDA:1,(anonymous_11)
FNDA:1,(anonymous_12)
FNDA:1,(anonymous_13)
FNDA:9,getReviewsByUserIdCount
DA:1,1
DA:4,1
DA:5,1
DA:6,1
DA:8,1
DA:9,2
DA:11,2
DA:12,2
DA:14,1
DA:15,1
DA:17,1
DA:18,1
DA:19,1
DA:21,1
DA:22,1
DA:25,1
DA:28,1
DA:30,1
DA:34,1
DA:35,9
DA:37,9
DA:38,9
DA:40,8
DA:42,1
DA:44,1
LF:25
LH:25
BRDA:8,0,0,1
BRDA:8,1,0,1
BRDA:21,2,0,1
BRF:3
BRH:3
end_of_record
TN:
SF:helpers/getReviewsForUserId.ts
FN:11,getReviewsForUserId
FN:101,(anonymous_10)
FN:113,getReviewsForUserIdCount
FN:119,(anonymous_13)
FNF:4
FNH:4
FNDA:3,getReviewsForUserId
FNDA:2,(anonymous_10)
FNDA:9,getReviewsForUserIdCount
FNDA:16,(anonymous_13)
DA:1,1
DA:2,1
DA:3,1
DA:7,1
DA:8,1
DA:9,1
DA:11,1
DA:12,3
DA:14,3
DA:15,3
DA:17,3
DA:101,2
DA:102,2
DA:104,2
DA:107,1
DA:109,1
DA:113,1
DA:114,9
DA:116,9
DA:117,9
DA:118,8
DA:119,16
DA:122,8
DA:124,1
DA:126,1
LF:25
LH:25
BRDA:11,0,0,1
BRDA:11,1,0,1
BRDA:18,2,0,0
BRDA:18,2,1,3
BRDA:18,3,0,3
BRDA:18,3,1,3
BRDA:61,4,0,2
BRDA:61,4,1,2
BRDA:61,5,0,0
BRDA:61,5,1,2
BRDA:61,6,0,2
BRDA:61,6,1,2
BRDA:64,7,0,2
BRDA:64,7,1,0
BRDA:64,8,0,0
BRDA:64,8,1,2
BRDA:64,9,0,2
BRDA:64,9,1,2
BRF:18
BRH:14
end_of_record
TN:
SF:helpers/getSWRKey.ts
FN:3,getSWRKey
FNF:1
FNH:1
FNDA:1,getSWRKey
DA:1,3
DA:3,3
DA:4,1
LF:3
LH:3
BRF:0
BRH:0
end_of_record
TN:
SF:helpers/getTs.ts
FN:2,(anonymous_0)
FNF:1
FNH:1
FNDA:903,(anonymous_0)
DA:1,73
DA:3,903
LF:2
LH:2
BRF:0
BRH:0
end_of_record
TN:
SF:helpers/getUsersFromIds.ts
FN:7,getUsersFromIds
FN:40,(anonymous_10)
FNF:2
FNH:0
FNDA:0,getUsersFromIds
FNDA:0,(anonymous_10)
DA:2,73
DA:4,73
DA:5,73
DA:7,73
DA:8,0
DA:40,0
DA:42,0
LF:7
LH:4
BRF:0
BRH:0
end_of_record
TN:
SF:helpers/isOnline.ts
FN:4,isOnline
FNF:1
FNH:1
FNDA:3,isOnline
DA:2,73
DA:4,73
DA:6,3
DA:7,3
DA:9,3
LF:5
LH:5
BRDA:7,0,0,2
BRDA:7,0,1,1
BRDA:7,1,0,3
BRDA:7,1,1,3
BRF:4
BRH:4
end_of_record
TN:
SF:helpers/isTheme.ts
FN:1,isTheme
FNF:1
FNH:0
FNDA:0,isTheme
DA:1,21
DA:2,0
LF:2
LH:1
BRDA:2,0,0,0
BRDA:2,0,1,0
BRF:2
BRH:0
end_of_record
TN:
SF:helpers/multiplayerHelperFunctions.ts
FN:7,isProvisional
FNF:1
FNH:1
FNDA:2,isProvisional
DA:1,73
DA:5,73
DA:7,73
DA:8,2
LF:4
LH:4
BRDA:8,0,0,2
BRDA:8,0,1,0
BRF:2
BRH:1
end_of_record
TN:
SF:helpers/naturalSort.ts
FN:5,naturalSort
FN:6,(anonymous_1)
FNF:2
FNH:2
FNDA:1,naturalSort
FNDA:5,(anonymous_1)
DA:5,22
DA:6,1
DA:7,5
LF:3
LH:3
BRF:0
BRH:0
end_of_record
TN:
SF:helpers/notificationHelper.ts
FN:8,createNewWallPostNotification
FN:30,createNewFollowerNotification
FN:50,createNewReviewOnYourLevelNotification
FN:71,createNewAchievement
FN:107,createNewLevelNotifications
FN:117,(anonymous_18)
FN:132,createNewRecordOnALevelYouBeatNotifications
FN:133,(anonymous_21)
FN:148,clearNotifications
FNF:9
FNH:8
FNDA:1,createNewWallPostNotification
FNDA:4,createNewFollowerNotification
FNDA:65,createNewReviewOnYourLevelNotification
FNDA:0,createNewAchievement
FNDA:3,createNewLevelNotifications
FNDA:1,(anonymous_18)
FNDA:12,createNewRecordOnALevelYouBeatNotifications
FNDA:13,(anonymous_21)
FNDA:13,clearNotifications
DA:4,15
DA:5,15
DA:6,15
DA:8,15
DA:9,1
DA:30,15
DA:31,4
DA:50,15
DA:51,65
DA:71,15
DA:72,0
DA:84,0
DA:104,0
DA:107,15
DA:108,3
DA:117,2
DA:118,1
DA:129,2
DA:132,15
DA:133,12
DA:134,13
DA:145,12
DA:148,15
DA:149,13
DA:151,13
DA:152,3
DA:155,13
DA:156,11
DA:159,13
DA:160,6
DA:163,13
DA:164,6
DA:167,13
LF:33
LH:30
BRDA:151,0,0,3
BRDA:155,1,0,11
BRDA:159,2,0,6
BRDA:163,3,0,6
BRF:4
BRH:4
end_of_record
TN:
SF:helpers/redirectToHome.ts
FN:5,redirectToHome
FNF:1
FNH:1
FNDA:8,redirectToHome
DA:2,4
DA:5,4
DA:6,8
DA:7,8
DA:9,8
DA:10,4
DA:18,4
LF:7
LH:7
BRDA:6,0,0,4
BRDA:6,0,1,4
BRDA:6,1,0,8
BRDA:6,1,1,8
BRDA:6,2,0,4
BRDA:6,2,1,4
BRDA:6,3,0,8
BRDA:6,3,1,8
BRDA:7,4,0,4
BRDA:7,4,1,4
BRDA:9,5,0,4
BRF:11
BRH:11
end_of_record
TN:
SF:helpers/redirectToLogin.ts
FN:5,redirectToLogin
FNF:1
FNH:1
FNDA:6,redirectToLogin
DA:2,3
DA:5,3
DA:6,6
DA:7,6
DA:9,6
DA:10,3
DA:18,3
LF:7
LH:7
BRDA:6,0,0,3
BRDA:6,0,1,3
BRDA:6,1,0,6
BRDA:6,1,1,6
BRDA:6,2,0,3
BRDA:6,2,1,3
BRDA:6,3,0,6
BRDA:6,3,1,6
BRDA:7,4,0,3
BRDA:7,4,1,3
BRDA:9,5,0,3
BRF:11
BRH:11
end_of_record
TN:
SF:helpers/revalidateLevel.ts
FN:4,revalidateLevel
FNF:1
FNH:1
FNDA:41,revalidateLevel
DA:2,12
DA:4,12
DA:5,41
LF:3
LH:3
BRF:0
BRH:0
end_of_record
TN:
SF:helpers/sortByRating.ts
FN:6,sortByRating
FNF:1
FNH:0
FNDA:0,sortByRating
DA:1,73
DA:4,73
DA:6,73
DA:7,0
DA:8,0
DA:10,0
DA:12,0
DA:13,0
DA:17,0
DA:20,0
DA:21,0
DA:23,0
LF:12
LH:3
BRDA:10,0,0,0
BRDA:12,1,0,0
BRDA:13,2,0,0
BRDA:13,2,1,0
BRDA:20,3,0,0
BRDA:20,3,1,0
BRDA:20,4,0,0
BRDA:20,4,1,0
BRDA:20,5,0,0
BRDA:20,5,1,0
BRDA:21,6,0,0
BRDA:21,6,1,0
BRDA:21,7,0,0
BRDA:21,7,1,0
BRDA:21,8,0,0
BRDA:21,8,1,0
BRF:16
BRH:0
end_of_record
TN:
SF:helpers/validateSolution.ts
FN:5,validateSolution
FNF:1
FNH:1
FNDA:34,validateSolution
DA:1,7
DA:3,7
DA:5,7
DA:6,34
DA:7,34
DA:8,34
DA:9,34
DA:10,34
DA:12,34
DA:13,34
DA:16,34
DA:17,274
DA:19,274
DA:20,1
DA:24,273
DA:26,273
DA:27,1
DA:30,272
DA:31,272
DA:34,272
DA:36,2
DA:40,270
DA:42,14
DA:46,1
DA:50,13
DA:52,13
DA:53,1
DA:56,12
DA:58,12
DA:60,1
DA:61,11
DA:62,8
DA:64,3
DA:68,11
DA:72,27
LF:35
LH:35
BRDA:19,0,0,1
BRDA:26,1,0,1
BRDA:26,2,0,273
BRDA:26,2,1,272
BRDA:26,2,2,272
BRDA:26,2,3,272
BRDA:34,3,0,2
BRDA:34,4,0,272
BRDA:34,4,1,271
BRDA:40,5,0,14
BRDA:42,6,0,1
BRDA:42,7,0,14
BRDA:42,7,1,1
BRDA:42,7,2,14
BRDA:42,7,3,0
BRDA:42,7,4,14
BRDA:42,7,5,4
BRDA:42,7,6,14
BRDA:42,7,7,9
BRDA:52,8,0,1
BRDA:52,9,0,13
BRDA:52,9,1,13
BRDA:52,9,2,12
BRDA:52,9,3,12
BRDA:58,10,0,1
BRDA:58,10,1,11
BRDA:58,11,0,12
BRDA:58,11,1,11
BRDA:61,12,0,8
BRDA:61,12,1,3
BRF:30
BRH:29
end_of_record
TN:
SF:lib/appSocketToClient.ts
FN:7,GenMongoWSEmitter
FN:22,requestBroadcastPrivateAndInvitedMatches
FN:32,requestBroadcastMatches
FN:42,requestBroadcastMatch
FN:52,requestScheduleBroadcastMatch
FN:60,requestClearBroadcastMatchSchedule
FNF:6
FNH:6
FNDA:71,GenMongoWSEmitter
FNDA:6,requestBroadcastPrivateAndInvitedMatches
FNDA:16,requestBroadcastMatches
FNDA:11,requestBroadcastMatch
FNDA:4,requestScheduleBroadcastMatch
FNDA:4,requestClearBroadcastMatchSchedule
DA:1,73
DA:4,73
DA:5,73
DA:7,73
DA:8,71
DA:9,0
DA:11,0
DA:14,71
DA:15,71
DA:17,71
DA:19,71
DA:22,73
DA:23,6
DA:24,0
DA:26,0
DA:29,6
DA:32,73
DA:33,16
DA:34,0
DA:36,0
DA:39,16
DA:42,73
DA:43,11
DA:44,0
DA:46,0
DA:49,11
DA:52,73
DA:53,4
DA:54,0
DA:57,4
DA:60,73
DA:61,4
DA:62,0
DA:65,4
LF:34
LH:24
BRDA:8,0,0,0
BRDA:23,1,0,0
BRDA:33,2,0,0
BRDA:43,3,0,0
BRDA:53,4,0,0
BRDA:61,5,0,0
BRF:6
BRH:0
end_of_record
TN:
SF:lib/cleanUser.ts
FN:3,cleanUser
FNF:1
FNH:1
FNDA:884,cleanUser
DA:3,74
DA:4,884
DA:5,2
LF:3
LH:3
BRDA:4,0,0,2
BRDA:4,1,0,0
BRDA:4,1,1,884
BRDA:4,2,0,884
BRDA:4,2,1,884
BRF:5
BRH:4
end_of_record
TN:
SF:lib/clearTokenCookie.ts
FN:4,clearTokenCookie
FNF:1
FNH:1
FNDA:3,clearTokenCookie
DA:1,6
DA:2,6
DA:4,6
DA:5,3
LF:4
LH:4
BRF:0
BRH:0
end_of_record
TN:
SF:lib/cookieOptions.ts
FN:5,cookieOptions
FNF:1
FNH:1
FNDA:312,cookieOptions
DA:2,73
DA:5,73
DA:6,312
LF:3
LH:3
BRDA:5,0,0,309
BRDA:7,1,0,310
BRDA:7,1,1,2
BRDA:7,2,0,1
BRDA:7,2,1,1
BRDA:7,3,0,2
BRDA:7,3,1,2
BRDA:9,4,0,3
BRDA:9,4,1,309
BRDA:12,5,0,3
BRDA:12,5,1,309
BRF:11
BRH:11
end_of_record
TN:
SF:lib/dbConnect.ts
FN:23,dbConnect
FN:54,(anonymous_10)
FN:75,dbDisconnect
FNF:3
FNH:3
FNDA:1137,dbConnect
FNDA:71,(anonymous_10)
FNDA:71,dbDisconnect
DA:1,73
DA:2,73
DA:3,73
DA:4,73
DA:5,73
DA:6,73
DA:13,73
DA:15,73
DA:16,73
DA:23,73
DA:24,1137
DA:30,1066
DA:33,71
DA:34,71
DA:41,71
DA:44,71
DA:46,71
DA:48,71
DA:53,71
DA:54,71
DA:55,71
DA:59,71
DA:66,71
DA:67,71
DA:70,71
DA:72,71
DA:75,73
DA:76,71
DA:77,71
DA:80,71
DA:81,71
DA:84,71
LF:32
LH:32
BRDA:15,0,0,73
BRDA:24,1,0,1066
BRDA:33,2,0,71
BRDA:44,3,0,71
BRDA:44,4,0,71
BRDA:44,4,1,71
BRDA:66,5,0,71
BRDA:66,6,0,71
BRDA:66,6,1,71
BRDA:76,7,0,71
BRDA:80,8,0,71
BRF:11
BRH:11
end_of_record
TN:
SF:lib/decodeResetPasswordToken.ts
FN:4,decodeResetPasswordToken
FNF:1
FNH:1
FNDA:4,decodeResetPasswordToken
DA:1,1
DA:4,1
DA:5,4
DA:7,2
LF:4
LH:4
BRF:0
BRH:0
end_of_record
TN:
SF:lib/getResetPasswordToken.ts
FN:4,getResetPasswordToken
FNF:1
FNH:1
FNDA:8,getResetPasswordToken
DA:1,4
DA:4,4
DA:5,8
LF:3
LH:3
BRF:0
BRH:0
end_of_record
TN:
SF:lib/getTokenCookie.ts
FN:5,getTokenCookie
FN:13,getTokenCookieValue
FNF:2
FNH:2
FNDA:307,getTokenCookie
FNDA:682,getTokenCookieValue
DA:1,73
DA:2,73
DA:3,73
DA:5,73
DA:6,307
DA:13,73
DA:14,682
DA:15,1
DA:18,681
LF:9
LH:9
BRDA:14,0,0,1
BRF:1
BRH:1
end_of_record
TN:
SF:lib/initializeLocalDb.ts
FN:11,initializeLocalDb
FN:272,initLevel
FN:309,initCollection
FNF:3
FNH:3
FNDA:71,initializeLocalDb
FNDA:51,initLevel
FNDA:23,initCollection
DA:1,73
DA:2,73
DA:3,73
DA:4,73
DA:5,73
DA:6,73
DA:9,73
DA:11,73
DA:12,71
DA:15,71
DA:25,71
DA:32,71
DA:41,71
DA:49,71
DA:60,71
DA:72,71
DA:85,71
DA:92,71
DA:103,71
DA:117,71
DA:129,71
DA:136,71
DA:147,71
DA:159,71
DA:166,71
DA:177,71
DA:191,71
DA:201,71
DA:209,71
DA:218,71
DA:229,71
DA:238,71
DA:246,71
DA:254,71
DA:262,71
DA:272,73
DA:273,51
DA:274,51
DA:275,51
DA:276,51
DA:279,50
DA:293,50
DA:294,49
DA:295,605
DA:306,50
DA:309,73
DA:310,23
DA:311,23
DA:319,22
LF:49
LH:49
BRDA:272,0,0,24
BRDA:272,1,0,50
BRDA:293,2,0,49
BRDA:309,3,0,23
BRF:4
BRH:4
end_of_record
TN:
SF:lib/isLocal.ts
FN:1,isLocal
FNF:1
FNH:1
FNDA:732,isLocal
DA:1,74
DA:2,732
LF:2
LH:2
BRF:0
BRH:0
end_of_record
TN:
SF:lib/sendPasswordResetEmail.ts
FN:6,sendPasswordResetEmail
FNF:1
FNH:1
FNDA:5,sendPasswordResetEmail
DA:2,3
DA:4,3
DA:6,3
DA:7,5
DA:8,1
DA:11,4
DA:12,4
DA:13,4
DA:17,4
DA:27,4
DA:34,4
LF:11
LH:11
BRDA:7,0,0,1
BRF:1
BRH:1
end_of_record
TN:
SF:lib/withAuth.ts
FN:17,getUserFromToken
FN:62,withAuth
FN:66,(anonymous_11)
FN:69,(anonymous_12)
FNF:4
FNH:4
FNDA:399,getUserFromToken
FNDA:204,withAuth
FNDA:306,(anonymous_11)
FNDA:306,(anonymous_12)
DA:1,73
DA:3,73
DA:4,73
DA:5,73
DA:6,73
DA:8,73
DA:9,73
DA:10,73
DA:17,73
DA:21,399
DA:22,1
DA:25,398
DA:26,1
DA:29,397
DA:30,397
DA:33,397
DA:36,397
DA:37,397
DA:38,397
DA:44,397
DA:55,397
DA:56,1
DA:59,396
DA:62,73
DA:66,204
DA:69,306
DA:70,306
DA:72,306
DA:73,3
DA:78,303
DA:79,303
DA:81,303
DA:82,1
DA:87,302
DA:92,302
DA:93,302
DA:94,302
DA:95,302
DA:97,302
DA:98,32
DA:110,1
DA:112,1
LF:42
LH:42
BRDA:21,0,0,1
BRDA:25,1,0,1
BRDA:37,2,0,397
BRDA:37,2,1,0
BRDA:38,3,0,397
BRDA:38,3,1,0
BRDA:55,4,0,1
BRDA:70,5,0,1
BRDA:70,5,1,305
BRDA:70,6,0,306
BRDA:70,6,1,306
BRDA:72,7,0,3
BRDA:81,8,0,1
BRDA:89,9,0,21
BRDA:89,9,1,281
BRDA:89,10,0,302
BRDA:89,10,1,302
BRDA:97,11,0,32
BRF:18
BRH:16
end_of_record
TN:
SF:models/CommentEnums.ts
FNF:0
FNH:0
DA:1,2
LF:1
LH:1
BRF:0
BRH:0
end_of_record
TN:
SF:models/MultiplayerEnums.ts
FN:6,(anonymous_0)
FN:16,(anonymous_1)
FN:59,(anonymous_2)
FNF:3
FNH:3
FNDA:73,(anonymous_0)
FNDA:73,(anonymous_1)
FNDA:73,(anonymous_2)
DA:6,73
DA:7,73
DA:8,73
DA:9,73
DA:10,73
DA:16,73
DA:17,73
DA:18,73
DA:19,73
DA:20,73
DA:23,73
DA:59,73
DA:60,73
DA:61,73
DA:62,73
DA:63,73
DA:64,73
DA:65,73
DA:66,73
DA:67,73
DA:68,73
DA:69,73
LF:22
LH:22
BRDA:6,0,0,73
BRDA:6,0,1,73
BRDA:16,1,0,73
BRDA:16,1,1,73
BRDA:59,2,0,73
BRDA:59,2,1,73
BRF:6
BRH:6
end_of_record
TN:
SF:models/blockState.ts
FN:10,(anonymous_1)
FN:17,(anonymous_2)
FN:36,(anonymous_3)
FN:46,(anonymous_4)
FNF:4
FNH:4
FNDA:7,(anonymous_1)
FNDA:6,(anonymous_2)
FNDA:2,(anonymous_3)
FNDA:3,(anonymous_4)
DA:1,3
DA:2,3
DA:4,3
DA:11,7
DA:12,7
DA:13,7
DA:14,7
DA:18,6
DA:19,1
DA:22,5
DA:23,1
DA:24,4
DA:25,1
DA:26,3
DA:27,1
DA:28,2
DA:29,1
DA:33,1
DA:37,2
DA:47,3
LF:20
LH:20
BRDA:10,0,0,2
BRDA:18,1,0,1
BRDA:22,2,0,1
BRDA:22,2,1,4
BRDA:22,3,0,5
BRDA:22,3,1,1
BRDA:24,4,0,1
BRDA:24,4,1,3
BRDA:24,5,0,4
BRDA:24,5,1,2
BRDA:26,6,0,1
BRDA:26,6,1,2
BRDA:26,7,0,3
BRDA:26,7,1,1
BRDA:28,8,0,1
BRDA:28,9,0,2
BRDA:28,9,1,1
BRF:17
BRH:17
end_of_record
TN:
SF:models/control.ts
FN:9,(anonymous_0)
FNF:1
FNH:1
FNDA:2,(anonymous_0)
DA:1,3
DA:17,2
DA:18,2
DA:19,2
DA:20,2
DA:21,2
DA:22,2
LF:7
LH:7
BRDA:13,0,0,1
BRDA:14,1,0,2
BRF:2
BRH:2
end_of_record
TN:
SF:models/mongoose.ts
FNF:0
FNH:0
DA:1,73
DA:21,73
DA:22,73
DA:23,73
DA:24,73
DA:25,73
DA:26,73
DA:27,73
DA:28,73
DA:29,73
DA:30,73
DA:31,73
DA:32,73
DA:33,73
DA:34,73
DA:35,73
DA:36,73
DA:37,73
DA:38,73
DA:39,73
DA:43,73
DA:44,73
DA:45,73
DA:46,73
DA:47,73
DA:48,73
DA:49,73
DA:50,73
DA:51,73
DA:52,73
DA:53,73
DA:54,73
DA:55,73
DA:56,73
DA:57,73
DA:58,73
DA:59,73
DA:60,73
DA:61,73
LF:39
LH:39
BRDA:43,0,0,73
BRDA:43,0,1,73
BRDA:44,1,0,73
BRDA:44,1,1,73
BRDA:45,2,0,73
BRDA:45,2,1,73
BRDA:46,3,0,73
BRDA:46,3,1,73
BRDA:47,4,0,73
BRDA:47,4,1,73
BRDA:48,5,0,73
BRDA:48,5,1,73
BRDA:49,6,0,73
BRDA:49,6,1,73
BRDA:50,7,0,73
BRDA:50,7,1,73
BRDA:51,8,0,73
BRDA:51,8,1,73
BRDA:52,9,0,73
BRDA:52,9,1,73
BRDA:53,10,0,73
BRDA:53,10,1,73
BRDA:54,11,0,73
BRDA:54,11,1,73
BRDA:55,12,0,73
BRDA:55,12,1,73
BRDA:56,13,0,73
BRDA:56,13,1,73
BRDA:57,14,0,73
BRDA:57,14,1,73
BRDA:58,15,0,73
BRDA:58,15,1,73
BRDA:59,16,0,73
BRDA:59,16,1,73
BRDA:60,17,0,73
BRDA:60,17,1,73
BRDA:61,18,0,73
BRDA:61,18,1,73
BRF:38
BRH:38
end_of_record
TN:
SF:models/move.ts
FN:10,(anonymous_1)
FN:17,(anonymous_2)
FN:26,(anonymous_3)
FNF:3
FNH:3
FNDA:5,(anonymous_1)
FNDA:2,(anonymous_2)
FNDA:1,(anonymous_3)
DA:1,3
DA:2,3
DA:4,3
DA:11,5
DA:12,5
DA:13,5
DA:14,5
DA:18,2
DA:27,1
LF:9
LH:9
BRDA:13,0,0,3
BRDA:13,0,1,2
BRDA:13,1,0,5
BRDA:13,1,1,5
BRDA:14,2,0,3
BRDA:14,2,1,2
BRDA:14,3,0,5
BRDA:14,3,1,5
BRDA:21,4,0,1
BRDA:21,4,1,1
BRDA:22,5,0,1
BRDA:22,5,1,1
BRF:12
BRH:12
end_of_record
TN:
SF:models/position.ts
FN:5,(anonymous_0)
FN:10,(anonymous_1)
FN:17,(anonymous_2)
FN:21,(anonymous_3)
FN:29,getDirectionFromCode
FNF:5
FNH:5
FNDA:677,(anonymous_0)
FNDA:8,(anonymous_1)
FNDA:62,(anonymous_2)
FNDA:286,(anonymous_3)
FNDA:275,getDirectionFromCode
DA:1,10
DA:6,677
DA:7,677
DA:11,8
DA:18,62
DA:22,286
DA:29,10
DA:30,275
DA:31,13
DA:32,262
DA:33,10
DA:34,252
DA:35,128
DA:36,124
DA:37,122
DA:39,2
LF:16
LH:16
BRDA:18,0,0,62
BRDA:18,0,1,26
BRDA:30,1,0,13
BRDA:30,1,1,262
BRDA:30,2,0,275
BRDA:30,2,1,262
BRDA:32,3,0,10
BRDA:32,3,1,252
BRDA:32,4,0,262
BRDA:32,4,1,252
BRDA:34,5,0,128
BRDA:34,5,1,124
BRDA:34,6,0,252
BRDA:34,6,1,124
BRDA:36,7,0,122
BRDA:36,7,1,2
BRDA:36,8,0,124
BRDA:36,8,1,2
BRF:18
BRH:18
end_of_record
TN:
SF:models/selectOptionStats.ts
FN:5,(anonymous_0)
FN:13,(anonymous_1)
FN:20,(anonymous_2)
FN:25,(anonymous_3)
FNF:4
FNH:4
FNDA:12,(anonymous_0)
FNDA:1,(anonymous_1)
FNDA:3,(anonymous_2)
FNDA:2,(anonymous_3)
DA:1,23
DA:9,12
DA:10,12
DA:14,1
DA:21,3
DA:26,2
LF:6
LH:6
BRDA:21,0,0,1
BRDA:21,0,1,2
BRDA:22,1,0,1
BRDA:22,1,1,1
BRDA:26,2,0,1
BRDA:26,2,1,1
BRF:6
BRH:6
end_of_record
TN:
SF:models/squareState.ts
FN:7,(anonymous_1)
FN:12,(anonymous_2)
FN:19,(anonymous_3)
FNF:3
FNH:3
FNDA:3,(anonymous_1)
FNDA:1,(anonymous_2)
FNDA:1,(anonymous_3)
DA:1,3
DA:3,3
DA:8,3
DA:9,3
DA:13,1
DA:20,1
LF:6
LH:6
BRDA:7,0,0,1
BRDA:7,1,0,1
BRF:2
BRH:2
end_of_record
TN:
SF:models/schemas/achievementSchema.ts
FNF:0
FNH:0
DA:1,73
DA:2,73
DA:5,73
DA:24,73
DA:26,73
LF:5
LH:5
BRF:0
BRH:0
end_of_record
TN:
SF:models/schemas/campaignSchema.ts
FNF:0
FNH:0
DA:1,73
DA:4,73
DA:35,73
DA:37,73
LF:4
LH:4
BRF:0
BRH:0
end_of_record
TN:
SF:models/schemas/collectionSchema.ts
FNF:0
FNH:0
DA:1,73
DA:4,73
DA:44,73
DA:45,73
DA:47,73
LF:5
LH:5
BRF:0
BRH:0
end_of_record
TN:
SF:models/schemas/commentSchema.ts
FNF:0
FNH:0
DA:1,73
DA:4,73
DA:35,73
DA:36,73
DA:38,73
LF:5
LH:5
BRF:0
BRH:0
end_of_record
TN:
SF:models/schemas/emailLogSchema.ts
FN:5,(anonymous_1)
FNF:1
FNH:1
FNDA:73,(anonymous_1)
DA:1,73
DA:2,73
DA:5,73
DA:6,73
DA:7,73
DA:8,73
DA:11,73
DA:48,73
DA:49,73
DA:51,73
LF:10
LH:10
BRDA:5,0,0,73
BRDA:5,0,1,73
BRF:2
BRH:2
end_of_record
TN:
SF:models/schemas/graphSchema.ts
FNF:0
FNH:0
DA:1,73
DA:2,73
DA:5,73
DA:36,73
DA:37,73
DA:38,73
DA:39,73
DA:41,73
LF:8
LH:8
BRF:0
BRH:0
end_of_record
TN:
SF:models/schemas/imageSchema.ts
FNF:0
FNH:0
DA:1,73
DA:4,73
DA:26,73
DA:28,73
LF:4
LH:4
BRF:0
BRH:0
end_of_record
TN:
SF:models/schemas/keyValueSchema.ts
FNF:0
FNH:0
DA:1,73
DA:4,73
DA:25,73
DA:27,73
DA:29,73
LF:5
LH:5
BRF:0
BRH:0
end_of_record
TN:
SF:models/schemas/levelSchema.ts
FN:140,calcReviews
FN:165,(anonymous_10)
FN:176,calcStats
FN:206,calcPlayAttempts
FN:280,(anonymous_15)
FN:290,refreshIndexCalcs
FNF:6
FNH:6
FNDA:22,calcReviews
FNDA:10,(anonymous_10)
FNDA:22,calcStats
FNDA:22,calcPlayAttempts
FNDA:36,(anonymous_15)
FNDA:22,refreshIndexCalcs
DA:2,73
DA:3,73
DA:5,73
DA:6,73
DA:8,73
DA:11,73
DA:13,73
DA:124,73
DA:125,73
DA:126,73
DA:127,73
DA:128,73
DA:129,73
DA:130,73
DA:131,73
DA:132,73
DA:133,73
DA:134,73
DA:135,73
DA:136,73
DA:137,73
DA:138,73
DA:142,22
DA:146,22
DA:147,22
DA:149,22
DA:150,10
DA:152,10
DA:154,10
DA:156,10
DA:157,10
DA:162,22
DA:163,22
DA:165,22
DA:166,22
DA:167,22
DA:169,22
DA:179,22
DA:196,22
DA:198,22
DA:200,22
DA:206,73
DA:207,22
DA:213,22
DA:233,22
DA:277,22
DA:280,36
DA:283,22
DA:285,22
DA:290,73
DA:291,22
DA:293,22
DA:296,22
DA:301,22
DA:312,73
LF:55
LH:55
BRDA:152,0,0,10
BRDA:166,1,0,10
BRDA:166,1,1,12
BRDA:206,2,0,22
BRDA:278,3,0,17
BRDA:278,3,1,5
BRDA:278,4,0,22
BRDA:278,4,1,22
BRDA:278,5,0,5
BRDA:278,5,1,17
BRDA:278,6,0,22
BRDA:278,6,1,22
BRDA:280,7,0,0
BRDA:280,7,1,36
BRDA:280,8,0,36
BRDA:280,8,1,36
BRF:16
BRH:15
end_of_record
TN:
SF:models/schemas/multiplayerMatchSchema.ts
FN:19,generateMatchLog
FN:110,enrichMultiplayerMatch
FN:139,(anonymous_3)
FN:146,(anonymous_4)
FN:172,computeMatchScoreTable
FN:179,(anonymous_6)
FNF:6
FNH:6
FNDA:27,generateMatchLog
FNDA:66,enrichMultiplayerMatch
FNDA:104,(anonymous_3)
FNDA:93,(anonymous_4)
FNDA:67,computeMatchScoreTable
FNDA:40,(anonymous_6)
DA:1,73
DA:2,73
DA:6,73
DA:17,73
DA:19,73
DA:20,27
DA:27,73
DA:110,73
DA:114,66
DA:115,66
DA:116,66
DA:119,66
DA:120,66
DA:122,66
DA:123,111
DA:126,66
DA:127,1
DA:132,66
DA:134,66
DA:135,35
DA:136,104
DA:139,35
DA:140,104
DA:141,104
DA:143,35
DA:146,93
DA:148,66
DA:149,38
DA:150,15
DA:151,23
DA:154,15
DA:156,15
DA:158,8
DA:162,66
DA:164,66
DA:165,38
DA:166,38
DA:169,66
DA:172,73
DA:173,67
DA:175,67
DA:178,94
DA:179,40
DA:183,67
DA:186,73
DA:189,73
DA:191,73
DA:193,73
LF:48
LH:48
BRDA:116,0,0,60
BRDA:116,0,1,6
BRDA:119,1,0,60
BRDA:119,1,1,6
BRDA:134,2,0,35
BRDA:134,3,0,66
BRDA:134,3,1,54
BRDA:139,4,0,0
BRDA:139,4,1,35
BRDA:139,5,0,35
BRDA:139,5,1,35
BRDA:146,6,0,66
BRDA:146,6,1,65
BRDA:148,7,0,38
BRDA:149,8,0,15
BRDA:149,8,1,23
BRDA:149,9,0,6
BRDA:149,9,1,32
BRDA:149,10,0,38
BRDA:149,10,1,38
BRDA:149,11,0,0
BRDA:149,11,1,38
BRDA:149,12,0,38
BRDA:149,12,1,38
BRDA:151,13,0,15
BRDA:151,13,1,8
BRDA:151,14,0,23
BRDA:151,14,1,23
BRDA:151,14,2,15
BRDA:154,15,0,15
BRDA:154,15,1,7
BRDA:164,16,0,38
BRF:32
BRH:30
end_of_record
TN:
SF:models/schemas/multiplayerProfileSchema.ts
FNF:0
FNH:0
DA:1,73
DA:4,73
DA:69,73
DA:71,73
DA:73,73
LF:5
LH:5
BRF:0
BRH:0
end_of_record
TN:
SF:models/schemas/notificationSchema.ts
FNF:0
FNH:0
DA:1,73
DA:2,73
DA:5,73
DA:50,73
LF:4
LH:4
BRF:0
BRH:0
end_of_record
TN:
SF:models/schemas/playAttemptSchema.ts
FN:5,(anonymous_1)
FNF:1
FNH:1
FNDA:73,(anonymous_1)
DA:1,73
DA:5,73
DA:6,73
DA:7,73
DA:8,73
DA:11,73
DA:49,73
DA:51,73
LF:8
LH:8
BRDA:5,0,0,73
BRDA:5,0,1,73
BRF:2
BRH:2
end_of_record
TN:
SF:models/schemas/queueMessageSchema.ts
FN:4,(anonymous_1)
FN:10,(anonymous_2)
FNF:2
FNH:2
FNDA:73,(anonymous_1)
FNDA:73,(anonymous_2)
DA:1,73
DA:4,73
DA:5,73
DA:6,73
DA:7,73
DA:10,73
DA:11,73
DA:12,73
DA:13,73
DA:14,73
DA:17,73
DA:71,73
DA:73,73
DA:75,73
DA:77,73
LF:15
LH:15
BRDA:4,0,0,73
BRDA:4,0,1,73
BRDA:10,1,0,73
BRDA:10,1,1,73
BRF:4
BRH:4
end_of_record
TN:
SF:models/schemas/recordSchema.ts
FNF:0
FNH:0
DA:1,73
DA:4,73
DA:32,73
DA:33,73
DA:35,73
LF:5
LH:5
BRF:0
BRH:0
end_of_record
TN:
SF:models/schemas/reviewSchema.ts
FNF:0
FNH:0
DA:1,73
DA:4,73
DA:36,73
DA:37,73
DA:38,73
DA:39,73
DA:41,73
LF:7
LH:7
BRF:0
BRH:0
end_of_record
TN:
SF:models/schemas/statSchema.ts
FNF:0
FNH:0
DA:1,73
DA:4,73
DA:40,73
DA:41,73
DA:43,73
LF:5
LH:5
BRF:0
BRH:0
end_of_record
TN:
SF:models/schemas/userConfigSchema.ts
FNF:0
FNH:0
DA:1,73
DA:2,73
DA:5,73
DA:45,73
DA:47,73
LF:5
LH:5
BRF:0
BRH:0
end_of_record
TN:
SF:models/schemas/userSchema.ts
FN:47,(anonymous_8)
FN:69,(anonymous_9)
FN:106,(anonymous_10)
FN:114,(anonymous_11)
FN:129,calcCreatorCounts
FNF:5
FNH:5
FNDA:291,(anonymous_8)
FNDA:293,(anonymous_9)
FNDA:289,(anonymous_10)
FNDA:289,(anonymous_11)
FNDA:4,calcCreatorCounts
DA:1,73
DA:3,73
DA:4,73
DA:6,73
DA:8,73
DA:16,73
DA:48,291
DA:70,293
DA:99,73
DA:100,73
DA:101,73
DA:102,73
DA:104,73
DA:106,73
DA:108,289
DA:111,289
DA:113,289
DA:116,289
DA:119,289
DA:120,289
DA:125,0
DA:129,73
DA:130,4
DA:134,4
DA:136,4
DA:141,73
LF:26
LH:25
BRDA:108,0,0,289
BRDA:108,0,1,0
BRDA:108,1,0,289
BRDA:108,1,1,2
BRDA:116,2,0,289
BRDA:134,3,0,4
BRDA:134,3,1,0
BRF:7
BRH:5
end_of_record
TN:
SF:pages/index.tsx
FN:13,getStaticProps
FNF:1
FNH:1
FNDA:1,getStaticProps
DA:1,1
DA:2,1
DA:3,1
DA:4,1
DA:5,1
DA:6,1
DA:7,1
DA:8,1
DA:9,1
DA:11,1
DA:13,1
DA:14,1
DA:16,1
DA:29,1
LF:14
LH:14
BRF:0
BRH:0
end_of_record
TN:
SF:pages/sitemap.xml.tsx
FN:15,generateSiteMap
FN:32,(anonymous_9)
FN:41,(anonymous_10)
FN:51,(anonymous_11)
FN:69,getServerSideProps
FNF:5
FNH:5
FNDA:1,generateSiteMap
FNDA:4,(anonymous_9)
FNDA:3,(anonymous_10)
FNDA:3,(anonymous_11)
FNDA:3,getServerSideProps
DA:5,1
DA:6,1
DA:7,1
DA:11,1
DA:13,1
DA:16,1
DA:33,4
DA:42,3
DA:52,3
DA:65,1
DA:69,1
DA:70,3
DA:71,1
DA:76,2
DA:78,2
DA:79,2
DA:80,1
DA:81,1
DA:83,1
DA:85,1
DA:87,1
DA:89,1
DA:90,1
DA:93,1
DA:94,1
DA:96,1
DA:100,1
DA:103,1
DA:105,1
DA:107,1
LF:30
LH:30
BRDA:70,0,0,1
BRDA:70,1,0,3
BRDA:70,1,1,3
BRF:3
BRH:3
end_of_record
TN:
SF:pages/api/archive/[id].ts
FN:22,(anonymous_14)
FN:22,(anonymous_15)
FN:42,(anonymous_16)
FN:42,(anonymous_17)
FNF:4
FNH:4
FNDA:4,(anonymous_14)
FNDA:4,(anonymous_15)
FNDA:2,(anonymous_16)
FNDA:2,(anonymous_17)
DA:1,1
DA:2,1
DA:4,1
DA:5,1
DA:6,1
DA:7,1
DA:8,1
DA:9,1
DA:10,1
DA:11,1
DA:12,1
DA:13,1
DA:15,1
DA:16,1
DA:18,1
DA:22,4
DA:23,4
DA:24,4
DA:26,4
DA:27,1
DA:32,3
DA:33,1
DA:38,2
DA:39,2
DA:41,2
DA:42,2
DA:44,2
DA:46,2
DA:53,1
DA:59,1
DA:61,1
DA:62,1
DA:64,1
DA:67,1
DA:72,1
LF:35
LH:35
BRDA:26,0,0,1
BRDA:32,1,0,1
BRF:2
BRH:2
end_of_record
TN:
SF:pages/api/avatar/[id].ts
FN:11,(anonymous_14)
FN:11,(anonymous_15)
FNF:2
FNH:2
FNDA:3,(anonymous_14)
FNDA:3,(anonymous_15)
DA:2,1
DA:3,1
DA:5,1
DA:7,1
DA:11,3
DA:12,3
DA:15,3
DA:17,3
DA:19,3
DA:21,3
DA:22,1
DA:27,2
DA:29,2
DA:30,1
DA:31,1
DA:33,1
DA:34,1
DA:36,1
DA:39,1
LF:19
LH:19
BRDA:21,0,0,1
BRDA:29,1,0,1
BRF:2
BRH:2
end_of_record
TN:
SF:pages/api/collection/[id].ts
FN:22,getCollection
FN:87,(anonymous_10)
FN:91,(anonymous_11)
FN:119,(anonymous_12)
FN:119,(anonymous_13)
FN:169,(anonymous_14)
FNF:6
FNH:6
FNDA:5,getCollection
FNDA:7,(anonymous_10)
FNDA:7,(anonymous_11)
FNDA:13,(anonymous_12)
FNDA:13,(anonymous_13)
FNDA:28,(anonymous_14)
DA:1,5
DA:4,5
DA:5,5
DA:6,5
DA:7,5
DA:8,5
DA:11,5
DA:12,5
DA:13,5
DA:22,5
DA:23,5
DA:25,5
DA:27,5
DA:28,3
DA:35,5
DA:43,5
DA:79,5
DA:80,5
DA:82,5
DA:83,3
DA:84,5
DA:87,3
DA:88,7
DA:91,7
DA:92,3
DA:95,5
DA:98,5
DA:119,13
DA:120,13
DA:121,2
DA:123,2
DA:125,2
DA:130,2
DA:131,1
DA:136,1
DA:137,1
DA:139,1
DA:141,1
DA:142,11
DA:143,7
DA:144,7
DA:146,7
DA:147,1
DA:149,1
DA:152,6
DA:154,6
DA:156,6
DA:157,4
DA:160,6
DA:161,6
DA:163,6
DA:165,6
DA:168,6
DA:169,28
DA:172,6
DA:185,6
DA:186,1
DA:189,5
DA:190,5
DA:192,5
DA:194,5
DA:195,4
DA:196,4
DA:198,4
DA:200,4
DA:201,1
DA:206,3
DA:207,2
DA:212,1
DA:214,1
LF:70
LH:70
BRDA:22,0,0,3
BRDA:27,1,0,3
BRDA:79,2,0,3
BRDA:79,2,1,2
BRDA:82,3,0,3
BRDA:82,4,0,2
BRDA:82,4,1,3
BRDA:82,5,0,5
BRDA:82,5,1,3
BRDA:120,6,0,2
BRDA:120,6,1,11
BRDA:130,7,0,1
BRDA:142,8,0,7
BRDA:142,8,1,4
BRDA:146,9,0,1
BRDA:146,10,0,7
BRDA:146,10,1,3
BRDA:146,10,2,1
BRDA:156,11,0,4
BRDA:160,12,0,6
BRDA:168,13,0,5
BRDA:185,14,0,1
BRDA:195,15,0,4
BRDA:200,16,0,1
BRDA:206,17,0,2
BRF:25
BRH:25
end_of_record
TN:
SF:pages/api/collection/index.ts
FN:16,(anonymous_8)
FN:16,(anonymous_9)
FNF:2
FNH:2
FNDA:2,(anonymous_8)
FNDA:2,(anonymous_9)
DA:1,1
DA:3,1
DA:4,1
DA:5,1
DA:6,1
DA:7,1
DA:8,1
DA:10,1
DA:16,2
DA:17,2
DA:18,2
DA:20,2
DA:21,2
DA:23,2
DA:24,2
DA:32,2
LF:16
LH:16
BRDA:26,0,0,1
BRDA:26,0,1,1
BRDA:26,1,0,2
BRDA:26,1,1,2
BRF:4
BRH:4
end_of_record
TN:
SF:pages/api/collection-by-id/[id].ts
FN:15,(anonymous_14)
FN:15,(anonymous_15)
FN:32,getCollectionById
FNF:3
FNH:3
FNDA:12,(anonymous_14)
FNDA:12,(anonymous_15)
FNDA:12,getCollectionById
DA:2,5
DA:3,5
DA:4,5
DA:5,5
DA:8,5
DA:10,5
DA:15,12
DA:16,12
DA:18,12
DA:19,12
DA:20,12
DA:21,12
DA:23,12
DA:24,2
DA:29,10
DA:32,5
DA:33,12
DA:41,12
DA:42,2
DA:45,10
DA:46,10
DA:48,10
DA:50,10
LF:23
LH:23
BRDA:19,0,0,1
BRDA:19,0,1,11
BRDA:19,1,0,12
BRDA:19,1,1,12
BRDA:20,2,0,11
BRDA:20,2,1,1
BRDA:23,3,0,2
BRDA:41,4,0,2
BRF:8
BRH:8
end_of_record
TN:
SF:pages/api/collections/index.ts
FN:7,(anonymous_8)
FN:7,(anonymous_9)
FNF:2
FNH:2
FNDA:1,(anonymous_8)
FNDA:1,(anonymous_9)
DA:2,1
DA:3,1
DA:5,1
DA:7,1
DA:8,1
DA:10,1
DA:12,1
LF:7
LH:7
BRF:0
BRH:0
end_of_record
TN:
SF:pages/api/comment/[id].ts
FN:19,getLatestCommentsFromId
FN:140,(anonymous_10)
FN:140,(anonymous_11)
FN:228,softDeleteComment
FNF:4
FNH:4
FNDA:5,getLatestCommentsFromId
FNDA:5,(anonymous_10)
FNDA:5,(anonymous_11)
FNDA:3,softDeleteComment
DA:1,1
DA:4,1
DA:5,1
DA:6,1
DA:7,1
DA:8,1
DA:11,1
DA:12,1
DA:19,1
DA:20,5
DA:22,5
DA:72,5
DA:118,5
DA:119,3
DA:122,5
DA:125,1
DA:140,5
DA:141,5
DA:142,3
DA:143,3
DA:144,3
DA:146,3
DA:147,1
DA:150,2
DA:152,2
DA:161,2
DA:163,1
DA:164,1
DA:166,1
DA:167,1
DA:195,1
DA:197,1
DA:198,0
DA:201,1
DA:202,1
DA:203,0
DA:210,2
DA:212,2
DA:213,2
DA:214,2
DA:216,2
DA:218,2
DA:219,1
DA:222,1
DA:224,1
DA:229,3
DA:239,3
DA:240,1
DA:243,2
DA:259,2
DA:261,2
DA:262,1
DA:265,2
DA:270,2
LF:54
LH:52
BRDA:20,0,0,5
BRDA:20,0,1,2
BRDA:22,1,0,4
BRDA:22,1,1,1
BRDA:103,2,0,3
BRDA:103,2,1,2
BRDA:103,3,0,2
BRDA:103,3,1,1
BRDA:103,4,0,2
BRDA:103,4,1,0
BRDA:118,5,0,3
BRDA:141,6,0,3
BRDA:141,6,1,2
BRDA:146,7,0,1
BRDA:146,8,0,3
BRDA:146,8,1,3
BRDA:161,9,0,1
BRDA:161,9,1,1
BRDA:163,10,0,1
BRDA:166,11,0,1
BRDA:195,12,0,1
BRDA:197,13,0,0
BRDA:202,14,0,0
BRDA:213,15,0,2
BRDA:218,16,0,1
BRDA:239,17,0,1
BRDA:266,18,0,2
BRDA:266,18,1,0
BRDA:266,19,0,2
BRDA:266,19,1,0
BRDA:266,20,0,2
BRDA:266,20,1,0
BRDA:266,21,0,2
BRDA:266,21,1,0
BRF:34
BRH:27
end_of_record
TN:
SF:pages/api/comment/get.ts
FN:15,(anonymous_14)
FN:15,(anonymous_15)
FNF:2
FNH:2
FNDA:2,(anonymous_14)
FNDA:2,(anonymous_15)
DA:2,1
DA:3,1
DA:5,1
DA:7,1
DA:15,2
DA:16,2
DA:17,2
DA:19,2
DA:20,1
DA:23,2
DA:26,2
DA:28,2
DA:29,2
DA:31,2
DA:32,2
DA:33,2
DA:35,2
DA:36,1
DA:39,2
DA:43,2
LF:20
LH:20
BRDA:19,0,0,1
BRDA:23,1,0,2
BRDA:23,1,1,0
BRDA:23,2,0,2
BRDA:23,2,1,2
BRDA:26,3,0,0
BRDA:26,3,1,2
BRDA:26,4,0,2
BRDA:26,4,1,2
BRDA:31,5,0,2
BRDA:32,6,0,0
BRDA:32,6,1,2
BRDA:32,7,0,2
BRDA:32,7,1,2
BRDA:33,8,0,2
BRDA:33,8,1,1
BRDA:33,9,0,1
BRDA:33,9,1,1
BRDA:33,10,0,2
BRDA:33,10,1,2
BRDA:33,11,0,0
BRDA:33,11,1,2
BRDA:33,12,0,2
BRDA:33,12,1,2
BRDA:45,13,0,2
BRDA:45,13,1,0
BRDA:45,14,0,0
BRDA:45,14,1,2
BRDA:45,15,0,2
BRDA:45,15,1,2
BRDA:45,16,0,0
BRDA:45,16,1,2
BRDA:45,17,0,2
BRDA:45,17,1,2
BRF:34
BRH:27
end_of_record
TN:
SF:pages/api/completions/[id].ts
FN:14,(anonymous_14)
FN:14,(anonymous_15)
FN:22,(anonymous_16)
FNF:3
FNH:3
FNDA:2,(anonymous_14)
FNDA:2,(anonymous_15)
FNDA:1,(anonymous_16)
DA:2,1
DA:3,1
DA:4,1
DA:5,1
DA:7,1
DA:9,1
DA:14,2
DA:15,2
DA:17,2
DA:19,2
DA:20,2
DA:22,1
DA:24,1
DA:26,1
DA:28,1
LF:15
LH:15
BRDA:20,0,0,1
BRDA:20,0,1,1
BRF:2
BRH:2
end_of_record
TN:
SF:pages/api/edit/[id].ts
FN:18,(anonymous_8)
FN:18,(anonymous_9)
FNF:2
FNH:2
FNDA:5,(anonymous_8)
FNDA:5,(anonymous_9)
DA:2,1
DA:3,1
DA:4,1
DA:6,1
DA:8,1
DA:18,5
DA:19,5
DA:20,5
DA:22,5
DA:24,5
DA:26,5
DA:27,1
DA:32,4
DA:33,1
DA:38,3
DA:39,1
DA:44,2
DA:53,2
LF:18
LH:18
BRDA:26,0,0,1
BRDA:32,1,0,1
BRDA:38,2,0,1
BRF:3
BRH:3
end_of_record
TN:
SF:pages/api/follow/index.ts
FN:30,(anonymous_8)
FN:30,(anonymous_9)
FN:86,getFollowData
FNF:3
FNH:3
FNDA:13,(anonymous_8)
FNDA:13,(anonymous_9)
FNDA:19,getFollowData
DA:2,2
DA:3,2
DA:4,2
DA:5,2
DA:6,2
DA:8,2
DA:10,2
DA:30,13
DA:31,13
DA:32,4
DA:33,4
DA:35,4
DA:38,9
DA:41,9
DA:49,9
DA:50,7
DA:51,1
DA:56,6
DA:61,6
DA:62,4
DA:64,2
DA:65,2
DA:67,2
DA:68,1
DA:72,1
DA:76,7
DA:78,7
DA:86,2
DA:87,19
DA:89,19
DA:95,19
DA:96,14
DA:104,14
DA:107,19
LF:34
LH:34
BRDA:31,0,0,4
BRDA:49,1,0,7
BRDA:49,1,1,2
BRDA:50,2,0,1
BRDA:61,3,0,4
BRDA:64,4,0,2
BRDA:67,5,0,1
BRDA:67,5,1,1
BRDA:95,6,0,14
BRF:9
BRH:9
end_of_record
TN:
SF:pages/api/forgot-password/index.ts
FN:13,(anonymous_14)
FN:13,(anonymous_15)
FNF:2
FNH:2
FNDA:4,(anonymous_14)
FNDA:4,(anonymous_15)
DA:2,1
DA:3,1
DA:4,1
DA:5,1
DA:7,1
DA:9,1
DA:13,4
DA:14,4
DA:16,4
DA:17,4
DA:19,4
DA:20,1
DA:25,3
DA:26,3
DA:28,2
DA:29,1
DA:31,1
DA:36,1
DA:38,1
DA:40,1
LF:20
LH:20
BRDA:19,0,0,1
BRDA:28,1,0,1
BRF:2
BRH:2
end_of_record
TN:
SF:pages/api/internal-jobs/email-digest/index.ts
FN:43,sendMail
FN:84,sendEmailDigests
FN:144,sendAutoUnsubscribeUsers
FN:229,sendEmailReactivation
FN:313,(anonymous_22)
FN:313,(anonymous_23)
FNF:6
FNH:6
FNDA:21,sendMail
FNDA:42,sendEmailDigests
FNDA:43,sendAutoUnsubscribeUsers
FNDA:42,sendEmailReactivation
FNDA:44,(anonymous_22)
FNDA:44,(anonymous_23)
DA:1,4
DA:2,4
DA:4,4
DA:6,4
DA:7,4
DA:8,4
DA:9,4
DA:10,4
DA:11,4
DA:13,4
DA:14,4
DA:15,4
DA:17,4
DA:18,4
DA:43,4
DA:50,21
DA:58,21
DA:65,21
DA:67,21
DA:68,21
DA:70,18
DA:72,3
DA:73,3
DA:76,21
DA:81,21
DA:84,4
DA:85,42
DA:91,42
DA:92,42
DA:94,42
DA:95,79
DA:96,1
DA:99,78
DA:104,78
DA:106,78
DA:107,62
DA:110,16
DA:111,16
DA:115,16
DA:116,1
DA:119,15
DA:120,1
DA:123,14
DA:129,14
DA:130,14
DA:131,14
DA:133,14
DA:134,12
DA:137,2
DA:141,42
DA:144,4
DA:150,43
DA:152,43
DA:158,43
DA:199,42
DA:200,42
DA:201,42
DA:205,42
DA:207,42
DA:208,3
DA:209,3
DA:210,3
DA:211,3
DA:212,3
DA:213,3
DA:215,3
DA:217,3
DA:218,2
DA:219,2
DA:222,1
DA:226,42
DA:229,4
DA:232,42
DA:233,42
DA:239,42
DA:280,42
DA:281,42
DA:282,42
DA:286,42
DA:288,42
DA:289,4
DA:290,4
DA:291,4
DA:292,4
DA:293,4
DA:294,4
DA:296,4
DA:298,4
DA:299,3
DA:302,1
DA:306,42
DA:309,4
DA:313,44
DA:314,44
DA:316,44
DA:317,1
DA:320,43
DA:321,43
DA:323,43
DA:324,43
DA:325,43
DA:327,43
DA:328,43
DA:330,42
DA:331,42
DA:333,42
DA:334,42
DA:336,42
DA:337,42
DA:338,42
DA:339,42
DA:340,42
DA:341,42
DA:342,42
DA:344,1
DA:346,1
DA:351,42
LF:117
LH:117
BRDA:18,0,0,4
BRDA:18,0,1,0
BRDA:70,1,0,1
BRDA:70,1,1,17
BRDA:70,2,0,0
BRDA:70,2,1,18
BRDA:70,3,0,18
BRDA:70,3,1,18
BRDA:77,4,0,4
BRDA:77,4,1,17
BRDA:95,5,0,1
BRDA:106,6,0,62
BRDA:106,7,0,78
BRDA:106,7,1,64
BRDA:111,8,0,11
BRDA:111,8,1,5
BRDA:115,9,0,1
BRDA:115,10,0,16
BRDA:115,10,1,11
BRDA:119,11,0,1
BRDA:133,12,0,12
BRDA:133,12,1,2
BRDA:217,13,0,2
BRDA:217,13,1,1
BRDA:298,14,0,3
BRDA:298,14,1,1
BRDA:316,15,0,1
BRF:27
BRH:25
end_of_record
TN:
SF:pages/api/internal-jobs/worker/index.ts
FN:15,queue
FN:32,queueFetch
FN:41,queueRefreshIndexCalcs
FN:50,queueCalcPlayAttempts
FN:59,queueCalcCreatorCounts
FN:69,processQueueMessage
FN:134,processQueueMessages
FN:153,(anonymous_28)
FN:153,(anonymous_29)
FN:176,(anonymous_30)
FN:187,(anonymous_31)
FN:211,(anonymous_32)
FN:220,(anonymous_33)
FN:220,(anonymous_34)
FNF:14
FNH:14
FNDA:118,queue
FNDA:20,queueFetch
FNDA:44,queueRefreshIndexCalcs
FNDA:43,queueCalcPlayAttempts
FNDA:11,queueCalcCreatorCounts
FNDA:62,processQueueMessage
FNDA:46,processQueueMessages
FNDA:46,(anonymous_28)
FNDA:46,(anonymous_29)
FNDA:62,(anonymous_30)
FNDA:62,(anonymous_31)
FNDA:62,(anonymous_32)
FNDA:8,(anonymous_33)
FNDA:8,(anonymous_34)
DA:1,15
DA:2,15
DA:4,15
DA:5,15
DA:6,15
DA:8,15
DA:9,15
DA:10,15
DA:11,15
DA:13,15
DA:15,15
DA:16,118
DA:32,15
DA:33,20
DA:41,15
DA:42,44
DA:50,15
DA:51,43
DA:59,15
DA:60,11
DA:70,62
DA:71,62
DA:73,62
DA:74,15
DA:76,15
DA:77,15
DA:79,14
DA:82,14
DA:83,3
DA:87,1
DA:88,1
DA:91,47
DA:92,22
DA:94,22
DA:95,22
DA:97,25
DA:98,21
DA:100,21
DA:101,21
DA:103,4
DA:104,4
DA:106,4
DA:107,4
DA:112,62
DA:114,62
DA:115,4
DA:117,4
DA:118,1
DA:122,62
DA:131,62
DA:134,15
DA:135,46
DA:138,46
DA:146,46
DA:148,46
DA:149,46
DA:150,46
DA:152,46
DA:153,46
DA:154,46
DA:167,45
DA:168,9
DA:170,9
DA:173,36
DA:175,36
DA:176,62
DA:187,36
DA:188,62
DA:189,62
DA:190,62
DA:191,62
DA:194,45
DA:196,1
DA:197,1
DA:200,46
DA:201,10
DA:204,36
DA:206,36
DA:207,62
DA:210,36
DA:211,62
DA:213,36
DA:216,15
DA:220,8
DA:221,8
DA:223,8
DA:224,1
DA:227,7
DA:229,7
LF:89
LH:89
BRDA:34,0,0,20
BRDA:34,0,1,0
BRDA:73,1,0,15
BRDA:73,1,1,47
BRDA:82,2,0,3
BRDA:91,3,0,22
BRDA:91,3,1,25
BRDA:97,4,0,21
BRDA:97,4,1,4
BRDA:103,5,0,4
BRDA:114,6,0,4
BRDA:117,7,0,1
BRDA:167,8,0,9
BRDA:200,9,0,10
BRDA:200,10,0,46
BRDA:200,10,1,37
BRDA:213,11,0,4
BRDA:213,11,1,32
BRDA:223,12,0,1
BRF:19
BRH:18
end_of_record
TN:
SF:pages/api/latest-levels/index.ts
FN:13,(anonymous_8)
FN:13,(anonymous_9)
FN:27,getLatestLevels
FNF:3
FNH:3
FNDA:4,(anonymous_8)
FNDA:4,(anonymous_9)
FNDA:5,getLatestLevels
DA:2,2
DA:3,2
DA:4,2
DA:5,2
DA:6,2
DA:9,2
DA:10,2
DA:11,2
DA:13,4
DA:14,4
DA:15,4
DA:16,4
DA:18,4
DA:19,1
DA:24,3
DA:27,2
DA:28,5
DA:30,5
DA:31,5
DA:32,5
DA:76,4
DA:78,1
DA:80,1
LF:23
LH:23
BRDA:14,0,0,1
BRDA:14,0,1,3
BRDA:14,1,0,4
BRDA:14,1,1,4
BRDA:15,2,0,3
BRDA:15,2,1,1
BRDA:18,3,0,1
BRDA:27,4,0,0
BRF:8
BRH:7
end_of_record
TN:
SF:pages/api/latest-reviews/index.ts
FN:15,(anonymous_8)
FN:15,(anonymous_9)
FN:29,getLatestReviews
FN:97,(anonymous_12)
FNF:4
FNH:4
FNDA:5,(anonymous_8)
FNDA:5,(anonymous_9)
FNDA:6,getLatestReviews
FNDA:22,(anonymous_12)
DA:3,2
DA:4,2
DA:5,2
DA:6,2
DA:7,2
DA:8,2
DA:11,2
DA:12,2
DA:13,2
DA:15,5
DA:16,5
DA:17,5
DA:18,5
DA:20,5
DA:21,2
DA:26,3
DA:29,2
DA:30,6
DA:31,6
DA:33,6
DA:34,6
DA:93,6
DA:94,1
DA:97,5
DA:98,22
DA:100,22
DA:103,1
DA:105,1
LF:28
LH:28
BRDA:16,0,0,1
BRDA:16,0,1,4
BRDA:16,1,0,5
BRDA:16,1,1,5
BRDA:17,2,0,4
BRDA:17,2,1,1
BRDA:20,3,0,2
BRDA:29,4,0,0
BRDA:93,5,0,1
BRDA:93,6,0,6
BRDA:93,6,1,6
BRF:11
BRH:10
end_of_record
TN:
SF:pages/api/level/[id].ts
FN:30,(anonymous_8)
FN:30,(anonymous_9)
FNF:2
FNH:2
FNDA:24,(anonymous_8)
FNDA:24,(anonymous_9)
DA:1,5
DA:3,5
DA:4,5
DA:5,5
DA:6,5
DA:7,5
DA:8,5
DA:9,5
DA:11,5
DA:12,5
DA:14,5
DA:30,24
DA:33,24
DA:34,7
DA:36,7
DA:38,7
DA:43,7
DA:44,1
DA:49,6
DA:51,6
DA:52,1
DA:57,5
DA:58,5
DA:60,5
DA:61,17
DA:62,10
DA:63,2
DA:68,8
DA:69,8
DA:71,8
DA:72,1
DA:77,7
DA:79,7
DA:81,7
DA:83,7
DA:117,7
DA:118,7
DA:124,7
DA:125,7
DA:126,7
DA:128,7
DA:130,7
DA:131,1
DA:136,6
DA:137,1
DA:142,5
DA:143,1
DA:148,4
DA:153,4
LF:49
LH:49
BRDA:33,0,0,7
BRDA:33,0,1,17
BRDA:43,1,0,1
BRDA:51,2,0,1
BRDA:61,3,0,10
BRDA:61,3,1,7
BRDA:62,4,0,2
BRDA:71,5,0,1
BRDA:71,6,0,8
BRDA:71,6,1,7
BRDA:89,7,0,6
BRDA:89,7,1,1
BRDA:89,8,0,7
BRDA:89,8,1,7
BRDA:89,9,0,1
BRDA:89,9,1,6
BRDA:89,10,0,7
BRDA:89,10,1,7
BRDA:117,11,0,7
BRDA:125,12,0,7
BRDA:130,13,0,1
BRDA:136,14,0,1
BRDA:142,15,0,1
BRF:23
BRH:23
end_of_record
TN:
SF:pages/api/level/index.ts
FN:17,(anonymous_8)
FN:17,(anonymous_9)
FNF:2
FNH:2
FNDA:9,(anonymous_8)
FNDA:9,(anonymous_9)
DA:1,4
DA:3,4
DA:4,4
DA:5,4
DA:6,4
DA:7,4
DA:8,4
DA:9,4
DA:11,4
DA:17,9
DA:18,9
DA:19,9
DA:21,9
DA:23,9
DA:24,9
DA:26,9
DA:28,9
DA:52,8
DA:54,1
DA:56,1
LF:20
LH:20
BRDA:31,0,0,1
BRDA:31,0,1,8
BRDA:31,1,0,9
BRDA:31,1,1,9
BRF:4
BRH:4
end_of_record
TN:
SF:pages/api/level-by-slug/[username]/[slugName].ts
FN:15,(anonymous_8)
FN:15,(anonymous_9)
FN:30,getLevelByUrlPath
FNF:3
FNH:3
FNDA:3,(anonymous_8)
FNDA:3,(anonymous_9)
FNDA:4,getLevelByUrlPath
DA:3,2
DA:4,2
DA:5,2
DA:6,2
DA:7,2
DA:8,2
DA:10,2
DA:11,2
DA:12,2
DA:15,3
DA:16,3
DA:17,3
DA:18,3
DA:19,3
DA:21,3
DA:22,1
DA:27,2
DA:30,2
DA:31,4
DA:33,4
DA:34,4
DA:36,4
DA:97,4
DA:98,1
DA:101,3
DA:103,3
LF:26
LH:26
BRDA:17,0,0,2
BRDA:17,0,1,1
BRDA:17,1,0,3
BRDA:17,1,1,3
BRDA:18,2,0,1
BRDA:18,2,1,2
BRDA:21,3,0,1
BRDA:97,4,0,1
BRF:8
BRH:8
end_of_record
TN:
SF:pages/api/level-of-day/index.ts
FN:18,getLevelOfDayKVKey
FN:22,getLevelOfDay
FN:139,(anonymous_11)
FN:139,(anonymous_12)
FN:165,(anonymous_13)
FN:165,(anonymous_14)
FNF:6
FNH:6
FNDA:141,getLevelOfDayKVKey
FNDA:136,getLevelOfDay
FNDA:3,(anonymous_11)
FNDA:3,(anonymous_12)
FNDA:7,(anonymous_13)
FNDA:7,(anonymous_14)
DA:1,7
DA:3,7
DA:4,7
DA:5,7
DA:6,7
DA:7,7
DA:8,7
DA:11,7
DA:12,7
DA:13,7
DA:15,7
DA:16,7
DA:18,7
DA:19,141
DA:22,7
DA:23,136
DA:25,136
DA:26,136
DA:28,136
DA:29,3
DA:64,3
DA:65,2
DA:67,1
DA:69,1
DA:73,133
DA:75,133
DA:76,133
DA:77,133
DA:78,133
DA:79,133
DA:107,133
DA:109,133
DA:110,133
DA:120,133
DA:121,4
DA:123,4
DA:124,1
DA:125,1
DA:129,133
DA:130,130
DA:132,130
DA:136,3
DA:138,3
DA:139,3
DA:140,3
DA:141,3
DA:147,2
DA:150,2
DA:152,1
DA:153,1
DA:155,1
DA:158,2
DA:160,2
DA:163,7
DA:165,7
DA:166,7
DA:167,7
DA:169,7
DA:171,7
DA:172,3
DA:177,4
LF:61
LH:61
BRDA:28,0,0,3
BRDA:64,1,0,2
BRDA:64,1,1,1
BRDA:64,2,0,3
BRDA:64,2,1,3
BRDA:96,3,0,133
BRDA:96,3,1,130
BRDA:96,4,0,130
BRDA:96,4,1,3
BRDA:96,5,0,133
BRDA:96,5,1,3
BRDA:123,6,0,1
BRDA:129,7,0,130
BRDA:140,8,0,1
BRDA:140,8,1,2
BRDA:140,9,0,3
BRDA:140,9,1,3
BRDA:140,10,0,1
BRDA:140,10,1,2
BRDA:140,11,0,3
BRDA:140,11,1,2
BRDA:143,12,0,3
BRDA:143,12,1,1
BRDA:143,13,0,1
BRDA:143,13,1,2
BRDA:143,14,0,3
BRDA:143,14,1,2
BRDA:158,15,0,2
BRDA:158,15,1,1
BRDA:166,16,0,5
BRDA:166,16,1,2
BRDA:166,17,0,7
BRDA:166,17,1,7
BRDA:167,18,0,2
BRDA:167,18,1,5
BRDA:171,19,0,3
BRF:36
BRH:36
end_of_record
TN:
SF:pages/api/level/image/[id].ts
FN:14,(anonymous_14)
FN:14,(anonymous_15)
FNF:2
FNH:2
FNDA:4,(anonymous_14)
FNDA:4,(anonymous_15)
DA:1,1
DA:3,1
DA:4,1
DA:5,1
DA:6,1
DA:8,1
DA:10,1
DA:14,4
DA:15,4
DA:18,4
DA:20,4
DA:22,4
DA:24,4
DA:25,1
DA:30,3
DA:31,1
DA:36,2
DA:38,2
DA:39,1
DA:40,1
DA:42,1
DA:43,1
DA:45,1
DA:48,1
DA:50,1
DA:51,1
DA:53,1
DA:54,1
DA:56,1
DA:63,1
LF:30
LH:30
BRDA:24,0,0,1
BRDA:30,1,0,1
BRDA:38,2,0,1
BRF:3
BRH:3
end_of_record
TN:
SF:pages/api/levels/index.ts
FN:8,(anonymous_8)
FN:8,(anonymous_9)
FNF:2
FNH:2
FNDA:3,(anonymous_8)
FNDA:3,(anonymous_9)
DA:2,1
DA:3,1
DA:4,1
DA:6,1
DA:8,3
DA:9,3
DA:11,3
DA:12,3
DA:17,2
DA:18,1
DA:23,1
DA:26,1
DA:28,1
LF:13
LH:13
BRDA:17,0,0,1
BRF:1
BRH:1
end_of_record
TN:
SF:pages/api/login/index.ts
FN:14,(anonymous_14)
FN:14,(anonymous_15)
FNF:2
FNH:2
FNDA:6,(anonymous_14)
FNDA:6,(anonymous_15)
DA:1,2
DA:3,2
DA:4,2
DA:5,2
DA:7,2
DA:9,2
DA:14,6
DA:15,6
DA:17,6
DA:20,6
DA:21,6
DA:23,6
DA:24,2
DA:27,6
DA:28,1
DA:33,5
DA:34,1
DA:39,4
DA:41,4
LF:19
LH:19
BRDA:23,0,0,2
BRDA:27,1,0,1
BRDA:27,2,0,6
BRDA:27,2,1,5
BRDA:33,3,0,1
BRF:5
BRH:5
end_of_record
TN:
SF:pages/api/logout/index.ts
FN:5,(anonymous_8)
FN:5,(anonymous_9)
FNF:2
FNH:2
FNDA:1,(anonymous_8)
FNDA:1,(anonymous_9)
DA:2,1
DA:3,1
DA:5,1
DA:6,1
LF:4
LH:4
BRF:0
BRH:0
end_of_record
TN:
SF:pages/api/match/[matchId].ts
FN:16,abortMatch
FN:36,quitMatch
FN:92,MatchMarkSkipLevel
FN:130,MatchMarkCompleteLevel
FN:179,getMatch
FN:198,generateLevels
FN:285,(anonymous_20)
FN:285,(anonymous_21)
FN:428,(anonymous_22)
FNF:9
FNH:8
FNDA:0,abortMatch
FNDA:3,quitMatch
FNDA:2,MatchMarkSkipLevel
FNDA:2,MatchMarkCompleteLevel
FNDA:21,getMatch
FNDA:16,generateLevels
FNDA:21,(anonymous_20)
FNDA:21,(anonymous_21)
FNDA:6,(anonymous_22)
DA:1,73
DA:3,73
DA:4,73
DA:5,73
DA:6,73
DA:7,73
DA:11,73
DA:12,73
DA:13,73
DA:14,73
DA:16,73
DA:17,0
DA:20,0
DA:33,0
DA:36,73
DA:37,3
DA:41,3
DA:67,3
DA:68,1
DA:70,1
DA:71,1
DA:73,1
DA:76,0
DA:79,2
DA:80,2
DA:81,2
DA:82,2
DA:85,2
DA:89,2
DA:92,73
DA:97,2
DA:99,2
DA:124,2
DA:125,2
DA:127,2
DA:130,73
DA:135,2
DA:174,2
DA:176,2
DA:179,73
DA:181,21
DA:183,21
DA:184,1
DA:187,20
DA:198,73
DA:209,16
DA:210,16
DA:211,16
DA:212,16
DA:214,16
DA:216,16
DA:218,16
DA:268,16
DA:271,73
DA:285,21
DA:286,21
DA:288,21
DA:289,10
DA:291,10
DA:292,1
DA:295,9
DA:296,11
DA:297,11
DA:299,11
DA:300,0
DA:314,0
DA:315,0
DA:320,0
DA:322,11
DA:324,6
DA:335,6
DA:338,0
DA:339,0
DA:341,0
DA:348,6
DA:351,6
DA:355,6
DA:377,6
DA:378,2
DA:382,2
DA:385,4
DA:386,4
DA:396,4
DA:402,4
DA:408,4
DA:414,4
DA:422,4
DA:425,4
DA:428,6
DA:437,4
DA:438,4
DA:445,4
DA:446,5
DA:447,3
DA:449,3
DA:450,1
DA:453,2
DA:455,2
DA:456,2
DA:458,2
DA:464,2
LF:101
LH:90
BRDA:67,0,0,1
BRDA:70,1,0,1
BRDA:183,2,0,1
BRDA:209,3,0,16
BRDA:209,3,1,12
BRDA:210,4,0,16
BRDA:210,4,1,12
BRDA:212,5,0,16
BRDA:212,5,1,12
BRDA:288,6,0,10
BRDA:288,6,1,11
BRDA:291,7,0,1
BRDA:296,8,0,11
BRDA:299,9,0,0
BRDA:299,9,1,11
BRDA:314,10,0,0
BRDA:322,11,0,6
BRDA:322,11,1,5
BRDA:335,12,0,0
BRDA:335,13,0,6
BRDA:335,13,1,1
BRDA:338,14,0,0
BRDA:338,14,1,0
BRDA:377,15,0,2
BRDA:385,16,0,4
BRDA:446,17,0,3
BRDA:446,17,1,2
BRDA:449,18,0,1
BRDA:456,19,0,2
BRDA:464,20,0,2
BRDA:464,20,1,0
BRF:31
BRH:25
end_of_record
TN:
SF:pages/api/match/index.ts
FN:28,makeId
FN:41,checkForFinishedMatches
FN:68,calculateEloChange
FN:97,finishMatch
FN:99,(anonymous_14)
FN:118,(anonymous_15)
FN:118,(anonymous_16)
FN:242,checkForUnreadyAboutToStartMatch
FN:267,checkForFinishedMatch
FN:287,createMatch
FN:334,getAllMatches
FN:471,(anonymous_25)
FN:471,(anonymous_26)
FNF:13
FNH:12
FNDA:6,makeId
FNDA:45,checkForFinishedMatches
FNDA:10,calculateEloChange
FNDA:1,finishMatch
FNDA:1,(anonymous_14)
FNDA:1,(anonymous_15)
FNDA:1,(anonymous_16)
FNDA:0,checkForUnreadyAboutToStartMatch
FNDA:2,checkForFinishedMatch
FNDA:7,createMatch
FNDA:45,getAllMatches
FNDA:9,(anonymous_25)
FNDA:9,(anonymous_26)
DA:1,73
DA:2,73
DA:4,73
DA:5,73
DA:6,73
DA:7,73
DA:8,73
DA:9,73
DA:10,73
DA:13,73
DA:14,73
DA:19,73
DA:20,73
DA:25,73
DA:26,73
DA:29,6
DA:31,6
DA:32,6
DA:34,6
DA:35,66
DA:38,6
DA:41,73
DA:42,45
DA:55,45
DA:56,0
DA:68,73
DA:75,10
DA:76,10
DA:77,10
DA:78,10
DA:79,10
DA:81,10
DA:82,3
DA:83,3
DA:86,10
DA:87,5
DA:88,5
DA:91,10
DA:92,10
DA:94,10
DA:97,73
DA:98,1
DA:99,1
DA:100,1
DA:102,1
DA:103,1
DA:105,1
DA:106,0
DA:107,0
DA:110,1
DA:111,1
DA:112,1
DA:115,1
DA:117,1
DA:118,1
DA:119,1
DA:132,1
DA:148,1
DA:149,1
DA:151,1
DA:153,1
DA:154,1
DA:155,1
DA:158,1
DA:189,0
DA:190,0
DA:193,1
DA:199,1
DA:230,1
DA:231,0
DA:235,0
DA:236,0
DA:239,1
DA:242,73
DA:243,0
DA:256,0
DA:257,0
DA:260,0
DA:261,0
DA:263,0
DA:267,73
DA:268,2
DA:280,2
DA:281,1
DA:284,1
DA:287,73
DA:288,7
DA:299,7
DA:300,1
DA:305,6
DA:307,6
DA:322,6
DA:324,6
DA:334,73
DA:335,45
DA:336,18
DA:344,45
DA:346,45
DA:449,45
DA:450,18
DA:451,10
DA:455,45
DA:458,73
DA:471,9
DA:472,9
DA:474,2
DA:476,2
DA:477,7
DA:481,7
DA:482,7
DA:484,0
DA:486,0
DA:489,7
DA:490,1
DA:495,6
DA:497,6
LF:116
LH:100
BRDA:81,0,0,3
BRDA:86,1,0,5
BRDA:105,2,0,0
BRDA:112,3,0,1
BRDA:112,3,1,0
BRDA:151,4,0,1
BRDA:151,4,1,0
BRDA:151,5,0,1
BRDA:151,5,1,0
BRDA:151,6,0,0
BRDA:151,6,1,1
BRDA:153,7,0,1
BRDA:153,7,1,0
BRDA:193,8,0,1
BRDA:193,8,1,0
BRDA:211,9,0,1
BRDA:211,9,1,0
BRDA:212,10,0,1
BRDA:212,10,1,0
BRDA:230,11,0,0
BRDA:256,12,0,0
BRDA:260,13,0,0
BRDA:260,13,1,0
BRDA:280,14,0,1
BRDA:299,15,0,1
BRDA:334,16,0,18
BRDA:335,17,0,18
BRDA:449,18,0,18
BRDA:472,19,0,2
BRDA:472,19,1,7
BRDA:477,20,0,7
BRDA:489,21,0,1
BRF:32
BRH:19
end_of_record
TN:
SF:pages/api/notification/index.ts
FN:13,(anonymous_8)
FN:13,(anonymous_9)
FN:35,(anonymous_10)
FNF:3
FNH:3
FNDA:4,(anonymous_8)
FNDA:4,(anonymous_9)
FNDA:4,(anonymous_10)
DA:2,1
DA:3,1
DA:4,1
DA:5,1
DA:6,1
DA:8,1
DA:13,4
DA:14,4
DA:16,4
DA:17,4
DA:29,3
DA:30,1
DA:34,2
DA:35,2
DA:37,4
DA:38,3
DA:44,1
DA:47,2
DA:49,1
DA:51,1
LF:20
LH:20
BRDA:29,0,0,1
BRDA:37,1,0,3
BRF:2
BRH:2
end_of_record
TN:
SF:pages/api/play-attempt/index.ts
FN:20,getLastLevelPlayed
FN:104,forceCompleteLatestPlayAttempt
FN:165,(anonymous_12)
FN:165,(anonymous_13)
FN:185,(anonymous_14)
FN:185,(anonymous_15)
FNF:6
FNH:6
FNDA:3,getLastLevelPlayed
FNDA:38,forceCompleteLatestPlayAttempt
FNDA:62,(anonymous_12)
FNDA:62,(anonymous_13)
FNDA:60,(anonymous_14)
FNDA:60,(anonymous_15)
DA:1,8
DA:2,8
DA:4,8
DA:5,8
DA:6,8
DA:7,8
DA:8,8
DA:9,8
DA:10,8
DA:13,8
DA:14,8
DA:15,8
DA:16,8
DA:18,8
DA:20,8
DA:22,3
DA:95,3
DA:96,2
DA:99,1
DA:101,1
DA:104,8
DA:105,38
DA:122,38
DA:124,12
DA:135,38
DA:145,38
DA:154,8
DA:165,62
DA:166,62
DA:168,2
DA:170,2
DA:171,1
DA:174,1
DA:175,60
DA:176,60
DA:178,60
DA:179,60
DA:181,60
DA:182,60
DA:184,60
DA:185,60
DA:186,60
DA:216,59
DA:217,1
DA:218,1
DA:221,58
DA:223,30
DA:224,21
DA:226,21
DA:244,21
DA:254,30
DA:256,30
DA:259,28
DA:264,28
DA:274,28
DA:276,28
DA:278,58
DA:280,2
DA:281,2
DA:283,2
DA:284,1
DA:287,1
DA:292,58
LF:63
LH:63
BRDA:95,0,0,2
BRDA:122,1,0,12
BRDA:137,2,0,26
BRDA:137,2,1,12
BRDA:166,3,0,2
BRDA:166,3,1,60
BRDA:170,4,0,1
BRDA:175,5,0,60
BRDA:216,6,0,1
BRDA:216,7,0,59
BRDA:216,7,1,58
BRDA:221,8,0,30
BRDA:223,9,0,21
BRDA:271,10,0,9
BRDA:271,10,1,19
BRDA:271,11,0,17
BRDA:271,11,1,11
BRDA:271,12,0,28
BRDA:271,12,1,11
BRDA:283,13,0,1
BRF:20
BRH:20
end_of_record
TN:
SF:pages/api/publish/[id].ts
FN:25,(anonymous_14)
FN:25,(anonymous_15)
FN:90,(anonymous_16)
FN:90,(anonymous_17)
FNF:4
FNH:4
FNDA:10,(anonymous_14)
FNDA:10,(anonymous_15)
FNDA:7,(anonymous_16)
FNDA:7,(anonymous_17)
DA:1,2
DA:2,2
DA:4,2
DA:5,2
DA:6,2
DA:7,2
DA:8,2
DA:9,2
DA:10,2
DA:11,2
DA:12,2
DA:13,2
DA:14,2
DA:17,2
DA:18,2
DA:19,2
DA:21,2
DA:25,10
DA:26,10
DA:28,10
DA:30,10
DA:35,10
DA:36,1
DA:41,9
DA:42,1
DA:47,8
DA:48,1
DA:53,7
DA:54,1
DA:59,6
DA:60,1
DA:65,5
DA:70,1
DA:75,4
DA:81,1
DA:86,3
DA:87,3
DA:89,3
DA:90,7
DA:91,7
DA:120,3
DA:121,0
DA:124,3
DA:132,2
DA:134,1
DA:135,1
DA:137,1
DA:142,2
DA:147,2
LF:49
LH:48
BRDA:35,0,0,1
BRDA:41,1,0,1
BRDA:41,2,0,9
BRDA:41,2,1,1
BRDA:47,3,0,1
BRDA:47,4,0,8
BRDA:47,4,1,1
BRDA:53,5,0,1
BRDA:59,6,0,1
BRDA:65,7,0,1
BRDA:75,8,0,1
BRDA:120,9,0,0
BRDA:129,10,0,0
BRDA:129,10,1,3
BRDA:129,11,0,3
BRDA:129,11,1,3
BRF:16
BRH:14
end_of_record
TN:
SF:pages/api/records/[id].ts
FN:14,(anonymous_14)
FN:14,(anonymous_15)
FN:58,(anonymous_16)
FNF:3
FNH:3
FNDA:3,(anonymous_14)
FNDA:3,(anonymous_15)
FNDA:1,(anonymous_16)
DA:1,1
DA:3,1
DA:4,1
DA:5,1
DA:6,1
DA:7,1
DA:8,1
DA:10,1
DA:14,3
DA:15,3
DA:17,3
DA:19,3
DA:20,3
DA:52,2
DA:53,0
DA:58,2
DA:60,2
DA:62,1
DA:64,1
LF:19
LH:18
BRDA:52,0,0,0
BRF:1
BRH:0
end_of_record
TN:
SF:pages/api/reset-password/index.ts
FN:15,(anonymous_14)
FN:15,(anonymous_15)
FNF:2
FNH:2
FNDA:5,(anonymous_14)
FNDA:5,(anonymous_15)
DA:1,1
DA:3,1
DA:4,1
DA:5,1
DA:6,1
DA:7,1
DA:9,1
DA:15,5
DA:16,5
DA:18,5
DA:19,5
DA:21,5
DA:22,1
DA:27,4
DA:28,4
DA:29,1
DA:34,2
DA:36,2
DA:41,1
DA:43,1
DA:45,1
LF:21
LH:21
BRDA:21,0,0,1
BRDA:28,1,0,1
BRF:2
BRH:2
end_of_record
TN:
SF:pages/api/review/[id].ts
FN:18,getScoreEmojis
FN:22,generateDiscordWebhook
FN:71,(anonymous_10)
FN:71,(anonymous_11)
FNF:4
FNH:4
FNDA:3,getScoreEmojis
FNDA:3,generateDiscordWebhook
FNDA:15,(anonymous_10)
FNDA:15,(anonymous_11)
DA:1,1
DA:3,1
DA:4,1
DA:5,1
DA:6,1
DA:7,1
DA:8,1
DA:9,1
DA:10,1
DA:11,1
DA:14,1
DA:15,1
DA:16,1
DA:18,1
DA:19,3
DA:32,3
DA:33,2
DA:36,1
DA:38,1
DA:39,1
DA:42,1
DA:44,1
DA:47,1
DA:71,15
DA:72,15
DA:73,6
DA:74,6
DA:75,6
DA:77,6
DA:79,6
DA:80,1
DA:85,5
DA:87,5
DA:111,5
DA:112,1
DA:117,4
DA:120,4
DA:125,4
DA:126,1
DA:131,3
DA:133,3
DA:142,1
DA:148,1
DA:150,2
DA:152,2
DA:156,9
DA:157,6
DA:158,6
DA:181,6
DA:182,1
DA:187,5
DA:188,5
DA:189,5
DA:191,5
DA:192,1
DA:197,4
DA:201,4
DA:210,4
DA:211,1
DA:216,4
DA:217,4
DA:222,3
DA:223,1
DA:228,2
DA:234,2
DA:236,1
DA:238,1
DA:242,3
DA:243,3
DA:245,3
DA:247,3
DA:249,3
DA:250,1
DA:255,2
DA:256,2
DA:261,1
DA:266,1
DA:268,1
DA:270,1
LF:79
LH:79
BRDA:19,0,0,2
BRDA:19,0,1,1
BRDA:32,1,0,2
BRDA:32,2,0,3
BRDA:32,2,1,2
BRDA:32,2,2,1
BRDA:38,3,0,1
BRDA:42,4,0,1
BRDA:42,4,1,0
BRDA:42,5,0,0
BRDA:42,5,1,1
BRDA:42,6,0,1
BRDA:42,6,1,1
BRDA:72,7,0,6
BRDA:72,7,1,9
BRDA:77,8,0,0
BRDA:77,8,1,6
BRDA:77,9,0,6
BRDA:77,9,1,6
BRDA:79,10,0,1
BRDA:79,11,0,6
BRDA:79,11,1,1
BRDA:79,11,2,0
BRDA:111,12,0,1
BRDA:125,13,0,1
BRDA:137,14,0,0
BRDA:137,14,1,3
BRDA:144,15,0,0
BRDA:144,15,1,1
BRDA:144,16,0,1
BRDA:144,16,1,1
BRDA:156,17,0,6
BRDA:156,17,1,3
BRDA:181,18,0,1
BRDA:189,19,0,1
BRDA:189,19,1,4
BRDA:189,20,0,5
BRDA:189,20,1,5
BRDA:191,21,0,1
BRDA:191,22,0,5
BRDA:191,22,1,1
BRDA:191,22,2,0
BRDA:204,23,0,1
BRDA:204,23,1,3
BRDA:210,24,0,1
BRDA:222,25,0,1
BRDA:230,26,0,0
BRDA:230,26,1,2
BRDA:230,27,0,2
BRDA:230,27,1,2
BRDA:242,28,0,3
BRDA:249,29,0,1
BRDA:262,30,0,0
BRDA:262,30,1,1
BRDA:262,31,0,1
BRDA:262,31,1,1
BRF:56
BRH:47
end_of_record
TN:
SF:pages/api/reviews/[id].ts
FN:12,(anonymous_14)
FN:12,(anonymous_15)
FN:26,(anonymous_16)
FNF:3
FNH:3
FNDA:3,(anonymous_14)
FNDA:3,(anonymous_15)
FNDA:1,(anonymous_16)
DA:2,1
DA:3,1
DA:4,1
DA:6,1
DA:8,1
DA:12,3
DA:13,3
DA:15,3
DA:17,3
DA:20,3
DA:21,1
DA:26,2
DA:28,2
LF:13
LH:13
BRDA:20,0,0,1
BRF:1
BRH:1
end_of_record
TN:
SF:pages/api/search/index.ts
FN:21,cleanInput
FN:31,doQuery
FN:330,(anonymous_11)
FN:364,(anonymous_12)
FN:376,(anonymous_13)
FN:376,(anonymous_14)
FNF:6
FNH:6
FNDA:3,cleanInput
FNDA:58,doQuery
FNDA:121,(anonymous_11)
FNDA:479,(anonymous_12)
FNDA:50,(anonymous_13)
FNDA:50,(anonymous_14)
DA:1,5
DA:4,5
DA:5,5
DA:6,5
DA:7,5
DA:8,5
DA:9,5
DA:10,5
DA:11,5
DA:12,5
DA:13,5
DA:16,5
DA:17,5
DA:18,5
DA:19,5
DA:21,5
DA:22,3
DA:31,5
DA:32,58
DA:34,58
DA:37,58
DA:39,58
DA:41,58
DA:42,2
DA:48,58
DA:49,1
DA:50,1
DA:52,1
DA:53,1
DA:55,57
DA:56,3
DA:57,3
DA:61,58
DA:62,6
DA:68,58
DA:69,1
DA:75,58
DA:76,12
DA:77,1
DA:78,1
DA:80,11
DA:81,5
DA:82,5
DA:84,6
DA:85,2
DA:86,2
DA:88,4
DA:89,1
DA:90,1
DA:94,58
DA:96,58
DA:98,58
DA:99,41
DA:100,2
DA:102,39
DA:103,6
DA:105,33
DA:106,6
DA:108,27
DA:109,11
DA:111,11
DA:113,16
DA:114,6
DA:116,10
DA:117,7
DA:119,3
DA:120,3
DA:122,0
DA:124,3
DA:126,3
DA:131,58
DA:133,58
DA:135,58
DA:136,35
DA:139,58
DA:141,58
DA:142,2
DA:173,56
DA:174,0
DA:200,56
DA:201,1
DA:227,55
DA:229,1
DA:287,58
DA:288,4
DA:289,2
DA:291,2
DA:292,2
DA:293,2
DA:295,2
DA:303,58
DA:304,3
DA:305,3
DA:307,3
DA:308,1
DA:311,3
DA:312,1
DA:315,3
DA:316,1
DA:319,3
DA:321,3
DA:324,58
DA:325,58
DA:330,121
DA:361,58
DA:362,58
DA:364,58
DA:365,479
DA:368,56
DA:370,2
DA:372,2
DA:376,50
DA:377,50
DA:378,50
DA:379,50
DA:380,50
DA:382,50
DA:383,1
DA:388,49
LF:119
LH:117
BRDA:31,0,0,54
BRDA:37,1,0,58
BRDA:37,1,1,55
BRDA:41,2,0,2
BRDA:41,3,0,58
BRDA:41,3,1,2
BRDA:48,4,0,1
BRDA:48,4,1,57
BRDA:48,5,0,58
BRDA:48,5,1,1
BRDA:52,6,0,1
BRDA:55,7,0,3
BRDA:56,8,0,3
BRDA:61,9,0,6
BRDA:61,10,0,58
BRDA:61,10,1,6
BRDA:68,11,0,1
BRDA:68,12,0,58
BRDA:68,12,1,1
BRDA:75,13,0,12
BRDA:76,14,0,1
BRDA:76,14,1,11
BRDA:80,15,0,5
BRDA:80,15,1,6
BRDA:84,16,0,2
BRDA:84,16,1,4
BRDA:88,17,0,1
BRDA:94,18,0,20
BRDA:94,18,1,38
BRDA:98,19,0,41
BRDA:99,20,0,2
BRDA:99,20,1,39
BRDA:102,21,0,6
BRDA:102,21,1,33
BRDA:105,22,0,6
BRDA:105,22,1,27
BRDA:108,23,0,11
BRDA:108,23,1,16
BRDA:113,24,0,6
BRDA:113,24,1,10
BRDA:116,25,0,7
BRDA:116,25,1,3
BRDA:119,26,0,3
BRDA:120,27,0,0
BRDA:120,27,1,3
BRDA:135,28,0,35
BRDA:141,29,0,2
BRDA:141,29,1,56
BRDA:173,30,0,0
BRDA:173,30,1,56
BRDA:200,31,0,1
BRDA:200,31,1,55
BRDA:227,32,0,1
BRDA:287,33,0,4
BRDA:288,34,0,2
BRDA:288,34,1,2
BRDA:303,35,0,3
BRDA:303,36,0,58
BRDA:303,36,1,7
BRDA:307,37,0,1
BRDA:311,38,0,1
BRDA:315,39,0,1
BRDA:319,40,0,3
BRDA:319,40,1,0
BRDA:361,41,0,2
BRDA:361,41,1,56
BRDA:361,42,0,58
BRDA:361,42,1,58
BRDA:362,43,0,58
BRDA:362,43,1,4
BRDA:362,44,0,4
BRDA:362,44,1,54
BRDA:362,45,0,58
BRDA:362,45,1,58
BRDA:362,46,0,2
BRDA:362,46,1,56
BRDA:362,47,0,58
BRDA:362,47,1,58
BRDA:378,48,0,0
BRDA:378,48,1,50
BRDA:378,49,0,50
BRDA:378,49,1,50
BRDA:378,50,0,0
BRDA:378,50,1,50
BRDA:378,51,0,50
BRDA:378,51,1,50
BRDA:379,52,0,49
BRDA:379,52,1,1
BRDA:380,53,0,1
BRDA:380,53,1,49
BRDA:380,54,0,50
BRDA:380,54,1,49
BRDA:382,55,0,1
BRF:93
BRH:88
end_of_record
TN:
SF:pages/api/signup/index.ts
FN:24,(anonymous_14)
FN:24,(anonymous_15)
FN:59,(anonymous_16)
FN:59,(anonymous_17)
FNF:4
FNH:4
FNDA:5,(anonymous_14)
FNDA:5,(anonymous_15)
FNDA:2,(anonymous_16)
FNDA:2,(anonymous_17)
DA:1,1
DA:2,1
DA:4,1
DA:5,1
DA:6,1
DA:7,1
DA:8,1
DA:9,1
DA:10,1
DA:11,1
DA:12,1
DA:13,1
DA:15,1
DA:17,1
DA:24,5
DA:25,5
DA:27,5
DA:29,5
DA:30,5
DA:32,5
DA:34,2
DA:35,1
DA:37,1
DA:39,1
DA:45,3
DA:46,3
DA:48,3
DA:49,1
DA:54,2
DA:56,2
DA:57,2
DA:59,2
DA:60,2
DA:81,1
DA:83,1
DA:85,1
DA:87,1
DA:90,1
DA:91,1
DA:93,1
LF:40
LH:40
BRDA:32,0,0,2
BRDA:34,1,0,1
BRDA:34,1,1,1
BRDA:37,2,0,1
BRDA:37,2,1,0
BRDA:48,3,0,1
BRDA:87,4,0,0
BRDA:87,4,1,1
BRDA:87,5,0,1
BRDA:87,5,1,1
BRF:10
BRH:8
end_of_record
TN:
SF:pages/api/stats/index.ts
FN:24,issueAchievements
FN:63,(anonymous_9)
FN:63,(anonymous_10)
FN:121,(anonymous_11)
FN:121,(anonymous_12)
FN:221,(anonymous_13)
FN:224,(anonymous_14)
FNF:7
FNH:7
FNDA:27,issueAchievements
FNDA:39,(anonymous_9)
FNDA:39,(anonymous_10)
FNDA:24,(anonymous_11)
FNDA:24,(anonymous_12)
FNDA:5,(anonymous_13)
FNDA:5,(anonymous_14)
DA:1,7
DA:2,7
DA:4,7
DA:5,7
DA:6,7
DA:7,7
DA:8,7
DA:9,7
DA:10,7
DA:11,7
DA:12,7
DA:13,7
DA:14,7
DA:18,7
DA:19,7
DA:20,7
DA:21,7
DA:22,7
DA:24,7
DA:25,27
DA:27,27
DA:28,0
DA:31,27
DA:32,0
DA:35,27
DA:36,0
DA:39,27
DA:40,0
DA:43,27
DA:44,0
DA:47,27
DA:48,0
DA:51,27
DA:54,7
DA:63,39
DA:64,39
DA:65,1
DA:67,1
DA:69,1
DA:70,38
DA:71,38
DA:73,38
DA:78,38
DA:83,38
DA:84,2
DA:89,36
DA:90,8
DA:95,28
DA:98,28
DA:99,4
DA:100,3
DA:104,3
DA:109,25
DA:110,1
DA:113,24
DA:115,24
DA:117,24
DA:118,24
DA:120,24
DA:121,24
DA:122,24
DA:124,17
DA:134,17
DA:136,16
DA:142,7
DA:144,6
DA:155,5
DA:157,4
DA:158,4
DA:165,1
DA:169,23
DA:170,17
DA:173,17
DA:174,5
DA:177,5
DA:179,3
DA:183,5
DA:184,2
DA:189,17
DA:196,17
DA:203,17
DA:208,17
DA:210,17
DA:219,17
DA:221,5
DA:223,4
DA:224,5
DA:227,4
DA:232,4
DA:235,17
DA:238,23
DA:240,1
DA:241,1
DA:243,1
DA:246,23
DA:248,23
DA:250,2
DA:253,23
DA:255,23
DA:257,17
DA:264,23
DA:266,23
LF:102
LH:96
BRDA:27,0,0,0
BRDA:31,1,0,0
BRDA:35,2,0,0
BRDA:39,3,0,0
BRDA:43,4,0,0
BRDA:47,5,0,0
BRDA:64,6,0,1
BRDA:64,6,1,38
BRDA:69,7,0,1
BRDA:69,7,1,0
BRDA:69,8,0,1
BRDA:69,8,1,1
BRDA:70,9,0,38
BRDA:83,10,0,2
BRDA:83,11,0,38
BRDA:83,11,1,37
BRDA:83,11,2,18
BRDA:89,12,0,8
BRDA:98,13,0,4
BRDA:99,14,0,3
BRDA:99,15,0,4
BRDA:99,15,1,2
BRDA:109,16,0,1
BRDA:109,17,0,25
BRDA:109,17,1,25
BRDA:122,18,0,17
BRDA:122,18,1,7
BRDA:134,19,0,16
BRDA:142,20,0,6
BRDA:142,20,1,1
BRDA:155,21,0,4
BRDA:155,22,0,5
BRDA:155,22,1,4
BRDA:169,23,0,17
BRDA:173,24,0,5
BRDA:173,25,0,17
BRDA:173,25,1,8
BRDA:174,26,0,0
BRDA:174,26,1,5
BRDA:174,27,0,5
BRDA:174,27,1,5
BRDA:174,28,0,5
BRDA:174,28,1,0
BRDA:174,29,0,5
BRDA:174,29,1,5
BRDA:177,30,0,3
BRDA:183,31,0,2
BRDA:219,32,0,4
BRDA:219,33,0,17
BRDA:219,33,1,17
BRDA:248,34,0,2
BRDA:248,35,0,23
BRDA:248,35,1,21
BRDA:255,36,0,17
BRDA:259,37,0,0
BRDA:259,37,1,17
BRDA:259,38,0,17
BRDA:259,38,1,17
BRF:58
BRH:48
end_of_record
TN:
SF:pages/api/unpublish/[id].ts
FN:25,(anonymous_14)
FN:25,(anonymous_15)
FN:59,(anonymous_16)
FN:59,(anonymous_17)
FN:67,(anonymous_18)
FN:67,(anonymous_19)
FNF:6
FNH:6
FNDA:10,(anonymous_14)
FNDA:10,(anonymous_15)
FNDA:8,(anonymous_16)
FNDA:8,(anonymous_17)
FNDA:5,(anonymous_18)
FNDA:4,(anonymous_19)
DA:1,5
DA:3,5
DA:4,5
DA:5,5
DA:6,5
DA:7,5
DA:8,5
DA:9,5
DA:10,5
DA:11,5
DA:16,5
DA:17,5
DA:18,5
DA:19,5
DA:21,5
DA:25,10
DA:26,10
DA:27,10
DA:29,10
DA:30,1
DA:35,9
DA:36,1
DA:41,8
DA:45,8
DA:56,8
DA:58,8
DA:59,8
DA:61,8
DA:63,2
DA:66,8
DA:67,7
DA:68,7
DA:70,7
DA:71,0
DA:74,7
DA:75,7
DA:77,7
DA:79,7
DA:110,7
DA:113,7
DA:120,7
DA:122,7
DA:123,1
DA:127,7
DA:129,1
DA:130,1
DA:132,1
DA:135,7
DA:140,7
LF:49
LH:48
BRDA:29,0,0,1
BRDA:35,1,0,1
BRDA:61,2,0,2
BRDA:61,3,0,8
BRDA:61,3,1,4
BRDA:70,4,0,0
BRF:6
BRH:5
end_of_record
TN:
SF:pages/api/user/image.ts
FN:20,(anonymous_8)
FN:20,(anonymous_9)
FN:47,(anonymous_10)
FN:48,(anonymous_11)
FNF:4
FNH:0
FNDA:0,(anonymous_8)
FNDA:0,(anonymous_9)
FNDA:0,(anonymous_10)
FNDA:0,(anonymous_11)
DA:1,0
DA:2,0
DA:4,0
DA:5,0
DA:6,0
DA:7,0
DA:8,0
DA:9,0
DA:10,0
DA:12,0
DA:20,0
DA:21,0
DA:22,0
DA:27,0
DA:30,0
DA:31,0
DA:36,0
DA:37,0
DA:42,0
DA:44,0
DA:45,0
DA:47,0
DA:48,0
DA:49,0
DA:50,0
DA:52,0
DA:57,0
DA:58,0
DA:63,0
DA:64,0
DA:69,0
DA:71,0
DA:87,0
DA:89,0
DA:91,0
LF:35
LH:0
BRDA:21,0,0,0
BRDA:30,1,0,0
BRDA:30,2,0,0
BRDA:30,2,1,0
BRDA:36,3,0,0
BRDA:49,4,0,0
BRDA:57,5,0,0
BRDA:72,6,0,0
BRDA:72,6,1,0
BRF:9
BRH:0
end_of_record
TN:
SF:pages/api/user/index.ts
FN:32,(anonymous_14)
FN:32,(anonymous_15)
FN:136,(anonymous_16)
FN:136,(anonymous_17)
FNF:4
FNH:4
FNDA:15,(anonymous_14)
FNDA:15,(anonymous_15)
FNDA:2,(anonymous_16)
FNDA:2,(anonymous_17)
DA:1,5
DA:2,5
DA:3,5
DA:5,5
DA:6,5
DA:7,5
DA:8,5
DA:9,5
DA:10,5
DA:11,5
DA:12,5
DA:13,5
DA:14,5
DA:15,5
DA:17,5
DA:18,5
DA:20,5
DA:32,15
DA:33,15
DA:34,6
DA:36,6
DA:42,6
DA:44,6
DA:48,9
DA:49,7
DA:58,7
DA:60,7
DA:61,2
DA:63,2
DA:64,1
DA:69,1
DA:70,1
DA:72,1
DA:74,5
DA:76,5
DA:77,2
DA:80,5
DA:81,3
DA:84,5
DA:85,2
DA:88,5
DA:90,5
DA:91,3
DA:94,5
DA:95,5
DA:97,1
DA:100,4
DA:102,3
DA:106,3
DA:107,13
DA:109,13
DA:113,3
DA:117,3
DA:118,6
DA:120,6
DA:123,3
DA:126,4
DA:128,2
DA:129,2
DA:131,2
DA:132,2
DA:133,2
DA:135,2
DA:136,2
DA:137,2
DA:141,2
DA:142,5
DA:144,5
DA:152,2
DA:166,2
DA:200,2
DA:202,0
DA:203,0
DA:205,0
DA:208,2
DA:210,2
DA:212,2
LF:77
LH:74
BRDA:33,0,0,6
BRDA:33,0,1,9
BRDA:48,1,0,7
BRDA:48,1,1,2
BRDA:60,2,0,2
BRDA:60,2,1,5
BRDA:63,3,0,1
BRDA:76,4,0,2
BRDA:80,5,0,3
BRDA:84,6,0,2
BRDA:88,7,0,2
BRDA:88,7,1,3
BRDA:88,8,0,5
BRDA:88,8,1,5
BRDA:90,9,0,3
BRDA:100,10,0,3
BRDA:128,11,0,2
BRDA:208,12,0,1
BRDA:208,12,1,1
BRDA:208,13,0,2
BRDA:208,13,1,2
BRF:21
BRH:21
end_of_record
TN:
SF:pages/api/user/search.ts
FN:10,(anonymous_14)
FN:10,(anonymous_15)
FN:25,(anonymous_16)
FNF:3
FNH:3
FNDA:4,(anonymous_14)
FNDA:4,(anonymous_15)
FNDA:5,(anonymous_16)
DA:2,1
DA:3,1
DA:4,1
DA:6,1
DA:10,4
DA:11,4
DA:12,4
DA:14,4
DA:15,1
DA:18,3
DA:25,5
DA:27,3
LF:12
LH:12
BRDA:14,0,0,1
BRF:1
BRH:1
end_of_record
TN:
SF:pages/api/user-by-id/[id].ts
FN:13,(anonymous_14)
FN:13,(anonymous_15)
FN:26,getUserById
FNF:3
FNH:3
FNDA:3,(anonymous_14)
FNDA:3,(anonymous_15)
FNDA:3,getUserById
DA:2,1
DA:3,1
DA:4,1
DA:5,1
DA:7,1
DA:9,1
DA:13,3
DA:14,3
DA:15,3
DA:17,3
DA:18,2
DA:23,1
DA:26,1
DA:27,3
DA:29,3
DA:30,3
DA:32,2
DA:33,1
DA:36,2
DA:38,1
DA:40,1
LF:21
LH:21
BRDA:17,0,0,2
BRDA:32,1,0,1
BRF:2
BRH:2
end_of_record
TN:
SF:pages/api/user-config/index.ts
FN:10,getUserConfig
FN:34,(anonymous_10)
FN:34,(anonymous_11)
FNF:3
FNH:3
FNDA:8,getUserConfig
FNDA:5,(anonymous_10)
FNDA:5,(anonymous_11)
DA:1,6
DA:3,6
DA:4,6
DA:5,6
DA:6,6
DA:7,6
DA:8,6
DA:10,6
DA:11,8
DA:13,8
DA:14,1
DA:21,8
DA:24,6
DA:34,5
DA:35,5
DA:36,2
DA:38,2
DA:40,2
DA:41,3
DA:47,3
DA:49,3
DA:51,3
DA:52,1
DA:55,3
DA:56,0
DA:59,3
DA:60,2
DA:63,3
DA:64,1
DA:68,3
DA:69,1
DA:72,2
DA:74,2
DA:75,2
DA:82,1
DA:84,1
DA:87,1
LF:37
LH:36
BRDA:13,0,0,1
BRDA:35,1,0,2
BRDA:35,1,1,3
BRDA:41,2,0,3
BRDA:51,3,0,1
BRDA:55,4,0,0
BRDA:59,5,0,2
BRDA:63,6,0,1
BRDA:68,7,0,1
BRF:9
BRH:8
end_of_record
TN:
SF:pages/campaign/[slug].tsx
FN:22,getServerSideProps
FN:73,(anonymous_16)
FNF:2
FNH:2
FNDA:6,getServerSideProps
FNDA:2,(anonymous_16)
DA:3,1
DA:4,1
DA:5,1
DA:6,1
DA:7,1
DA:8,1
DA:9,1
DA:10,1
DA:11,1
DA:14,1
DA:16,1
DA:22,1
DA:23,6
DA:25,6
DA:26,1
DA:34,5
DA:36,5
DA:37,1
DA:43,4
DA:44,1
DA:52,3
DA:53,3
DA:54,3
DA:65,3
DA:66,1
DA:68,1
DA:73,2
DA:75,2
DA:89,1
LF:29
LH:29
BRDA:25,0,0,1
BRDA:36,1,0,1
BRDA:36,1,1,4
BRDA:36,2,0,5
BRDA:36,2,1,4
BRDA:43,3,0,1
BRDA:52,4,0,1
BRDA:52,4,1,2
BRDA:52,5,0,3
BRDA:52,5,1,3
BRDA:52,6,0,1
BRDA:52,6,1,2
BRDA:52,7,0,3
BRDA:52,7,1,3
BRDA:53,8,0,2
BRDA:53,8,1,1
BRDA:65,9,0,1
BRF:17
BRH:17
end_of_record
TN:
SF:pages/campaigns/index.tsx
FN:15,getServerSideProps
FN:40,(anonymous_16)
FNF:2
FNH:2
FNDA:3,getServerSideProps
FNDA:2,(anonymous_16)
DA:2,1
DA:3,1
DA:4,1
DA:5,1
DA:6,1
DA:7,1
DA:8,1
DA:9,1
DA:11,1
DA:13,1
DA:15,1
DA:16,3
DA:18,3
DA:19,3
DA:21,3
DA:32,3
DA:33,1
DA:35,1
DA:40,2
DA:42,2
DA:63,1
LF:21
LH:21
BRDA:18,0,0,2
BRDA:18,0,1,1
BRDA:18,1,0,3
BRDA:18,1,1,3
BRDA:18,2,0,2
BRDA:18,2,1,1
BRDA:18,3,0,3
BRDA:18,3,1,3
BRDA:19,4,0,1
BRDA:19,4,1,2
BRDA:32,5,0,1
BRF:11
BRH:11
end_of_record
TN:
SF:pages/collection/[username]/[slugName].tsx
FN:31,getServerSideProps
FNF:1
FNH:1
FNDA:5,getServerSideProps
DA:2,1
DA:3,1
DA:5,1
DA:6,1
DA:7,1
DA:8,1
DA:9,1
DA:10,1
DA:11,1
DA:12,1
DA:13,1
DA:14,1
DA:15,1
DA:16,1
DA:17,1
DA:18,1
DA:19,1
DA:23,1
DA:24,1
DA:31,1
DA:32,5
DA:34,5
DA:35,1
DA:43,4
DA:45,4
DA:46,1
DA:54,3
DA:55,3
DA:56,3
DA:58,3
DA:59,1
DA:61,1
DA:66,2
DA:67,2
DA:69,2
DA:71,2
DA:83,1
LF:37
LH:37
BRDA:34,0,0,1
BRDA:45,1,0,1
BRDA:45,2,0,4
BRDA:45,2,1,3
BRDA:45,2,2,3
BRDA:54,3,0,1
BRDA:54,3,1,2
BRDA:54,4,0,3
BRDA:54,4,1,3
BRDA:54,5,0,1
BRDA:54,5,1,2
BRDA:54,6,0,3
BRDA:54,6,1,3
BRDA:55,7,0,2
BRDA:55,7,1,1
BRDA:58,8,0,1
BRF:16
BRH:16
end_of_record
TN:
SF:pages/create/index.tsx
FN:10,getServerSideProps
FNF:1
FNH:1
FNDA:2,getServerSideProps
DA:2,1
DA:3,1
DA:4,1
DA:5,1
DA:6,1
DA:7,1
DA:10,1
DA:11,2
DA:15,1
LF:9
LH:9
BRF:0
BRH:0
end_of_record
TN:
SF:pages/edit/collection/[id].tsx
FN:19,getServerSideProps
FNF:1
FNH:1
FNDA:2,getServerSideProps
DA:2,1
DA:3,1
DA:4,1
DA:5,1
DA:6,1
DA:7,1
DA:8,1
DA:9,1
DA:10,1
DA:11,1
DA:12,1
DA:13,1
DA:17,1
DA:19,1
DA:20,2
DA:24,1
LF:16
LH:16
BRF:0
BRH:0
end_of_record
TN:
SF:pages/forgot-password/index.tsx
FN:7,getServerSideProps
FNF:1
FNH:1
FNDA:2,getServerSideProps
DA:2,1
DA:3,1
DA:4,1
DA:5,1
DA:7,1
DA:8,2
DA:12,1
LF:7
LH:7
BRF:0
BRH:0
end_of_record
TN:
SF:pages/home/index.tsx
FN:19,getTopLevelsThisMonth
FN:31,getRecommendedEasyLevel
FN:56,getRecommendedPendingLevel
FN:77,getServerSideProps
FNF:4
FNH:4
FNDA:1,getTopLevelsThisMonth
FNDA:1,getRecommendedEasyLevel
FNDA:1,getRecommendedPendingLevel
FNDA:3,getServerSideProps
DA:2,1
DA:3,1
DA:4,1
DA:5,1
DA:6,1
DA:7,1
DA:11,1
DA:12,1
DA:13,1
DA:14,1
DA:15,1
DA:16,1
DA:20,1
DA:26,1
DA:28,1
DA:32,1
DA:44,1
DA:45,1
DA:47,1
DA:48,1
DA:51,0
DA:53,0
DA:57,1
DA:65,1
DA:66,1
DA:68,1
DA:69,0
DA:72,1
DA:74,1
DA:77,1
DA:78,3
DA:79,3
DA:81,3
DA:82,2
DA:98,1
DA:108,1
DA:135,1
LF:37
LH:34
BRDA:28,0,0,0
BRDA:28,0,1,1
BRDA:28,1,0,1
BRDA:28,1,1,1
BRDA:45,2,0,0
BRDA:45,2,1,1
BRDA:45,3,0,1
BRDA:45,3,1,1
BRDA:47,4,0,1
BRDA:47,5,0,1
BRDA:47,5,1,1
BRDA:66,6,0,0
BRDA:66,6,1,1
BRDA:66,7,0,1
BRDA:66,7,1,1
BRDA:68,8,0,0
BRDA:68,9,0,1
BRDA:68,9,1,1
BRDA:78,10,0,2
BRDA:78,10,1,1
BRDA:78,11,0,3
BRDA:78,11,1,3
BRDA:78,12,0,1
BRDA:78,12,1,2
BRDA:78,13,0,3
BRDA:78,13,1,3
BRDA:79,14,0,1
BRDA:79,14,1,2
BRDA:81,15,0,2
BRF:29
BRH:25
end_of_record
TN:
SF:pages/login/index.tsx
FN:8,getServerSideProps
FNF:1
FNH:1
FNDA:2,getServerSideProps
DA:2,1
DA:3,1
DA:4,1
DA:5,1
DA:6,1
DA:8,1
DA:9,2
DA:13,1
LF:8
LH:8
BRF:0
BRH:0
end_of_record
TN:
SF:pages/match/[matchId]/index.tsx
FN:22,getServerSideProps
FNF:1
FNH:1
FNDA:2,getServerSideProps
DA:1,1
DA:3,1
DA:4,1
DA:5,1
DA:6,1
DA:7,1
DA:8,1
DA:9,1
DA:10,1
DA:11,1
DA:12,1
DA:13,1
DA:14,1
DA:15,1
DA:16,1
DA:19,1
DA:22,1
DA:23,2
DA:24,2
DA:26,2
DA:28,1
DA:36,1
DA:42,1
LF:23
LH:23
BRDA:23,0,0,1
BRDA:23,0,1,1
BRDA:23,1,0,2
BRDA:23,1,1,2
BRDA:23,2,0,1
BRDA:23,2,1,1
BRDA:23,3,0,2
BRDA:23,3,1,2
BRDA:24,4,0,1
BRDA:24,4,1,1
BRDA:26,5,0,1
BRF:11
BRH:11
end_of_record
TN:
SF:pages/multiplayer/index.tsx
FN:20,getServerSideProps
FNF:1
FNH:1
FNDA:2,getServerSideProps
DA:2,1
DA:4,1
DA:5,1
DA:6,1
DA:7,1
DA:8,1
DA:9,1
DA:10,1
DA:11,1
DA:12,1
DA:13,1
DA:14,1
DA:15,1
DA:18,1
DA:20,1
DA:21,2
DA:22,2
DA:24,2
DA:26,1
DA:34,1
DA:40,1
LF:21
LH:21
BRDA:21,0,0,1
BRDA:21,0,1,1
BRDA:21,1,0,2
BRDA:21,1,1,2
BRDA:21,2,0,1
BRDA:21,2,1,1
BRDA:21,3,0,2
BRDA:21,3,1,2
BRDA:22,4,0,1
BRDA:22,4,1,1
BRDA:24,5,0,1
BRF:11
BRH:11
end_of_record
TN:
SF:pages/notifications/index.tsx
FN:33,getServerSideProps
FNF:1
FNH:1
FNDA:4,getServerSideProps
DA:3,1
DA:5,1
DA:6,1
DA:7,1
DA:8,1
DA:9,1
DA:10,1
DA:11,1
DA:12,1
DA:14,1
DA:16,1
DA:28,1
DA:33,1
DA:34,4
DA:36,4
DA:37,4
DA:39,4
DA:40,1
DA:48,3
DA:49,3
DA:54,3
DA:56,3
DA:57,2
DA:60,3
DA:64,3
DA:66,3
DA:82,1
LF:27
LH:27
BRDA:36,0,0,1
BRDA:36,0,1,3
BRDA:36,1,0,4
BRDA:36,1,1,4
BRDA:36,2,0,1
BRDA:36,2,1,3
BRDA:36,3,0,4
BRDA:36,3,1,4
BRDA:37,4,0,3
BRDA:37,4,1,1
BRDA:39,5,0,1
BRDA:50,6,0,1
BRDA:50,6,1,2
BRDA:51,7,0,2
BRDA:51,7,1,1
BRDA:51,8,0,3
BRDA:51,8,1,2
BRDA:56,9,0,2
BRF:18
BRH:18
end_of_record
TN:
SF:pages/play/index.tsx
FN:24,getServerSideProps
FN:150,(anonymous_16)
FNF:2
FNH:2
FNDA:3,getServerSideProps
FNDA:1,(anonymous_16)
DA:4,1
DA:5,1
DA:6,1
DA:7,1
DA:8,1
DA:9,1
DA:10,1
DA:11,1
DA:12,1
DA:13,1
DA:14,1
DA:18,1
DA:19,1
DA:20,1
DA:22,1
DA:24,1
DA:25,3
DA:27,3
DA:28,3
DA:30,3
DA:31,1
DA:39,2
DA:105,2
DA:106,1
DA:108,1
DA:113,1
DA:115,1
DA:117,1
DA:118,1
DA:120,1
DA:121,1
DA:125,1
DA:127,1
DA:128,1
DA:129,1
DA:133,1
DA:134,1
DA:136,1
DA:137,2
DA:140,2
DA:141,1
DA:144,1
DA:145,1
DA:148,1
DA:150,1
DA:152,1
DA:153,1
DA:154,1
DA:155,1
DA:158,1
DA:179,1
LF:51
LH:51
BRDA:27,0,0,1
BRDA:27,0,1,2
BRDA:27,1,0,3
BRDA:27,1,1,3
BRDA:27,2,0,1
BRDA:27,2,1,2
BRDA:27,3,0,3
BRDA:27,3,1,3
BRDA:28,4,0,2
BRDA:28,4,1,1
BRDA:30,5,0,1
BRDA:105,6,0,1
BRDA:105,7,0,2
BRDA:105,7,1,2
BRDA:127,8,0,1
BRDA:140,9,0,1
BRF:16
BRH:16
end_of_record
TN:
SF:pages/profile/[name]/[[...tab]]/index.tsx
FN:49,(anonymous_14)
FN:63,getCompletionByDifficultyTable
FN:65,(anonymous_17)
FN:121,(anonymous_18)
FN:128,getServerSideProps
FN:229,(anonymous_21)
FNF:6
FNH:6
FNDA:1,(anonymous_14)
FNDA:3,getCompletionByDifficultyTable
FNDA:33,(anonymous_17)
FNDA:3,(anonymous_18)
FNDA:11,getServerSideProps
FNDA:2,(anonymous_21)
DA:1,1
DA:2,1
DA:4,1
DA:5,1
DA:6,1
DA:8,1
DA:9,1
DA:10,1
DA:11,1
DA:12,1
DA:13,1
DA:14,1
DA:15,1
DA:16,1
DA:17,1
DA:18,1
DA:19,1
DA:20,1
DA:21,1
DA:22,1
DA:23,1
DA:24,1
DA:25,1
DA:26,1
DA:27,1
DA:28,1
DA:29,1
DA:30,1
DA:31,1
DA:32,1
DA:33,1
DA:34,1
DA:40,1
DA:41,1
DA:43,1
DA:44,1
DA:45,1
DA:47,1
DA:49,1
DA:50,1
DA:51,1
DA:52,1
DA:53,1
DA:54,1
DA:55,1
DA:64,3
DA:65,33
DA:67,3
DA:119,3
DA:121,3
DA:122,3
DA:125,3
DA:128,1
DA:129,11
DA:130,1
DA:133,10
DA:134,10
DA:135,10
DA:136,10
DA:138,10
DA:139,1
DA:144,9
DA:146,9
DA:148,9
DA:150,9
DA:151,1
DA:156,8
DA:158,8
DA:171,8
DA:184,8
DA:202,8
DA:203,3
DA:204,1
DA:217,1
DA:221,8
DA:222,1
DA:229,2
DA:231,1
DA:234,8
DA:235,2
DA:241,2
DA:242,2
DA:243,2
DA:247,2
DA:249,2
DA:256,2
DA:257,1
DA:260,1
DA:261,1
DA:262,1
DA:265,7
DA:294,1
LF:92
LH:92
BRDA:49,0,0,1
BRDA:49,0,1,1
BRDA:129,1,0,1
BRDA:134,2,0,7
BRDA:134,2,1,3
BRDA:134,3,0,10
BRDA:134,3,1,10
BRDA:134,4,0,7
BRDA:134,4,1,3
BRDA:134,5,0,10
BRDA:134,5,1,10
BRDA:135,6,0,3
BRDA:135,6,1,7
BRDA:136,7,0,3
BRDA:136,7,1,7
BRDA:136,8,0,7
BRDA:136,8,1,3
BRDA:136,9,0,10
BRDA:136,9,1,10
BRDA:138,10,0,1
BRDA:138,11,0,10
BRDA:138,11,1,6
BRDA:144,12,0,4
BRDA:144,12,1,5
BRDA:150,13,0,1
BRDA:172,14,0,0
BRDA:172,14,1,8
BRDA:176,15,0,3
BRDA:176,15,1,5
BRDA:178,16,0,1
BRDA:178,16,1,7
BRDA:179,17,0,1
BRDA:179,17,1,7
BRDA:193,18,0,3
BRDA:193,18,1,5
BRDA:194,19,0,8
BRDA:194,19,1,8
BRDA:202,20,0,3
BRDA:203,21,0,1
BRDA:203,22,0,3
BRDA:203,22,1,1
BRDA:221,23,0,1
BRDA:234,24,0,2
BRDA:241,25,0,2
BRDA:241,26,0,2
BRDA:241,26,1,2
BRDA:249,27,0,1
BRDA:249,27,1,1
BRDA:249,28,0,2
BRDA:249,28,1,1
BRDA:256,29,0,1
BRF:51
BRH:50
end_of_record
TN:
SF:pages/reset-password/[userId]/[token].tsx
FN:8,getServerSideProps
FNF:1
FNH:1
FNDA:2,getServerSideProps
DA:2,1
DA:3,1
DA:4,1
DA:5,1
DA:6,1
DA:8,1
DA:9,2
DA:13,1
LF:8
LH:8
BRF:0
BRH:0
end_of_record
TN:
SF:pages/search/index.tsx
FN:28,(anonymous_14)
FN:68,getServerSideProps
FNF:2
FNH:2
FNDA:5,(anonymous_14)
FNDA:4,getServerSideProps
DA:1,5
DA:2,5
DA:3,5
DA:5,5
DA:6,5
DA:7,5
DA:9,5
DA:10,5
DA:11,5
DA:12,5
DA:13,5
DA:14,5
DA:15,5
DA:16,5
DA:17,5
DA:18,5
DA:19,5
DA:20,5
DA:21,5
DA:22,5
DA:23,5
DA:26,5
DA:28,5
DA:29,5
DA:30,5
DA:31,5
DA:32,5
DA:53,5
DA:68,5
DA:69,4
DA:71,4
DA:72,4
DA:73,4
DA:75,4
DA:76,1
DA:77,1
DA:81,4
DA:83,4
DA:84,1
DA:87,3
DA:105,5
LF:41
LH:41
BRDA:28,0,0,5
BRDA:28,0,1,5
BRDA:71,1,0,3
BRDA:71,1,1,1
BRDA:71,2,0,4
BRDA:71,2,1,4
BRDA:71,3,0,3
BRDA:71,3,1,1
BRDA:71,4,0,4
BRDA:71,4,1,4
BRDA:72,5,0,1
BRDA:72,5,1,3
BRDA:75,6,0,1
BRDA:75,7,0,4
BRDA:75,7,1,4
BRDA:81,8,0,3
BRDA:81,8,1,1
BRDA:81,9,0,4
BRDA:81,9,1,1
BRDA:83,10,0,1
BRF:20
BRH:20
end_of_record
TN:
SF:pages/settings/index.tsx
FN:7,getServerSideProps
FNF:1
FNH:1
FNDA:2,getServerSideProps
DA:2,1
DA:3,1
DA:4,1
DA:5,1
DA:7,1
DA:8,2
DA:12,1
LF:7
LH:7
BRF:0
BRH:0
end_of_record
TN:
SF:pages/signup/index.tsx
FN:8,getServerSideProps
FNF:1
FNH:1
FNDA:2,getServerSideProps
DA:2,1
DA:3,1
DA:4,1
DA:5,1
DA:6,1
DA:8,1
DA:9,2
DA:13,1
LF:8
LH:8
BRF:0
BRH:0
end_of_record
TN:
SF:pages/statistics/index.tsx
FN:57,getServerSideProps
FN:253,(anonymous_16)
FN:269,(anonymous_17)
FNF:3
FNH:3
FNDA:2,getServerSideProps
FNDA:4,(anonymous_16)
FNDA:3,(anonymous_17)
DA:1,1
DA:3,1
DA:4,1
DA:6,1
DA:7,1
DA:8,1
DA:9,1
DA:10,1
DA:11,1
DA:12,1
DA:13,1
DA:14,1
DA:15,1
DA:16,1
DA:17,1
DA:18,1
DA:19,1
DA:22,1
DA:23,1
DA:24,1
DA:26,1
DA:48,1
DA:57,1
DA:58,2
DA:60,2
DA:62,2
DA:63,0
DA:64,0
DA:68,2
DA:71,2
DA:73,2
DA:74,0
DA:80,2
DA:81,2
DA:84,2
DA:85,0
DA:86,0
DA:89,2
DA:91,2
DA:94,0
DA:96,0
DA:100,2
DA:101,2
DA:104,2
DA:105,2
DA:107,2
DA:108,2
DA:111,2
DA:112,2
DA:253,4
DA:266,2
DA:267,1
DA:269,1
DA:270,3
DA:273,1
DA:281,1
DA:283,1
DA:294,1
LF:58
LH:51
BRDA:62,0,0,0
BRDA:62,1,0,2
BRDA:62,1,1,0
BRDA:73,2,0,0
BRDA:73,3,0,2
BRDA:73,3,1,0
BRDA:80,4,0,2
BRDA:84,5,0,0
BRDA:89,6,0,0
BRDA:89,6,1,2
BRDA:91,7,0,0
BRDA:91,8,0,2
BRDA:91,8,1,2
BRDA:91,8,2,2
BRDA:91,8,3,2
BRDA:100,9,0,2
BRDA:107,10,0,2
BRDA:266,11,0,2
BRDA:266,11,1,0
BRDA:266,12,0,0
BRDA:266,12,1,1
BRDA:266,13,0,2
BRDA:266,13,1,1
BRDA:266,14,0,0
BRDA:266,14,1,1
BRDA:266,15,0,2
BRDA:266,15,1,1
BRDA:267,16,0,0
BRDA:267,16,1,1
BRDA:267,17,0,1
BRDA:267,17,1,1
BRF:31
BRH:20
end_of_record
